[2025-02-21T08:26:23.391+0000] {taskinstance.py:1159} INFO - Dependencies all met for dep_context=non-requeueable deps ti=<TaskInstance: kafka_consumer_dag.consume_kafka_messages manual__2025-02-21T08:26:22.824217+00:00 [queued]>
[2025-02-21T08:26:23.401+0000] {taskinstance.py:1159} INFO - Dependencies all met for dep_context=requeueable deps ti=<TaskInstance: kafka_consumer_dag.consume_kafka_messages manual__2025-02-21T08:26:22.824217+00:00 [queued]>
[2025-02-21T08:26:23.401+0000] {taskinstance.py:1361} INFO - Starting attempt 1 of 2
[2025-02-21T08:26:23.420+0000] {taskinstance.py:1382} INFO - Executing <Task(PythonOperator): consume_kafka_messages> on 2025-02-21 08:26:22.824217+00:00
[2025-02-21T08:26:23.429+0000] {standard_task_runner.py:57} INFO - Started process 515 to run task
[2025-02-21T08:26:23.433+0000] {standard_task_runner.py:84} INFO - Running: ['***', 'tasks', 'run', 'kafka_consumer_dag', 'consume_kafka_messages', 'manual__2025-02-21T08:26:22.824217+00:00', '--job-id', '30', '--raw', '--subdir', 'DAGS_FOLDER/consume.py', '--cfg-path', '/tmp/tmpveveef6p']
[2025-02-21T08:26:23.434+0000] {standard_task_runner.py:85} INFO - Job 30: Subtask consume_kafka_messages
[2025-02-21T08:26:23.498+0000] {task_command.py:416} INFO - Running <TaskInstance: kafka_consumer_dag.consume_kafka_messages manual__2025-02-21T08:26:22.824217+00:00 [running]> on host c0c1f1afe7d6
[2025-02-21T08:26:23.626+0000] {taskinstance.py:1662} INFO - Exporting env vars: AIRFLOW_CTX_DAG_OWNER='***' AIRFLOW_CTX_DAG_ID='kafka_consumer_dag' AIRFLOW_CTX_TASK_ID='consume_kafka_messages' AIRFLOW_CTX_EXECUTION_DATE='2025-02-21T08:26:22.824217+00:00' AIRFLOW_CTX_TRY_NUMBER='1' AIRFLOW_CTX_DAG_RUN_ID='manual__2025-02-21T08:26:22.824217+00:00'
[2025-02-21T08:26:23.633+0000] {logging_mixin.py:154} INFO - Consuming messages from topic 'from_mysql_transaction'...
[2025-02-21T08:26:24.634+0000] {logging_mixin.py:154} INFO - 1
[2025-02-21T08:26:25.635+0000] {logging_mixin.py:154} INFO - 1
[2025-02-21T08:26:26.636+0000] {logging_mixin.py:154} INFO - 1
[2025-02-21T08:26:27.636+0000] {logging_mixin.py:154} INFO - 1
[2025-02-21T08:26:28.637+0000] {logging_mixin.py:154} INFO - 1
[2025-02-21T08:26:29.638+0000] {logging_mixin.py:154} INFO - 1
[2025-02-21T08:26:30.639+0000] {logging_mixin.py:154} INFO - 1
[2025-02-21T08:26:31.639+0000] {logging_mixin.py:154} INFO - 1
[2025-02-21T08:26:32.640+0000] {logging_mixin.py:154} INFO - 1
[2025-02-21T08:26:33.641+0000] {logging_mixin.py:154} INFO - 1
[2025-02-21T08:26:33.643+0000] {python.py:194} INFO - Done. Returned value was: None
[2025-02-21T08:26:33.657+0000] {taskinstance.py:1400} INFO - Marking task as SUCCESS. dag_id=kafka_consumer_dag, task_id=consume_kafka_messages, execution_date=20250221T082622, start_date=20250221T082623, end_date=20250221T082633
[2025-02-21T08:26:33.699+0000] {local_task_job_runner.py:228} INFO - Task exited with return code 0
[2025-02-21T08:26:33.719+0000] {taskinstance.py:2778} INFO - 0 downstream tasks scheduled from follow-on schedule check
