[2025-02-21T09:36:06.596+0000] {taskinstance.py:1159} INFO - Dependencies all met for dep_context=non-requeueable deps ti=<TaskInstance: sync_postgres_to_postgres_transaction_and_amount.process_kafka_amount_messages manual__2025-02-21T09:36:05.241996+00:00 [queued]>
[2025-02-21T09:36:06.609+0000] {taskinstance.py:1159} INFO - Dependencies all met for dep_context=requeueable deps ti=<TaskInstance: sync_postgres_to_postgres_transaction_and_amount.process_kafka_amount_messages manual__2025-02-21T09:36:05.241996+00:00 [queued]>
[2025-02-21T09:36:06.610+0000] {taskinstance.py:1361} INFO - Starting attempt 1 of 1
[2025-02-21T09:36:06.624+0000] {taskinstance.py:1382} INFO - Executing <Task(PythonOperator): process_kafka_amount_messages> on 2025-02-21 09:36:05.241996+00:00
[2025-02-21T09:36:06.632+0000] {standard_task_runner.py:57} INFO - Started process 1632 to run task
[2025-02-21T09:36:06.636+0000] {standard_task_runner.py:84} INFO - Running: ['***', 'tasks', 'run', 'sync_postgres_to_postgres_transaction_and_amount', 'process_kafka_amount_messages', 'manual__2025-02-21T09:36:05.241996+00:00', '--job-id', '45', '--raw', '--subdir', 'DAGS_FOLDER/sync_postgres_dag.py', '--cfg-path', '/tmp/tmpfx5kno4l']
[2025-02-21T09:36:06.637+0000] {standard_task_runner.py:85} INFO - Job 45: Subtask process_kafka_amount_messages
[2025-02-21T09:36:06.701+0000] {task_command.py:416} INFO - Running <TaskInstance: sync_postgres_to_postgres_transaction_and_amount.process_kafka_amount_messages manual__2025-02-21T09:36:05.241996+00:00 [running]> on host c0c1f1afe7d6
[2025-02-21T09:36:06.805+0000] {taskinstance.py:1662} INFO - Exporting env vars: AIRFLOW_CTX_DAG_OWNER='***' AIRFLOW_CTX_DAG_ID='sync_postgres_to_postgres_transaction_and_amount' AIRFLOW_CTX_TASK_ID='process_kafka_amount_messages' AIRFLOW_CTX_EXECUTION_DATE='2025-02-21T09:36:05.241996+00:00' AIRFLOW_CTX_TRY_NUMBER='1' AIRFLOW_CTX_DAG_RUN_ID='manual__2025-02-21T09:36:05.241996+00:00'
[2025-02-21T09:36:06.806+0000] {sync_postgres_dag.py:131} INFO - Starting Kafka consumer for amount messages...
[2025-02-21T09:36:06.810+0000] {sync_postgres_dag.py:143} INFO - Connected to Kafka broker at 172.17.0.1:9092
[2025-02-21T09:36:06.815+0000] {sync_postgres_dag.py:148} INFO - Connected to PostgreSQL database at 172.17.0.1:5433
[2025-02-21T09:36:06.817+0000] {sync_postgres_dag.py:162} INFO - Amount table created/verified
[2025-02-21T09:36:06.928+0000] {sync_postgres_dag.py:212} ERROR - Error processing amount message: invalid input syntax for type integer: "dda95b52-4793-469e-9f11-44467d9dea77"
LINE 3:                         VALUES ('dda95b52-4793-469e-9f11-444...
                                        ^

[2025-02-21T09:36:06.929+0000] {sync_postgres_dag.py:212} ERROR - Error processing amount message: current transaction is aborted, commands ignored until end of transaction block

[2025-02-21T09:36:06.930+0000] {sync_postgres_dag.py:212} ERROR - Error processing amount message: current transaction is aborted, commands ignored until end of transaction block

[2025-02-21T09:36:06.931+0000] {sync_postgres_dag.py:212} ERROR - Error processing amount message: current transaction is aborted, commands ignored until end of transaction block

[2025-02-21T09:36:06.933+0000] {sync_postgres_dag.py:212} ERROR - Error processing amount message: current transaction is aborted, commands ignored until end of transaction block

[2025-02-21T09:36:06.934+0000] {sync_postgres_dag.py:212} ERROR - Error processing amount message: current transaction is aborted, commands ignored until end of transaction block

[2025-02-21T09:36:06.935+0000] {sync_postgres_dag.py:212} ERROR - Error processing amount message: current transaction is aborted, commands ignored until end of transaction block

[2025-02-21T09:36:06.937+0000] {sync_postgres_dag.py:212} ERROR - Error processing amount message: current transaction is aborted, commands ignored until end of transaction block

[2025-02-21T09:36:06.937+0000] {sync_postgres_dag.py:212} ERROR - Error processing amount message: current transaction is aborted, commands ignored until end of transaction block

[2025-02-21T09:36:06.938+0000] {sync_postgres_dag.py:212} ERROR - Error processing amount message: current transaction is aborted, commands ignored until end of transaction block

[2025-02-21T09:36:06.939+0000] {sync_postgres_dag.py:212} ERROR - Error processing amount message: current transaction is aborted, commands ignored until end of transaction block

[2025-02-21T09:36:06.940+0000] {sync_postgres_dag.py:212} ERROR - Error processing amount message: current transaction is aborted, commands ignored until end of transaction block

[2025-02-21T09:36:06.941+0000] {sync_postgres_dag.py:212} ERROR - Error processing amount message: current transaction is aborted, commands ignored until end of transaction block

[2025-02-21T09:36:06.942+0000] {sync_postgres_dag.py:212} ERROR - Error processing amount message: current transaction is aborted, commands ignored until end of transaction block

[2025-02-21T09:36:06.944+0000] {sync_postgres_dag.py:212} ERROR - Error processing amount message: current transaction is aborted, commands ignored until end of transaction block

[2025-02-21T09:36:06.944+0000] {sync_postgres_dag.py:212} ERROR - Error processing amount message: current transaction is aborted, commands ignored until end of transaction block

[2025-02-21T09:36:06.945+0000] {sync_postgres_dag.py:212} ERROR - Error processing amount message: current transaction is aborted, commands ignored until end of transaction block

[2025-02-21T09:36:06.947+0000] {sync_postgres_dag.py:212} ERROR - Error processing amount message: current transaction is aborted, commands ignored until end of transaction block

[2025-02-21T09:36:06.948+0000] {sync_postgres_dag.py:212} ERROR - Error processing amount message: current transaction is aborted, commands ignored until end of transaction block

[2025-02-21T09:36:06.949+0000] {sync_postgres_dag.py:212} ERROR - Error processing amount message: current transaction is aborted, commands ignored until end of transaction block

[2025-02-21T09:36:06.949+0000] {sync_postgres_dag.py:212} ERROR - Error processing amount message: current transaction is aborted, commands ignored until end of transaction block

[2025-02-21T09:36:06.950+0000] {sync_postgres_dag.py:212} ERROR - Error processing amount message: current transaction is aborted, commands ignored until end of transaction block

[2025-02-21T09:36:06.952+0000] {sync_postgres_dag.py:212} ERROR - Error processing amount message: current transaction is aborted, commands ignored until end of transaction block

[2025-02-21T09:36:06.953+0000] {sync_postgres_dag.py:212} ERROR - Error processing amount message: current transaction is aborted, commands ignored until end of transaction block

[2025-02-21T09:36:06.955+0000] {sync_postgres_dag.py:212} ERROR - Error processing amount message: current transaction is aborted, commands ignored until end of transaction block

[2025-02-21T09:36:06.957+0000] {sync_postgres_dag.py:212} ERROR - Error processing amount message: current transaction is aborted, commands ignored until end of transaction block

[2025-02-21T09:36:06.958+0000] {sync_postgres_dag.py:212} ERROR - Error processing amount message: current transaction is aborted, commands ignored until end of transaction block

[2025-02-21T09:36:06.960+0000] {sync_postgres_dag.py:212} ERROR - Error processing amount message: current transaction is aborted, commands ignored until end of transaction block

[2025-02-21T09:36:06.961+0000] {sync_postgres_dag.py:212} ERROR - Error processing amount message: current transaction is aborted, commands ignored until end of transaction block

[2025-02-21T09:36:06.963+0000] {sync_postgres_dag.py:212} ERROR - Error processing amount message: current transaction is aborted, commands ignored until end of transaction block

[2025-02-21T09:36:06.964+0000] {sync_postgres_dag.py:212} ERROR - Error processing amount message: current transaction is aborted, commands ignored until end of transaction block

[2025-02-21T09:36:06.965+0000] {sync_postgres_dag.py:212} ERROR - Error processing amount message: current transaction is aborted, commands ignored until end of transaction block

[2025-02-21T09:36:06.966+0000] {sync_postgres_dag.py:212} ERROR - Error processing amount message: current transaction is aborted, commands ignored until end of transaction block

[2025-02-21T09:36:06.967+0000] {sync_postgres_dag.py:212} ERROR - Error processing amount message: current transaction is aborted, commands ignored until end of transaction block

[2025-02-21T09:36:06.969+0000] {sync_postgres_dag.py:212} ERROR - Error processing amount message: current transaction is aborted, commands ignored until end of transaction block

[2025-02-21T09:36:06.970+0000] {sync_postgres_dag.py:212} ERROR - Error processing amount message: current transaction is aborted, commands ignored until end of transaction block

[2025-02-21T09:36:06.971+0000] {sync_postgres_dag.py:212} ERROR - Error processing amount message: current transaction is aborted, commands ignored until end of transaction block

[2025-02-21T09:36:06.973+0000] {sync_postgres_dag.py:212} ERROR - Error processing amount message: current transaction is aborted, commands ignored until end of transaction block

[2025-02-21T09:36:06.974+0000] {sync_postgres_dag.py:212} ERROR - Error processing amount message: current transaction is aborted, commands ignored until end of transaction block

[2025-02-21T09:36:06.975+0000] {sync_postgres_dag.py:212} ERROR - Error processing amount message: current transaction is aborted, commands ignored until end of transaction block

[2025-02-21T09:36:06.976+0000] {sync_postgres_dag.py:212} ERROR - Error processing amount message: current transaction is aborted, commands ignored until end of transaction block

[2025-02-21T09:36:06.977+0000] {sync_postgres_dag.py:212} ERROR - Error processing amount message: current transaction is aborted, commands ignored until end of transaction block

[2025-02-21T09:36:06.978+0000] {sync_postgres_dag.py:212} ERROR - Error processing amount message: current transaction is aborted, commands ignored until end of transaction block

[2025-02-21T09:36:06.979+0000] {sync_postgres_dag.py:212} ERROR - Error processing amount message: current transaction is aborted, commands ignored until end of transaction block

[2025-02-21T09:36:06.980+0000] {sync_postgres_dag.py:212} ERROR - Error processing amount message: current transaction is aborted, commands ignored until end of transaction block

[2025-02-21T09:36:06.982+0000] {sync_postgres_dag.py:212} ERROR - Error processing amount message: current transaction is aborted, commands ignored until end of transaction block

[2025-02-21T09:36:06.983+0000] {sync_postgres_dag.py:212} ERROR - Error processing amount message: current transaction is aborted, commands ignored until end of transaction block

[2025-02-21T09:36:06.984+0000] {sync_postgres_dag.py:212} ERROR - Error processing amount message: current transaction is aborted, commands ignored until end of transaction block

[2025-02-21T09:36:06.985+0000] {sync_postgres_dag.py:212} ERROR - Error processing amount message: current transaction is aborted, commands ignored until end of transaction block

[2025-02-21T09:36:06.986+0000] {sync_postgres_dag.py:212} ERROR - Error processing amount message: current transaction is aborted, commands ignored until end of transaction block

[2025-02-21T09:36:06.987+0000] {sync_postgres_dag.py:212} ERROR - Error processing amount message: current transaction is aborted, commands ignored until end of transaction block

[2025-02-21T09:36:06.989+0000] {sync_postgres_dag.py:212} ERROR - Error processing amount message: current transaction is aborted, commands ignored until end of transaction block

[2025-02-21T09:36:06.990+0000] {sync_postgres_dag.py:212} ERROR - Error processing amount message: current transaction is aborted, commands ignored until end of transaction block

[2025-02-21T09:36:06.991+0000] {sync_postgres_dag.py:212} ERROR - Error processing amount message: current transaction is aborted, commands ignored until end of transaction block

[2025-02-21T09:36:06.992+0000] {sync_postgres_dag.py:212} ERROR - Error processing amount message: current transaction is aborted, commands ignored until end of transaction block

[2025-02-21T09:36:06.993+0000] {sync_postgres_dag.py:212} ERROR - Error processing amount message: current transaction is aborted, commands ignored until end of transaction block

[2025-02-21T09:36:06.994+0000] {sync_postgres_dag.py:212} ERROR - Error processing amount message: current transaction is aborted, commands ignored until end of transaction block

[2025-02-21T09:36:06.995+0000] {sync_postgres_dag.py:212} ERROR - Error processing amount message: current transaction is aborted, commands ignored until end of transaction block

[2025-02-21T09:36:06.996+0000] {sync_postgres_dag.py:212} ERROR - Error processing amount message: current transaction is aborted, commands ignored until end of transaction block

[2025-02-21T09:36:06.997+0000] {sync_postgres_dag.py:212} ERROR - Error processing amount message: current transaction is aborted, commands ignored until end of transaction block

[2025-02-21T09:36:06.997+0000] {sync_postgres_dag.py:212} ERROR - Error processing amount message: current transaction is aborted, commands ignored until end of transaction block

[2025-02-21T09:36:06.998+0000] {sync_postgres_dag.py:212} ERROR - Error processing amount message: current transaction is aborted, commands ignored until end of transaction block

[2025-02-21T09:36:06.999+0000] {sync_postgres_dag.py:212} ERROR - Error processing amount message: current transaction is aborted, commands ignored until end of transaction block

[2025-02-21T09:36:06.999+0000] {sync_postgres_dag.py:212} ERROR - Error processing amount message: current transaction is aborted, commands ignored until end of transaction block

[2025-02-21T09:36:07.000+0000] {sync_postgres_dag.py:212} ERROR - Error processing amount message: current transaction is aborted, commands ignored until end of transaction block

[2025-02-21T09:36:07.001+0000] {sync_postgres_dag.py:212} ERROR - Error processing amount message: current transaction is aborted, commands ignored until end of transaction block

[2025-02-21T09:36:07.002+0000] {sync_postgres_dag.py:212} ERROR - Error processing amount message: current transaction is aborted, commands ignored until end of transaction block

[2025-02-21T09:36:07.003+0000] {sync_postgres_dag.py:212} ERROR - Error processing amount message: current transaction is aborted, commands ignored until end of transaction block

[2025-02-21T09:36:07.004+0000] {sync_postgres_dag.py:212} ERROR - Error processing amount message: current transaction is aborted, commands ignored until end of transaction block

[2025-02-21T09:36:07.005+0000] {sync_postgres_dag.py:212} ERROR - Error processing amount message: current transaction is aborted, commands ignored until end of transaction block

[2025-02-21T09:36:07.006+0000] {sync_postgres_dag.py:212} ERROR - Error processing amount message: current transaction is aborted, commands ignored until end of transaction block

[2025-02-21T09:36:07.008+0000] {sync_postgres_dag.py:212} ERROR - Error processing amount message: current transaction is aborted, commands ignored until end of transaction block

[2025-02-21T09:36:07.009+0000] {sync_postgres_dag.py:212} ERROR - Error processing amount message: current transaction is aborted, commands ignored until end of transaction block

[2025-02-21T09:36:07.009+0000] {sync_postgres_dag.py:212} ERROR - Error processing amount message: current transaction is aborted, commands ignored until end of transaction block

[2025-02-21T09:36:07.010+0000] {sync_postgres_dag.py:212} ERROR - Error processing amount message: current transaction is aborted, commands ignored until end of transaction block

[2025-02-21T09:36:07.011+0000] {sync_postgres_dag.py:212} ERROR - Error processing amount message: current transaction is aborted, commands ignored until end of transaction block

[2025-02-21T09:36:07.012+0000] {sync_postgres_dag.py:212} ERROR - Error processing amount message: current transaction is aborted, commands ignored until end of transaction block

[2025-02-21T09:36:07.012+0000] {sync_postgres_dag.py:212} ERROR - Error processing amount message: current transaction is aborted, commands ignored until end of transaction block

[2025-02-21T09:36:07.014+0000] {sync_postgres_dag.py:212} ERROR - Error processing amount message: current transaction is aborted, commands ignored until end of transaction block

[2025-02-21T09:36:07.015+0000] {sync_postgres_dag.py:212} ERROR - Error processing amount message: current transaction is aborted, commands ignored until end of transaction block

[2025-02-21T09:36:07.016+0000] {sync_postgres_dag.py:212} ERROR - Error processing amount message: current transaction is aborted, commands ignored until end of transaction block

[2025-02-21T09:36:07.017+0000] {sync_postgres_dag.py:212} ERROR - Error processing amount message: current transaction is aborted, commands ignored until end of transaction block

[2025-02-21T09:36:07.019+0000] {sync_postgres_dag.py:212} ERROR - Error processing amount message: current transaction is aborted, commands ignored until end of transaction block

[2025-02-21T09:36:07.020+0000] {sync_postgres_dag.py:212} ERROR - Error processing amount message: current transaction is aborted, commands ignored until end of transaction block

[2025-02-21T09:36:07.021+0000] {sync_postgres_dag.py:212} ERROR - Error processing amount message: current transaction is aborted, commands ignored until end of transaction block

[2025-02-21T09:36:07.023+0000] {sync_postgres_dag.py:212} ERROR - Error processing amount message: current transaction is aborted, commands ignored until end of transaction block

[2025-02-21T09:36:07.024+0000] {sync_postgres_dag.py:212} ERROR - Error processing amount message: current transaction is aborted, commands ignored until end of transaction block

[2025-02-21T09:36:07.025+0000] {sync_postgres_dag.py:212} ERROR - Error processing amount message: current transaction is aborted, commands ignored until end of transaction block

[2025-02-21T09:36:07.027+0000] {sync_postgres_dag.py:212} ERROR - Error processing amount message: current transaction is aborted, commands ignored until end of transaction block

[2025-02-21T09:36:07.028+0000] {sync_postgres_dag.py:212} ERROR - Error processing amount message: current transaction is aborted, commands ignored until end of transaction block

[2025-02-21T09:36:07.029+0000] {sync_postgres_dag.py:212} ERROR - Error processing amount message: current transaction is aborted, commands ignored until end of transaction block

[2025-02-21T09:36:07.030+0000] {sync_postgres_dag.py:212} ERROR - Error processing amount message: current transaction is aborted, commands ignored until end of transaction block

[2025-02-21T09:36:07.032+0000] {sync_postgres_dag.py:212} ERROR - Error processing amount message: current transaction is aborted, commands ignored until end of transaction block

[2025-02-21T09:36:07.033+0000] {sync_postgres_dag.py:212} ERROR - Error processing amount message: current transaction is aborted, commands ignored until end of transaction block

[2025-02-21T09:36:07.034+0000] {sync_postgres_dag.py:212} ERROR - Error processing amount message: current transaction is aborted, commands ignored until end of transaction block

[2025-02-21T09:36:07.035+0000] {sync_postgres_dag.py:212} ERROR - Error processing amount message: current transaction is aborted, commands ignored until end of transaction block

[2025-02-21T09:36:07.037+0000] {sync_postgres_dag.py:212} ERROR - Error processing amount message: current transaction is aborted, commands ignored until end of transaction block

[2025-02-21T09:36:07.038+0000] {sync_postgres_dag.py:212} ERROR - Error processing amount message: current transaction is aborted, commands ignored until end of transaction block

[2025-02-21T09:36:07.039+0000] {sync_postgres_dag.py:212} ERROR - Error processing amount message: current transaction is aborted, commands ignored until end of transaction block

[2025-02-21T09:36:07.040+0000] {sync_postgres_dag.py:212} ERROR - Error processing amount message: current transaction is aborted, commands ignored until end of transaction block

[2025-02-21T09:36:37.015+0000] {local_task_job_runner.py:294} WARNING - State of this instance has been externally set to failed. Terminating instance.
[2025-02-21T09:36:37.017+0000] {process_utils.py:131} INFO - Sending 15 to group 1632. PIDs of all processes in the group: [1632]
[2025-02-21T09:36:37.018+0000] {process_utils.py:86} INFO - Sending the signal 15 to group 1632
[2025-02-21T09:36:37.047+0000] {taskinstance.py:1632} ERROR - Received SIGTERM. Terminating subprocesses.
[2025-02-21T09:36:37.047+0000] {sync_postgres_dag.py:216} ERROR - Fatal error in amount consumer: Task received SIGTERM signal
[2025-02-21T09:36:37.047+0000] {sync_postgres_dag.py:220} INFO - Closing connections for amount consumer...
[2025-02-21T09:36:37.111+0000] {process_utils.py:79} INFO - Process psutil.Process(pid=1632, status='terminated', exitcode=0, started='09:36:05') (1632) terminated with exit code 0
