[2025-02-21T08:33:48.842+0000] {processor.py:157} INFO - Started process (PID=723) to work on /opt/airflow/dags/sync_mysql_BK.py
[2025-02-21T08:33:48.843+0000] {processor.py:829} INFO - Processing file /opt/airflow/dags/sync_mysql_BK.py for tasks to queue
[2025-02-21T08:33:48.844+0000] {logging_mixin.py:154} INFO - [2025-02-21T08:33:48.843+0000] {dagbag.py:536} INFO - Filling up the DagBag from /opt/airflow/dags/sync_mysql_BK.py
[2025-02-21T08:33:48.908+0000] {processor.py:839} INFO - DAG(s) dict_keys(['sync_mysql_to_postgres_transaction_and_amount_bk']) retrieved from /opt/airflow/dags/sync_mysql_BK.py
[2025-02-21T08:33:49.041+0000] {logging_mixin.py:154} INFO - [2025-02-21T08:33:49.041+0000] {manager.py:499} INFO - Created Permission View: %s
[2025-02-21T08:33:49.060+0000] {logging_mixin.py:154} INFO - [2025-02-21T08:33:49.060+0000] {manager.py:499} INFO - Created Permission View: %s
[2025-02-21T08:33:49.076+0000] {logging_mixin.py:154} INFO - [2025-02-21T08:33:49.076+0000] {manager.py:499} INFO - Created Permission View: %s
[2025-02-21T08:33:49.077+0000] {logging_mixin.py:154} INFO - [2025-02-21T08:33:49.076+0000] {dag.py:2941} INFO - Sync 1 DAGs
[2025-02-21T08:33:49.091+0000] {logging_mixin.py:154} INFO - [2025-02-21T08:33:49.091+0000] {dag.py:2963} INFO - Creating ORM DAG for sync_mysql_to_postgres_transaction_and_amount_bk
[2025-02-21T08:33:49.092+0000] {logging_mixin.py:154} INFO - [2025-02-21T08:33:49.091+0000] {dag.py:3722} INFO - Setting next_dagrun for sync_mysql_to_postgres_transaction_and_amount_bk to None, run_after=None
[2025-02-21T08:33:49.124+0000] {processor.py:179} INFO - Processing /opt/airflow/dags/sync_mysql_BK.py took 0.286 seconds
[2025-02-21T08:34:19.192+0000] {processor.py:157} INFO - Started process (PID=734) to work on /opt/airflow/dags/sync_mysql_BK.py
[2025-02-21T08:34:19.193+0000] {processor.py:829} INFO - Processing file /opt/airflow/dags/sync_mysql_BK.py for tasks to queue
[2025-02-21T08:34:19.194+0000] {logging_mixin.py:154} INFO - [2025-02-21T08:34:19.194+0000] {dagbag.py:536} INFO - Filling up the DagBag from /opt/airflow/dags/sync_mysql_BK.py
[2025-02-21T08:34:19.255+0000] {processor.py:839} INFO - DAG(s) dict_keys(['sync_mysql_to_postgres_transaction_and_amount_bk']) retrieved from /opt/airflow/dags/sync_mysql_BK.py
[2025-02-21T08:34:19.290+0000] {logging_mixin.py:154} INFO - [2025-02-21T08:34:19.289+0000] {dag.py:2941} INFO - Sync 1 DAGs
[2025-02-21T08:34:19.307+0000] {logging_mixin.py:154} INFO - [2025-02-21T08:34:19.306+0000] {dag.py:3722} INFO - Setting next_dagrun for sync_mysql_to_postgres_transaction_and_amount_bk to None, run_after=None
[2025-02-21T08:34:19.342+0000] {processor.py:179} INFO - Processing /opt/airflow/dags/sync_mysql_BK.py took 0.154 seconds
[2025-02-21T08:34:49.546+0000] {processor.py:157} INFO - Started process (PID=745) to work on /opt/airflow/dags/sync_mysql_BK.py
[2025-02-21T08:34:49.549+0000] {processor.py:829} INFO - Processing file /opt/airflow/dags/sync_mysql_BK.py for tasks to queue
[2025-02-21T08:34:49.550+0000] {logging_mixin.py:154} INFO - [2025-02-21T08:34:49.550+0000] {dagbag.py:536} INFO - Filling up the DagBag from /opt/airflow/dags/sync_mysql_BK.py
[2025-02-21T08:34:49.619+0000] {processor.py:839} INFO - DAG(s) dict_keys(['sync_mysql_to_postgres_transaction_and_amount_bk']) retrieved from /opt/airflow/dags/sync_mysql_BK.py
[2025-02-21T08:34:49.656+0000] {logging_mixin.py:154} INFO - [2025-02-21T08:34:49.655+0000] {dag.py:2941} INFO - Sync 1 DAGs
[2025-02-21T08:34:49.672+0000] {logging_mixin.py:154} INFO - [2025-02-21T08:34:49.672+0000] {dag.py:3722} INFO - Setting next_dagrun for sync_mysql_to_postgres_transaction_and_amount_bk to None, run_after=None
[2025-02-21T08:34:49.708+0000] {processor.py:179} INFO - Processing /opt/airflow/dags/sync_mysql_BK.py took 0.166 seconds
[2025-02-21T08:35:20.054+0000] {processor.py:157} INFO - Started process (PID=756) to work on /opt/airflow/dags/sync_mysql_BK.py
[2025-02-21T08:35:20.055+0000] {processor.py:829} INFO - Processing file /opt/airflow/dags/sync_mysql_BK.py for tasks to queue
[2025-02-21T08:35:20.056+0000] {logging_mixin.py:154} INFO - [2025-02-21T08:35:20.056+0000] {dagbag.py:536} INFO - Filling up the DagBag from /opt/airflow/dags/sync_mysql_BK.py
[2025-02-21T08:35:20.121+0000] {processor.py:839} INFO - DAG(s) dict_keys(['sync_mysql_to_postgres_transaction_and_amount_bk']) retrieved from /opt/airflow/dags/sync_mysql_BK.py
[2025-02-21T08:35:20.155+0000] {logging_mixin.py:154} INFO - [2025-02-21T08:35:20.155+0000] {dag.py:2941} INFO - Sync 1 DAGs
[2025-02-21T08:35:20.170+0000] {logging_mixin.py:154} INFO - [2025-02-21T08:35:20.170+0000] {dag.py:3722} INFO - Setting next_dagrun for sync_mysql_to_postgres_transaction_and_amount_bk to None, run_after=None
[2025-02-21T08:35:20.209+0000] {processor.py:179} INFO - Processing /opt/airflow/dags/sync_mysql_BK.py took 0.160 seconds
[2025-02-21T08:35:50.551+0000] {processor.py:157} INFO - Started process (PID=767) to work on /opt/airflow/dags/sync_mysql_BK.py
[2025-02-21T08:35:50.555+0000] {processor.py:829} INFO - Processing file /opt/airflow/dags/sync_mysql_BK.py for tasks to queue
[2025-02-21T08:35:50.556+0000] {logging_mixin.py:154} INFO - [2025-02-21T08:35:50.555+0000] {dagbag.py:536} INFO - Filling up the DagBag from /opt/airflow/dags/sync_mysql_BK.py
[2025-02-21T08:35:50.614+0000] {processor.py:839} INFO - DAG(s) dict_keys(['sync_mysql_to_postgres_transaction_and_amount_bk']) retrieved from /opt/airflow/dags/sync_mysql_BK.py
[2025-02-21T08:35:50.649+0000] {logging_mixin.py:154} INFO - [2025-02-21T08:35:50.648+0000] {dag.py:2941} INFO - Sync 1 DAGs
[2025-02-21T08:35:50.664+0000] {logging_mixin.py:154} INFO - [2025-02-21T08:35:50.664+0000] {dag.py:3722} INFO - Setting next_dagrun for sync_mysql_to_postgres_transaction_and_amount_bk to None, run_after=None
[2025-02-21T08:35:50.693+0000] {processor.py:179} INFO - Processing /opt/airflow/dags/sync_mysql_BK.py took 0.146 seconds
[2025-02-21T08:36:21.046+0000] {processor.py:157} INFO - Started process (PID=778) to work on /opt/airflow/dags/sync_mysql_BK.py
[2025-02-21T08:36:21.047+0000] {processor.py:829} INFO - Processing file /opt/airflow/dags/sync_mysql_BK.py for tasks to queue
[2025-02-21T08:36:21.048+0000] {logging_mixin.py:154} INFO - [2025-02-21T08:36:21.048+0000] {dagbag.py:536} INFO - Filling up the DagBag from /opt/airflow/dags/sync_mysql_BK.py
[2025-02-21T08:36:21.108+0000] {processor.py:839} INFO - DAG(s) dict_keys(['sync_mysql_to_postgres_transaction_and_amount_bk']) retrieved from /opt/airflow/dags/sync_mysql_BK.py
[2025-02-21T08:36:21.142+0000] {logging_mixin.py:154} INFO - [2025-02-21T08:36:21.142+0000] {dag.py:2941} INFO - Sync 1 DAGs
[2025-02-21T08:36:21.160+0000] {logging_mixin.py:154} INFO - [2025-02-21T08:36:21.160+0000] {dag.py:3722} INFO - Setting next_dagrun for sync_mysql_to_postgres_transaction_and_amount_bk to None, run_after=None
[2025-02-21T08:36:21.192+0000] {processor.py:179} INFO - Processing /opt/airflow/dags/sync_mysql_BK.py took 0.149 seconds
[2025-02-21T08:36:51.566+0000] {processor.py:157} INFO - Started process (PID=789) to work on /opt/airflow/dags/sync_mysql_BK.py
[2025-02-21T08:36:51.569+0000] {processor.py:829} INFO - Processing file /opt/airflow/dags/sync_mysql_BK.py for tasks to queue
[2025-02-21T08:36:51.570+0000] {logging_mixin.py:154} INFO - [2025-02-21T08:36:51.569+0000] {dagbag.py:536} INFO - Filling up the DagBag from /opt/airflow/dags/sync_mysql_BK.py
[2025-02-21T08:36:51.624+0000] {processor.py:839} INFO - DAG(s) dict_keys(['sync_mysql_to_postgres_transaction_and_amount_bk']) retrieved from /opt/airflow/dags/sync_mysql_BK.py
[2025-02-21T08:36:51.656+0000] {logging_mixin.py:154} INFO - [2025-02-21T08:36:51.656+0000] {dag.py:2941} INFO - Sync 1 DAGs
[2025-02-21T08:36:51.671+0000] {logging_mixin.py:154} INFO - [2025-02-21T08:36:51.671+0000] {dag.py:3722} INFO - Setting next_dagrun for sync_mysql_to_postgres_transaction_and_amount_bk to None, run_after=None
[2025-02-21T08:36:51.703+0000] {processor.py:179} INFO - Processing /opt/airflow/dags/sync_mysql_BK.py took 0.141 seconds
[2025-02-21T08:37:22.059+0000] {processor.py:157} INFO - Started process (PID=800) to work on /opt/airflow/dags/sync_mysql_BK.py
[2025-02-21T08:37:22.061+0000] {processor.py:829} INFO - Processing file /opt/airflow/dags/sync_mysql_BK.py for tasks to queue
[2025-02-21T08:37:22.062+0000] {logging_mixin.py:154} INFO - [2025-02-21T08:37:22.061+0000] {dagbag.py:536} INFO - Filling up the DagBag from /opt/airflow/dags/sync_mysql_BK.py
[2025-02-21T08:37:22.116+0000] {processor.py:839} INFO - DAG(s) dict_keys(['sync_mysql_to_postgres_transaction_and_amount_bk']) retrieved from /opt/airflow/dags/sync_mysql_BK.py
[2025-02-21T08:37:22.149+0000] {logging_mixin.py:154} INFO - [2025-02-21T08:37:22.149+0000] {dag.py:2941} INFO - Sync 1 DAGs
[2025-02-21T08:37:22.167+0000] {logging_mixin.py:154} INFO - [2025-02-21T08:37:22.166+0000] {dag.py:3722} INFO - Setting next_dagrun for sync_mysql_to_postgres_transaction_and_amount_bk to None, run_after=None
[2025-02-21T08:37:22.196+0000] {processor.py:179} INFO - Processing /opt/airflow/dags/sync_mysql_BK.py took 0.141 seconds
[2025-02-21T08:37:52.571+0000] {processor.py:157} INFO - Started process (PID=811) to work on /opt/airflow/dags/sync_mysql_BK.py
[2025-02-21T08:37:52.574+0000] {processor.py:829} INFO - Processing file /opt/airflow/dags/sync_mysql_BK.py for tasks to queue
[2025-02-21T08:37:52.575+0000] {logging_mixin.py:154} INFO - [2025-02-21T08:37:52.574+0000] {dagbag.py:536} INFO - Filling up the DagBag from /opt/airflow/dags/sync_mysql_BK.py
[2025-02-21T08:37:52.642+0000] {processor.py:839} INFO - DAG(s) dict_keys(['sync_mysql_to_postgres_transaction_and_amount_bk']) retrieved from /opt/airflow/dags/sync_mysql_BK.py
[2025-02-21T08:37:52.675+0000] {logging_mixin.py:154} INFO - [2025-02-21T08:37:52.675+0000] {dag.py:2941} INFO - Sync 1 DAGs
[2025-02-21T08:37:52.691+0000] {logging_mixin.py:154} INFO - [2025-02-21T08:37:52.691+0000] {dag.py:3722} INFO - Setting next_dagrun for sync_mysql_to_postgres_transaction_and_amount_bk to None, run_after=None
[2025-02-21T08:37:52.723+0000] {processor.py:179} INFO - Processing /opt/airflow/dags/sync_mysql_BK.py took 0.158 seconds
[2025-02-21T08:38:22.939+0000] {processor.py:157} INFO - Started process (PID=822) to work on /opt/airflow/dags/sync_mysql_BK.py
[2025-02-21T08:38:22.940+0000] {processor.py:829} INFO - Processing file /opt/airflow/dags/sync_mysql_BK.py for tasks to queue
[2025-02-21T08:38:22.941+0000] {logging_mixin.py:154} INFO - [2025-02-21T08:38:22.940+0000] {dagbag.py:536} INFO - Filling up the DagBag from /opt/airflow/dags/sync_mysql_BK.py
[2025-02-21T08:38:22.994+0000] {processor.py:839} INFO - DAG(s) dict_keys(['sync_mysql_to_postgres_transaction_and_amount_bk']) retrieved from /opt/airflow/dags/sync_mysql_BK.py
[2025-02-21T08:38:23.034+0000] {logging_mixin.py:154} INFO - [2025-02-21T08:38:23.034+0000] {dag.py:2941} INFO - Sync 1 DAGs
[2025-02-21T08:38:23.049+0000] {logging_mixin.py:154} INFO - [2025-02-21T08:38:23.049+0000] {dag.py:3722} INFO - Setting next_dagrun for sync_mysql_to_postgres_transaction_and_amount_bk to None, run_after=None
[2025-02-21T08:38:23.081+0000] {processor.py:179} INFO - Processing /opt/airflow/dags/sync_mysql_BK.py took 0.145 seconds
[2025-02-21T08:38:53.297+0000] {processor.py:157} INFO - Started process (PID=833) to work on /opt/airflow/dags/sync_mysql_BK.py
[2025-02-21T08:38:53.299+0000] {processor.py:829} INFO - Processing file /opt/airflow/dags/sync_mysql_BK.py for tasks to queue
[2025-02-21T08:38:53.300+0000] {logging_mixin.py:154} INFO - [2025-02-21T08:38:53.300+0000] {dagbag.py:536} INFO - Filling up the DagBag from /opt/airflow/dags/sync_mysql_BK.py
[2025-02-21T08:38:53.367+0000] {processor.py:839} INFO - DAG(s) dict_keys(['sync_mysql_to_postgres_transaction_and_amount_bk']) retrieved from /opt/airflow/dags/sync_mysql_BK.py
[2025-02-21T08:38:53.402+0000] {logging_mixin.py:154} INFO - [2025-02-21T08:38:53.402+0000] {dag.py:2941} INFO - Sync 1 DAGs
[2025-02-21T08:38:53.417+0000] {logging_mixin.py:154} INFO - [2025-02-21T08:38:53.416+0000] {dag.py:3722} INFO - Setting next_dagrun for sync_mysql_to_postgres_transaction_and_amount_bk to None, run_after=None
[2025-02-21T08:38:53.451+0000] {processor.py:179} INFO - Processing /opt/airflow/dags/sync_mysql_BK.py took 0.158 seconds
[2025-02-21T08:39:23.660+0000] {processor.py:157} INFO - Started process (PID=844) to work on /opt/airflow/dags/sync_mysql_BK.py
[2025-02-21T08:39:23.660+0000] {processor.py:829} INFO - Processing file /opt/airflow/dags/sync_mysql_BK.py for tasks to queue
[2025-02-21T08:39:23.661+0000] {logging_mixin.py:154} INFO - [2025-02-21T08:39:23.661+0000] {dagbag.py:536} INFO - Filling up the DagBag from /opt/airflow/dags/sync_mysql_BK.py
[2025-02-21T08:39:23.720+0000] {processor.py:839} INFO - DAG(s) dict_keys(['sync_mysql_to_postgres_transaction_and_amount_bk']) retrieved from /opt/airflow/dags/sync_mysql_BK.py
[2025-02-21T08:39:23.757+0000] {logging_mixin.py:154} INFO - [2025-02-21T08:39:23.757+0000] {dag.py:2941} INFO - Sync 1 DAGs
[2025-02-21T08:39:23.776+0000] {logging_mixin.py:154} INFO - [2025-02-21T08:39:23.776+0000] {dag.py:3722} INFO - Setting next_dagrun for sync_mysql_to_postgres_transaction_and_amount_bk to None, run_after=None
[2025-02-21T08:39:23.810+0000] {processor.py:179} INFO - Processing /opt/airflow/dags/sync_mysql_BK.py took 0.154 seconds
[2025-02-21T08:39:54.018+0000] {processor.py:157} INFO - Started process (PID=855) to work on /opt/airflow/dags/sync_mysql_BK.py
[2025-02-21T08:39:54.020+0000] {processor.py:829} INFO - Processing file /opt/airflow/dags/sync_mysql_BK.py for tasks to queue
[2025-02-21T08:39:54.021+0000] {logging_mixin.py:154} INFO - [2025-02-21T08:39:54.021+0000] {dagbag.py:536} INFO - Filling up the DagBag from /opt/airflow/dags/sync_mysql_BK.py
[2025-02-21T08:39:54.083+0000] {processor.py:839} INFO - DAG(s) dict_keys(['sync_mysql_to_postgres_transaction_and_amount_bk']) retrieved from /opt/airflow/dags/sync_mysql_BK.py
[2025-02-21T08:39:54.116+0000] {logging_mixin.py:154} INFO - [2025-02-21T08:39:54.115+0000] {dag.py:2941} INFO - Sync 1 DAGs
[2025-02-21T08:39:54.135+0000] {logging_mixin.py:154} INFO - [2025-02-21T08:39:54.134+0000] {dag.py:3722} INFO - Setting next_dagrun for sync_mysql_to_postgres_transaction_and_amount_bk to None, run_after=None
[2025-02-21T08:39:54.167+0000] {processor.py:179} INFO - Processing /opt/airflow/dags/sync_mysql_BK.py took 0.153 seconds
[2025-02-21T08:40:24.516+0000] {processor.py:157} INFO - Started process (PID=865) to work on /opt/airflow/dags/sync_mysql_BK.py
[2025-02-21T08:40:24.517+0000] {processor.py:829} INFO - Processing file /opt/airflow/dags/sync_mysql_BK.py for tasks to queue
[2025-02-21T08:40:24.518+0000] {logging_mixin.py:154} INFO - [2025-02-21T08:40:24.518+0000] {dagbag.py:536} INFO - Filling up the DagBag from /opt/airflow/dags/sync_mysql_BK.py
[2025-02-21T08:40:24.582+0000] {processor.py:839} INFO - DAG(s) dict_keys(['sync_mysql_to_postgres_transaction_and_amount_bk']) retrieved from /opt/airflow/dags/sync_mysql_BK.py
[2025-02-21T08:40:24.617+0000] {logging_mixin.py:154} INFO - [2025-02-21T08:40:24.617+0000] {dag.py:2941} INFO - Sync 1 DAGs
[2025-02-21T08:40:24.636+0000] {logging_mixin.py:154} INFO - [2025-02-21T08:40:24.635+0000] {dag.py:3722} INFO - Setting next_dagrun for sync_mysql_to_postgres_transaction_and_amount_bk to None, run_after=None
[2025-02-21T08:40:24.671+0000] {processor.py:179} INFO - Processing /opt/airflow/dags/sync_mysql_BK.py took 0.159 seconds
[2025-02-21T08:40:54.905+0000] {processor.py:157} INFO - Started process (PID=875) to work on /opt/airflow/dags/sync_mysql_BK.py
[2025-02-21T08:40:54.907+0000] {processor.py:829} INFO - Processing file /opt/airflow/dags/sync_mysql_BK.py for tasks to queue
[2025-02-21T08:40:54.909+0000] {logging_mixin.py:154} INFO - [2025-02-21T08:40:54.908+0000] {dagbag.py:536} INFO - Filling up the DagBag from /opt/airflow/dags/sync_mysql_BK.py
[2025-02-21T08:40:54.966+0000] {processor.py:839} INFO - DAG(s) dict_keys(['sync_mysql_to_postgres_transaction_and_amount_bk']) retrieved from /opt/airflow/dags/sync_mysql_BK.py
[2025-02-21T08:40:55.007+0000] {logging_mixin.py:154} INFO - [2025-02-21T08:40:55.006+0000] {dag.py:2941} INFO - Sync 1 DAGs
[2025-02-21T08:40:55.023+0000] {logging_mixin.py:154} INFO - [2025-02-21T08:40:55.023+0000] {dag.py:3722} INFO - Setting next_dagrun for sync_mysql_to_postgres_transaction_and_amount_bk to None, run_after=None
[2025-02-21T08:40:55.059+0000] {processor.py:179} INFO - Processing /opt/airflow/dags/sync_mysql_BK.py took 0.158 seconds
[2025-02-21T08:41:25.397+0000] {processor.py:157} INFO - Started process (PID=886) to work on /opt/airflow/dags/sync_mysql_BK.py
[2025-02-21T08:41:25.398+0000] {processor.py:829} INFO - Processing file /opt/airflow/dags/sync_mysql_BK.py for tasks to queue
[2025-02-21T08:41:25.399+0000] {logging_mixin.py:154} INFO - [2025-02-21T08:41:25.398+0000] {dagbag.py:536} INFO - Filling up the DagBag from /opt/airflow/dags/sync_mysql_BK.py
[2025-02-21T08:41:25.459+0000] {processor.py:839} INFO - DAG(s) dict_keys(['sync_mysql_to_postgres_transaction_and_amount_bk']) retrieved from /opt/airflow/dags/sync_mysql_BK.py
[2025-02-21T08:41:25.497+0000] {logging_mixin.py:154} INFO - [2025-02-21T08:41:25.497+0000] {dag.py:2941} INFO - Sync 1 DAGs
[2025-02-21T08:41:25.512+0000] {logging_mixin.py:154} INFO - [2025-02-21T08:41:25.512+0000] {dag.py:3722} INFO - Setting next_dagrun for sync_mysql_to_postgres_transaction_and_amount_bk to None, run_after=None
[2025-02-21T08:41:25.543+0000] {processor.py:179} INFO - Processing /opt/airflow/dags/sync_mysql_BK.py took 0.150 seconds
[2025-02-21T08:41:55.896+0000] {processor.py:157} INFO - Started process (PID=897) to work on /opt/airflow/dags/sync_mysql_BK.py
[2025-02-21T08:41:55.898+0000] {processor.py:829} INFO - Processing file /opt/airflow/dags/sync_mysql_BK.py for tasks to queue
[2025-02-21T08:41:55.899+0000] {logging_mixin.py:154} INFO - [2025-02-21T08:41:55.899+0000] {dagbag.py:536} INFO - Filling up the DagBag from /opt/airflow/dags/sync_mysql_BK.py
[2025-02-21T08:41:55.958+0000] {processor.py:839} INFO - DAG(s) dict_keys(['sync_mysql_to_postgres_transaction_and_amount_bk']) retrieved from /opt/airflow/dags/sync_mysql_BK.py
[2025-02-21T08:41:55.997+0000] {logging_mixin.py:154} INFO - [2025-02-21T08:41:55.996+0000] {dag.py:2941} INFO - Sync 1 DAGs
[2025-02-21T08:41:56.014+0000] {logging_mixin.py:154} INFO - [2025-02-21T08:41:56.013+0000] {dag.py:3722} INFO - Setting next_dagrun for sync_mysql_to_postgres_transaction_and_amount_bk to None, run_after=None
[2025-02-21T08:41:56.048+0000] {processor.py:179} INFO - Processing /opt/airflow/dags/sync_mysql_BK.py took 0.156 seconds
[2025-02-21T08:42:26.403+0000] {processor.py:157} INFO - Started process (PID=908) to work on /opt/airflow/dags/sync_mysql_BK.py
[2025-02-21T08:42:26.405+0000] {processor.py:829} INFO - Processing file /opt/airflow/dags/sync_mysql_BK.py for tasks to queue
[2025-02-21T08:42:26.408+0000] {logging_mixin.py:154} INFO - [2025-02-21T08:42:26.407+0000] {dagbag.py:536} INFO - Filling up the DagBag from /opt/airflow/dags/sync_mysql_BK.py
[2025-02-21T08:42:26.482+0000] {processor.py:839} INFO - DAG(s) dict_keys(['sync_mysql_to_postgres_transaction_and_amount_bk']) retrieved from /opt/airflow/dags/sync_mysql_BK.py
[2025-02-21T08:42:26.519+0000] {logging_mixin.py:154} INFO - [2025-02-21T08:42:26.519+0000] {dag.py:2941} INFO - Sync 1 DAGs
[2025-02-21T08:42:26.536+0000] {logging_mixin.py:154} INFO - [2025-02-21T08:42:26.536+0000] {dag.py:3722} INFO - Setting next_dagrun for sync_mysql_to_postgres_transaction_and_amount_bk to None, run_after=None
[2025-02-21T08:42:26.567+0000] {processor.py:179} INFO - Processing /opt/airflow/dags/sync_mysql_BK.py took 0.168 seconds
[2025-02-21T08:42:56.912+0000] {processor.py:157} INFO - Started process (PID=919) to work on /opt/airflow/dags/sync_mysql_BK.py
[2025-02-21T08:42:56.915+0000] {processor.py:829} INFO - Processing file /opt/airflow/dags/sync_mysql_BK.py for tasks to queue
[2025-02-21T08:42:56.916+0000] {logging_mixin.py:154} INFO - [2025-02-21T08:42:56.916+0000] {dagbag.py:536} INFO - Filling up the DagBag from /opt/airflow/dags/sync_mysql_BK.py
[2025-02-21T08:42:57.040+0000] {processor.py:839} INFO - DAG(s) dict_keys(['sync_mysql_to_postgres_transaction_and_amount_bk']) retrieved from /opt/airflow/dags/sync_mysql_BK.py
[2025-02-21T08:42:57.104+0000] {logging_mixin.py:154} INFO - [2025-02-21T08:42:57.104+0000] {dag.py:2941} INFO - Sync 1 DAGs
[2025-02-21T08:42:57.137+0000] {logging_mixin.py:154} INFO - [2025-02-21T08:42:57.136+0000] {dag.py:3722} INFO - Setting next_dagrun for sync_mysql_to_postgres_transaction_and_amount_bk to None, run_after=None
[2025-02-21T08:42:57.175+0000] {processor.py:179} INFO - Processing /opt/airflow/dags/sync_mysql_BK.py took 0.269 seconds
[2025-02-21T08:43:27.498+0000] {processor.py:157} INFO - Started process (PID=929) to work on /opt/airflow/dags/sync_mysql_BK.py
[2025-02-21T08:43:27.501+0000] {processor.py:829} INFO - Processing file /opt/airflow/dags/sync_mysql_BK.py for tasks to queue
[2025-02-21T08:43:27.503+0000] {logging_mixin.py:154} INFO - [2025-02-21T08:43:27.502+0000] {dagbag.py:536} INFO - Filling up the DagBag from /opt/airflow/dags/sync_mysql_BK.py
[2025-02-21T08:43:27.575+0000] {processor.py:839} INFO - DAG(s) dict_keys(['sync_mysql_to_postgres_transaction_and_amount_bk']) retrieved from /opt/airflow/dags/sync_mysql_BK.py
[2025-02-21T08:43:27.611+0000] {logging_mixin.py:154} INFO - [2025-02-21T08:43:27.610+0000] {dag.py:2941} INFO - Sync 1 DAGs
[2025-02-21T08:43:27.628+0000] {logging_mixin.py:154} INFO - [2025-02-21T08:43:27.628+0000] {dag.py:3722} INFO - Setting next_dagrun for sync_mysql_to_postgres_transaction_and_amount_bk to None, run_after=None
[2025-02-21T08:43:27.664+0000] {processor.py:179} INFO - Processing /opt/airflow/dags/sync_mysql_BK.py took 0.170 seconds
[2025-02-21T08:43:58.046+0000] {processor.py:157} INFO - Started process (PID=940) to work on /opt/airflow/dags/sync_mysql_BK.py
[2025-02-21T08:43:58.049+0000] {processor.py:829} INFO - Processing file /opt/airflow/dags/sync_mysql_BK.py for tasks to queue
[2025-02-21T08:43:58.051+0000] {logging_mixin.py:154} INFO - [2025-02-21T08:43:58.050+0000] {dagbag.py:536} INFO - Filling up the DagBag from /opt/airflow/dags/sync_mysql_BK.py
[2025-02-21T08:43:58.113+0000] {processor.py:839} INFO - DAG(s) dict_keys(['sync_mysql_to_postgres_transaction_and_amount_bk']) retrieved from /opt/airflow/dags/sync_mysql_BK.py
[2025-02-21T08:43:58.154+0000] {logging_mixin.py:154} INFO - [2025-02-21T08:43:58.153+0000] {dag.py:2941} INFO - Sync 1 DAGs
[2025-02-21T08:43:58.169+0000] {logging_mixin.py:154} INFO - [2025-02-21T08:43:58.169+0000] {dag.py:3722} INFO - Setting next_dagrun for sync_mysql_to_postgres_transaction_and_amount_bk to None, run_after=None
[2025-02-21T08:43:58.200+0000] {processor.py:179} INFO - Processing /opt/airflow/dags/sync_mysql_BK.py took 0.159 seconds
[2025-02-21T08:44:28.557+0000] {processor.py:157} INFO - Started process (PID=950) to work on /opt/airflow/dags/sync_mysql_BK.py
[2025-02-21T08:44:28.559+0000] {processor.py:829} INFO - Processing file /opt/airflow/dags/sync_mysql_BK.py for tasks to queue
[2025-02-21T08:44:28.560+0000] {logging_mixin.py:154} INFO - [2025-02-21T08:44:28.560+0000] {dagbag.py:536} INFO - Filling up the DagBag from /opt/airflow/dags/sync_mysql_BK.py
[2025-02-21T08:44:28.621+0000] {processor.py:839} INFO - DAG(s) dict_keys(['sync_mysql_to_postgres_transaction_and_amount_bk']) retrieved from /opt/airflow/dags/sync_mysql_BK.py
[2025-02-21T08:44:28.661+0000] {logging_mixin.py:154} INFO - [2025-02-21T08:44:28.661+0000] {dag.py:2941} INFO - Sync 1 DAGs
[2025-02-21T08:44:28.681+0000] {logging_mixin.py:154} INFO - [2025-02-21T08:44:28.680+0000] {dag.py:3722} INFO - Setting next_dagrun for sync_mysql_to_postgres_transaction_and_amount_bk to None, run_after=None
[2025-02-21T08:44:28.713+0000] {processor.py:179} INFO - Processing /opt/airflow/dags/sync_mysql_BK.py took 0.160 seconds
[2025-02-21T08:44:59.074+0000] {processor.py:157} INFO - Started process (PID=961) to work on /opt/airflow/dags/sync_mysql_BK.py
[2025-02-21T08:44:59.076+0000] {processor.py:829} INFO - Processing file /opt/airflow/dags/sync_mysql_BK.py for tasks to queue
[2025-02-21T08:44:59.076+0000] {logging_mixin.py:154} INFO - [2025-02-21T08:44:59.076+0000] {dagbag.py:536} INFO - Filling up the DagBag from /opt/airflow/dags/sync_mysql_BK.py
[2025-02-21T08:44:59.135+0000] {processor.py:839} INFO - DAG(s) dict_keys(['sync_mysql_to_postgres_transaction_and_amount_bk']) retrieved from /opt/airflow/dags/sync_mysql_BK.py
[2025-02-21T08:44:59.169+0000] {logging_mixin.py:154} INFO - [2025-02-21T08:44:59.169+0000] {dag.py:2941} INFO - Sync 1 DAGs
[2025-02-21T08:44:59.183+0000] {logging_mixin.py:154} INFO - [2025-02-21T08:44:59.183+0000] {dag.py:3722} INFO - Setting next_dagrun for sync_mysql_to_postgres_transaction_and_amount_bk to None, run_after=None
[2025-02-21T08:44:59.216+0000] {processor.py:179} INFO - Processing /opt/airflow/dags/sync_mysql_BK.py took 0.145 seconds
[2025-02-21T08:45:29.574+0000] {processor.py:157} INFO - Started process (PID=972) to work on /opt/airflow/dags/sync_mysql_BK.py
[2025-02-21T08:45:29.576+0000] {processor.py:829} INFO - Processing file /opt/airflow/dags/sync_mysql_BK.py for tasks to queue
[2025-02-21T08:45:29.577+0000] {logging_mixin.py:154} INFO - [2025-02-21T08:45:29.577+0000] {dagbag.py:536} INFO - Filling up the DagBag from /opt/airflow/dags/sync_mysql_BK.py
[2025-02-21T08:45:29.635+0000] {processor.py:839} INFO - DAG(s) dict_keys(['sync_mysql_to_postgres_transaction_and_amount_bk']) retrieved from /opt/airflow/dags/sync_mysql_BK.py
[2025-02-21T08:45:29.675+0000] {logging_mixin.py:154} INFO - [2025-02-21T08:45:29.674+0000] {dag.py:2941} INFO - Sync 1 DAGs
[2025-02-21T08:45:29.695+0000] {logging_mixin.py:154} INFO - [2025-02-21T08:45:29.694+0000] {dag.py:3722} INFO - Setting next_dagrun for sync_mysql_to_postgres_transaction_and_amount_bk to None, run_after=None
[2025-02-21T08:45:29.728+0000] {processor.py:179} INFO - Processing /opt/airflow/dags/sync_mysql_BK.py took 0.159 seconds
[2025-02-21T08:46:00.096+0000] {processor.py:157} INFO - Started process (PID=983) to work on /opt/airflow/dags/sync_mysql_BK.py
[2025-02-21T08:46:00.097+0000] {processor.py:829} INFO - Processing file /opt/airflow/dags/sync_mysql_BK.py for tasks to queue
[2025-02-21T08:46:00.098+0000] {logging_mixin.py:154} INFO - [2025-02-21T08:46:00.098+0000] {dagbag.py:536} INFO - Filling up the DagBag from /opt/airflow/dags/sync_mysql_BK.py
[2025-02-21T08:46:00.156+0000] {processor.py:839} INFO - DAG(s) dict_keys(['sync_mysql_to_postgres_transaction_and_amount_bk']) retrieved from /opt/airflow/dags/sync_mysql_BK.py
[2025-02-21T08:46:00.196+0000] {logging_mixin.py:154} INFO - [2025-02-21T08:46:00.195+0000] {dag.py:2941} INFO - Sync 1 DAGs
[2025-02-21T08:46:00.220+0000] {logging_mixin.py:154} INFO - [2025-02-21T08:46:00.219+0000] {dag.py:3722} INFO - Setting next_dagrun for sync_mysql_to_postgres_transaction_and_amount_bk to None, run_after=None
[2025-02-21T08:46:00.254+0000] {processor.py:179} INFO - Processing /opt/airflow/dags/sync_mysql_BK.py took 0.162 seconds
[2025-02-21T08:46:30.629+0000] {processor.py:157} INFO - Started process (PID=993) to work on /opt/airflow/dags/sync_mysql_BK.py
[2025-02-21T08:46:30.655+0000] {processor.py:829} INFO - Processing file /opt/airflow/dags/sync_mysql_BK.py for tasks to queue
[2025-02-21T08:46:30.657+0000] {logging_mixin.py:154} INFO - [2025-02-21T08:46:30.656+0000] {dagbag.py:536} INFO - Filling up the DagBag from /opt/airflow/dags/sync_mysql_BK.py
[2025-02-21T08:46:30.730+0000] {processor.py:839} INFO - DAG(s) dict_keys(['sync_mysql_to_postgres_transaction_and_amount_bk']) retrieved from /opt/airflow/dags/sync_mysql_BK.py
[2025-02-21T08:46:30.764+0000] {logging_mixin.py:154} INFO - [2025-02-21T08:46:30.764+0000] {dag.py:2941} INFO - Sync 1 DAGs
[2025-02-21T08:46:30.782+0000] {logging_mixin.py:154} INFO - [2025-02-21T08:46:30.781+0000] {dag.py:3722} INFO - Setting next_dagrun for sync_mysql_to_postgres_transaction_and_amount_bk to None, run_after=None
[2025-02-21T08:46:30.818+0000] {processor.py:179} INFO - Processing /opt/airflow/dags/sync_mysql_BK.py took 0.195 seconds
[2025-02-21T08:47:01.210+0000] {processor.py:157} INFO - Started process (PID=1004) to work on /opt/airflow/dags/sync_mysql_BK.py
[2025-02-21T08:47:01.211+0000] {processor.py:829} INFO - Processing file /opt/airflow/dags/sync_mysql_BK.py for tasks to queue
[2025-02-21T08:47:01.212+0000] {logging_mixin.py:154} INFO - [2025-02-21T08:47:01.211+0000] {dagbag.py:536} INFO - Filling up the DagBag from /opt/airflow/dags/sync_mysql_BK.py
[2025-02-21T08:47:01.278+0000] {processor.py:839} INFO - DAG(s) dict_keys(['sync_mysql_to_postgres_transaction_and_amount_bk']) retrieved from /opt/airflow/dags/sync_mysql_BK.py
[2025-02-21T08:47:01.314+0000] {logging_mixin.py:154} INFO - [2025-02-21T08:47:01.314+0000] {dag.py:2941} INFO - Sync 1 DAGs
[2025-02-21T08:47:01.329+0000] {logging_mixin.py:154} INFO - [2025-02-21T08:47:01.328+0000] {dag.py:3722} INFO - Setting next_dagrun for sync_mysql_to_postgres_transaction_and_amount_bk to None, run_after=None
[2025-02-21T08:47:01.352+0000] {processor.py:179} INFO - Processing /opt/airflow/dags/sync_mysql_BK.py took 0.148 seconds
[2025-02-21T08:47:31.727+0000] {processor.py:157} INFO - Started process (PID=1015) to work on /opt/airflow/dags/sync_mysql_BK.py
[2025-02-21T08:47:31.728+0000] {processor.py:829} INFO - Processing file /opt/airflow/dags/sync_mysql_BK.py for tasks to queue
[2025-02-21T08:47:31.730+0000] {logging_mixin.py:154} INFO - [2025-02-21T08:47:31.729+0000] {dagbag.py:536} INFO - Filling up the DagBag from /opt/airflow/dags/sync_mysql_BK.py
[2025-02-21T08:47:31.791+0000] {processor.py:839} INFO - DAG(s) dict_keys(['sync_mysql_to_postgres_transaction_and_amount_bk']) retrieved from /opt/airflow/dags/sync_mysql_BK.py
[2025-02-21T08:47:31.827+0000] {logging_mixin.py:154} INFO - [2025-02-21T08:47:31.826+0000] {dag.py:2941} INFO - Sync 1 DAGs
[2025-02-21T08:47:31.842+0000] {logging_mixin.py:154} INFO - [2025-02-21T08:47:31.841+0000] {dag.py:3722} INFO - Setting next_dagrun for sync_mysql_to_postgres_transaction_and_amount_bk to None, run_after=None
[2025-02-21T08:47:31.876+0000] {processor.py:179} INFO - Processing /opt/airflow/dags/sync_mysql_BK.py took 0.153 seconds
[2025-02-21T08:48:02.222+0000] {processor.py:157} INFO - Started process (PID=1026) to work on /opt/airflow/dags/sync_mysql_BK.py
[2025-02-21T08:48:02.224+0000] {processor.py:829} INFO - Processing file /opt/airflow/dags/sync_mysql_BK.py for tasks to queue
[2025-02-21T08:48:02.225+0000] {logging_mixin.py:154} INFO - [2025-02-21T08:48:02.225+0000] {dagbag.py:536} INFO - Filling up the DagBag from /opt/airflow/dags/sync_mysql_BK.py
[2025-02-21T08:48:02.281+0000] {processor.py:839} INFO - DAG(s) dict_keys(['sync_mysql_to_postgres_transaction_and_amount_bk']) retrieved from /opt/airflow/dags/sync_mysql_BK.py
[2025-02-21T08:48:02.320+0000] {logging_mixin.py:154} INFO - [2025-02-21T08:48:02.320+0000] {dag.py:2941} INFO - Sync 1 DAGs
[2025-02-21T08:48:02.339+0000] {logging_mixin.py:154} INFO - [2025-02-21T08:48:02.338+0000] {dag.py:3722} INFO - Setting next_dagrun for sync_mysql_to_postgres_transaction_and_amount_bk to None, run_after=None
[2025-02-21T08:48:02.372+0000] {processor.py:179} INFO - Processing /opt/airflow/dags/sync_mysql_BK.py took 0.155 seconds
[2025-02-21T08:48:32.688+0000] {processor.py:157} INFO - Started process (PID=1037) to work on /opt/airflow/dags/sync_mysql_BK.py
[2025-02-21T08:48:32.689+0000] {processor.py:829} INFO - Processing file /opt/airflow/dags/sync_mysql_BK.py for tasks to queue
[2025-02-21T08:48:32.690+0000] {logging_mixin.py:154} INFO - [2025-02-21T08:48:32.690+0000] {dagbag.py:536} INFO - Filling up the DagBag from /opt/airflow/dags/sync_mysql_BK.py
[2025-02-21T08:48:32.747+0000] {processor.py:839} INFO - DAG(s) dict_keys(['sync_mysql_to_postgres_transaction_and_amount_bk']) retrieved from /opt/airflow/dags/sync_mysql_BK.py
[2025-02-21T08:48:32.779+0000] {logging_mixin.py:154} INFO - [2025-02-21T08:48:32.779+0000] {dag.py:2941} INFO - Sync 1 DAGs
[2025-02-21T08:48:32.795+0000] {logging_mixin.py:154} INFO - [2025-02-21T08:48:32.795+0000] {dag.py:3722} INFO - Setting next_dagrun for sync_mysql_to_postgres_transaction_and_amount_bk to None, run_after=None
[2025-02-21T08:48:32.829+0000] {processor.py:179} INFO - Processing /opt/airflow/dags/sync_mysql_BK.py took 0.145 seconds
[2025-02-21T08:49:03.196+0000] {processor.py:157} INFO - Started process (PID=1048) to work on /opt/airflow/dags/sync_mysql_BK.py
[2025-02-21T08:49:03.200+0000] {processor.py:829} INFO - Processing file /opt/airflow/dags/sync_mysql_BK.py for tasks to queue
[2025-02-21T08:49:03.202+0000] {logging_mixin.py:154} INFO - [2025-02-21T08:49:03.201+0000] {dagbag.py:536} INFO - Filling up the DagBag from /opt/airflow/dags/sync_mysql_BK.py
[2025-02-21T08:49:03.256+0000] {processor.py:839} INFO - DAG(s) dict_keys(['sync_mysql_to_postgres_transaction_and_amount_bk']) retrieved from /opt/airflow/dags/sync_mysql_BK.py
[2025-02-21T08:49:03.290+0000] {logging_mixin.py:154} INFO - [2025-02-21T08:49:03.290+0000] {dag.py:2941} INFO - Sync 1 DAGs
[2025-02-21T08:49:03.307+0000] {logging_mixin.py:154} INFO - [2025-02-21T08:49:03.307+0000] {dag.py:3722} INFO - Setting next_dagrun for sync_mysql_to_postgres_transaction_and_amount_bk to None, run_after=None
[2025-02-21T08:49:03.346+0000] {processor.py:179} INFO - Processing /opt/airflow/dags/sync_mysql_BK.py took 0.154 seconds
[2025-02-21T08:49:33.582+0000] {processor.py:157} INFO - Started process (PID=1059) to work on /opt/airflow/dags/sync_mysql_BK.py
[2025-02-21T08:49:33.583+0000] {processor.py:829} INFO - Processing file /opt/airflow/dags/sync_mysql_BK.py for tasks to queue
[2025-02-21T08:49:33.584+0000] {logging_mixin.py:154} INFO - [2025-02-21T08:49:33.584+0000] {dagbag.py:536} INFO - Filling up the DagBag from /opt/airflow/dags/sync_mysql_BK.py
[2025-02-21T08:49:33.657+0000] {processor.py:839} INFO - DAG(s) dict_keys(['sync_mysql_to_postgres_transaction_and_amount_bk']) retrieved from /opt/airflow/dags/sync_mysql_BK.py
[2025-02-21T08:49:33.691+0000] {logging_mixin.py:154} INFO - [2025-02-21T08:49:33.691+0000] {dag.py:2941} INFO - Sync 1 DAGs
[2025-02-21T08:49:33.710+0000] {logging_mixin.py:154} INFO - [2025-02-21T08:49:33.709+0000] {dag.py:3722} INFO - Setting next_dagrun for sync_mysql_to_postgres_transaction_and_amount_bk to None, run_after=None
[2025-02-21T08:49:33.743+0000] {processor.py:179} INFO - Processing /opt/airflow/dags/sync_mysql_BK.py took 0.171 seconds
[2025-02-21T08:50:03.930+0000] {processor.py:157} INFO - Started process (PID=1070) to work on /opt/airflow/dags/sync_mysql_BK.py
[2025-02-21T08:50:03.934+0000] {processor.py:829} INFO - Processing file /opt/airflow/dags/sync_mysql_BK.py for tasks to queue
[2025-02-21T08:50:03.935+0000] {logging_mixin.py:154} INFO - [2025-02-21T08:50:03.934+0000] {dagbag.py:536} INFO - Filling up the DagBag from /opt/airflow/dags/sync_mysql_BK.py
[2025-02-21T08:50:03.996+0000] {processor.py:839} INFO - DAG(s) dict_keys(['sync_mysql_to_postgres_transaction_and_amount_bk']) retrieved from /opt/airflow/dags/sync_mysql_BK.py
[2025-02-21T08:50:04.031+0000] {logging_mixin.py:154} INFO - [2025-02-21T08:50:04.030+0000] {dag.py:2941} INFO - Sync 1 DAGs
[2025-02-21T08:50:04.046+0000] {logging_mixin.py:154} INFO - [2025-02-21T08:50:04.045+0000] {dag.py:3722} INFO - Setting next_dagrun for sync_mysql_to_postgres_transaction_and_amount_bk to None, run_after=None
[2025-02-21T08:50:04.076+0000] {processor.py:179} INFO - Processing /opt/airflow/dags/sync_mysql_BK.py took 0.150 seconds
[2025-02-21T08:50:34.428+0000] {processor.py:157} INFO - Started process (PID=1080) to work on /opt/airflow/dags/sync_mysql_BK.py
[2025-02-21T08:50:34.428+0000] {processor.py:829} INFO - Processing file /opt/airflow/dags/sync_mysql_BK.py for tasks to queue
[2025-02-21T08:50:34.429+0000] {logging_mixin.py:154} INFO - [2025-02-21T08:50:34.429+0000] {dagbag.py:536} INFO - Filling up the DagBag from /opt/airflow/dags/sync_mysql_BK.py
[2025-02-21T08:50:34.486+0000] {processor.py:839} INFO - DAG(s) dict_keys(['sync_mysql_to_postgres_transaction_and_amount_bk']) retrieved from /opt/airflow/dags/sync_mysql_BK.py
[2025-02-21T08:50:34.520+0000] {logging_mixin.py:154} INFO - [2025-02-21T08:50:34.520+0000] {dag.py:2941} INFO - Sync 1 DAGs
[2025-02-21T08:50:34.539+0000] {logging_mixin.py:154} INFO - [2025-02-21T08:50:34.538+0000] {dag.py:3722} INFO - Setting next_dagrun for sync_mysql_to_postgres_transaction_and_amount_bk to None, run_after=None
[2025-02-21T08:50:34.571+0000] {processor.py:179} INFO - Processing /opt/airflow/dags/sync_mysql_BK.py took 0.147 seconds
[2025-02-21T08:51:04.934+0000] {processor.py:157} INFO - Started process (PID=1091) to work on /opt/airflow/dags/sync_mysql_BK.py
[2025-02-21T08:51:04.938+0000] {processor.py:829} INFO - Processing file /opt/airflow/dags/sync_mysql_BK.py for tasks to queue
[2025-02-21T08:51:04.939+0000] {logging_mixin.py:154} INFO - [2025-02-21T08:51:04.939+0000] {dagbag.py:536} INFO - Filling up the DagBag from /opt/airflow/dags/sync_mysql_BK.py
[2025-02-21T08:51:05.002+0000] {processor.py:839} INFO - DAG(s) dict_keys(['sync_mysql_to_postgres_transaction_and_amount_bk']) retrieved from /opt/airflow/dags/sync_mysql_BK.py
[2025-02-21T08:51:05.039+0000] {logging_mixin.py:154} INFO - [2025-02-21T08:51:05.038+0000] {dag.py:2941} INFO - Sync 1 DAGs
[2025-02-21T08:51:05.058+0000] {logging_mixin.py:154} INFO - [2025-02-21T08:51:05.058+0000] {dag.py:3722} INFO - Setting next_dagrun for sync_mysql_to_postgres_transaction_and_amount_bk to None, run_after=None
[2025-02-21T08:51:05.095+0000] {processor.py:179} INFO - Processing /opt/airflow/dags/sync_mysql_BK.py took 0.165 seconds
[2025-02-21T08:51:35.452+0000] {processor.py:157} INFO - Started process (PID=1102) to work on /opt/airflow/dags/sync_mysql_BK.py
[2025-02-21T08:51:35.454+0000] {processor.py:829} INFO - Processing file /opt/airflow/dags/sync_mysql_BK.py for tasks to queue
[2025-02-21T08:51:35.454+0000] {logging_mixin.py:154} INFO - [2025-02-21T08:51:35.454+0000] {dagbag.py:536} INFO - Filling up the DagBag from /opt/airflow/dags/sync_mysql_BK.py
[2025-02-21T08:51:35.517+0000] {processor.py:839} INFO - DAG(s) dict_keys(['sync_mysql_to_postgres_transaction_and_amount_bk']) retrieved from /opt/airflow/dags/sync_mysql_BK.py
[2025-02-21T08:51:35.556+0000] {logging_mixin.py:154} INFO - [2025-02-21T08:51:35.555+0000] {dag.py:2941} INFO - Sync 1 DAGs
[2025-02-21T08:51:35.575+0000] {logging_mixin.py:154} INFO - [2025-02-21T08:51:35.574+0000] {dag.py:3722} INFO - Setting next_dagrun for sync_mysql_to_postgres_transaction_and_amount_bk to None, run_after=None
[2025-02-21T08:51:35.618+0000] {processor.py:179} INFO - Processing /opt/airflow/dags/sync_mysql_BK.py took 0.170 seconds
[2025-02-21T08:52:05.976+0000] {processor.py:157} INFO - Started process (PID=1113) to work on /opt/airflow/dags/sync_mysql_BK.py
[2025-02-21T08:52:06.006+0000] {processor.py:829} INFO - Processing file /opt/airflow/dags/sync_mysql_BK.py for tasks to queue
[2025-02-21T08:52:06.007+0000] {logging_mixin.py:154} INFO - [2025-02-21T08:52:06.006+0000] {dagbag.py:536} INFO - Filling up the DagBag from /opt/airflow/dags/sync_mysql_BK.py
[2025-02-21T08:52:06.071+0000] {processor.py:839} INFO - DAG(s) dict_keys(['sync_mysql_to_postgres_transaction_and_amount_bk']) retrieved from /opt/airflow/dags/sync_mysql_BK.py
[2025-02-21T08:52:06.104+0000] {logging_mixin.py:154} INFO - [2025-02-21T08:52:06.104+0000] {dag.py:2941} INFO - Sync 1 DAGs
[2025-02-21T08:52:06.120+0000] {logging_mixin.py:154} INFO - [2025-02-21T08:52:06.120+0000] {dag.py:3722} INFO - Setting next_dagrun for sync_mysql_to_postgres_transaction_and_amount_bk to None, run_after=None
[2025-02-21T08:52:06.158+0000] {processor.py:179} INFO - Processing /opt/airflow/dags/sync_mysql_BK.py took 0.186 seconds
[2025-02-21T08:52:36.348+0000] {processor.py:157} INFO - Started process (PID=1124) to work on /opt/airflow/dags/sync_mysql_BK.py
[2025-02-21T08:52:36.350+0000] {processor.py:829} INFO - Processing file /opt/airflow/dags/sync_mysql_BK.py for tasks to queue
[2025-02-21T08:52:36.351+0000] {logging_mixin.py:154} INFO - [2025-02-21T08:52:36.351+0000] {dagbag.py:536} INFO - Filling up the DagBag from /opt/airflow/dags/sync_mysql_BK.py
[2025-02-21T08:52:36.419+0000] {processor.py:839} INFO - DAG(s) dict_keys(['sync_mysql_to_postgres_transaction_and_amount_bk']) retrieved from /opt/airflow/dags/sync_mysql_BK.py
[2025-02-21T08:52:36.456+0000] {logging_mixin.py:154} INFO - [2025-02-21T08:52:36.456+0000] {dag.py:2941} INFO - Sync 1 DAGs
[2025-02-21T08:52:36.473+0000] {logging_mixin.py:154} INFO - [2025-02-21T08:52:36.472+0000] {dag.py:3722} INFO - Setting next_dagrun for sync_mysql_to_postgres_transaction_and_amount_bk to None, run_after=None
[2025-02-21T08:52:36.508+0000] {processor.py:179} INFO - Processing /opt/airflow/dags/sync_mysql_BK.py took 0.164 seconds
[2025-02-21T08:53:06.689+0000] {processor.py:157} INFO - Started process (PID=1135) to work on /opt/airflow/dags/sync_mysql_BK.py
[2025-02-21T08:53:06.690+0000] {processor.py:829} INFO - Processing file /opt/airflow/dags/sync_mysql_BK.py for tasks to queue
[2025-02-21T08:53:06.691+0000] {logging_mixin.py:154} INFO - [2025-02-21T08:53:06.691+0000] {dagbag.py:536} INFO - Filling up the DagBag from /opt/airflow/dags/sync_mysql_BK.py
[2025-02-21T08:53:06.750+0000] {processor.py:839} INFO - DAG(s) dict_keys(['sync_mysql_to_postgres_transaction_and_amount_bk']) retrieved from /opt/airflow/dags/sync_mysql_BK.py
[2025-02-21T08:53:06.788+0000] {logging_mixin.py:154} INFO - [2025-02-21T08:53:06.787+0000] {dag.py:2941} INFO - Sync 1 DAGs
[2025-02-21T08:53:06.805+0000] {logging_mixin.py:154} INFO - [2025-02-21T08:53:06.804+0000] {dag.py:3722} INFO - Setting next_dagrun for sync_mysql_to_postgres_transaction_and_amount_bk to None, run_after=None
[2025-02-21T08:53:06.837+0000] {processor.py:179} INFO - Processing /opt/airflow/dags/sync_mysql_BK.py took 0.152 seconds
[2025-02-21T08:53:37.073+0000] {processor.py:157} INFO - Started process (PID=1146) to work on /opt/airflow/dags/sync_mysql_BK.py
[2025-02-21T08:53:37.077+0000] {processor.py:829} INFO - Processing file /opt/airflow/dags/sync_mysql_BK.py for tasks to queue
[2025-02-21T08:53:37.079+0000] {logging_mixin.py:154} INFO - [2025-02-21T08:53:37.078+0000] {dagbag.py:536} INFO - Filling up the DagBag from /opt/airflow/dags/sync_mysql_BK.py
[2025-02-21T08:53:37.189+0000] {processor.py:839} INFO - DAG(s) dict_keys(['sync_mysql_to_postgres_transaction_and_amount_bk']) retrieved from /opt/airflow/dags/sync_mysql_BK.py
[2025-02-21T08:53:37.230+0000] {logging_mixin.py:154} INFO - [2025-02-21T08:53:37.229+0000] {dag.py:2941} INFO - Sync 1 DAGs
[2025-02-21T08:53:37.246+0000] {logging_mixin.py:154} INFO - [2025-02-21T08:53:37.246+0000] {dag.py:3722} INFO - Setting next_dagrun for sync_mysql_to_postgres_transaction_and_amount_bk to None, run_after=None
[2025-02-21T08:53:37.281+0000] {processor.py:179} INFO - Processing /opt/airflow/dags/sync_mysql_BK.py took 0.218 seconds
[2025-02-21T08:54:07.680+0000] {processor.py:157} INFO - Started process (PID=1157) to work on /opt/airflow/dags/sync_mysql_BK.py
[2025-02-21T08:54:07.681+0000] {processor.py:829} INFO - Processing file /opt/airflow/dags/sync_mysql_BK.py for tasks to queue
[2025-02-21T08:54:07.682+0000] {logging_mixin.py:154} INFO - [2025-02-21T08:54:07.682+0000] {dagbag.py:536} INFO - Filling up the DagBag from /opt/airflow/dags/sync_mysql_BK.py
[2025-02-21T08:54:07.739+0000] {processor.py:839} INFO - DAG(s) dict_keys(['sync_mysql_to_postgres_transaction_and_amount_bk']) retrieved from /opt/airflow/dags/sync_mysql_BK.py
[2025-02-21T08:54:07.780+0000] {logging_mixin.py:154} INFO - [2025-02-21T08:54:07.779+0000] {dag.py:2941} INFO - Sync 1 DAGs
[2025-02-21T08:54:07.794+0000] {logging_mixin.py:154} INFO - [2025-02-21T08:54:07.794+0000] {dag.py:3722} INFO - Setting next_dagrun for sync_mysql_to_postgres_transaction_and_amount_bk to None, run_after=None
[2025-02-21T08:54:07.824+0000] {processor.py:179} INFO - Processing /opt/airflow/dags/sync_mysql_BK.py took 0.148 seconds
[2025-02-21T08:54:38.195+0000] {processor.py:157} INFO - Started process (PID=1168) to work on /opt/airflow/dags/sync_mysql_BK.py
[2025-02-21T08:54:38.197+0000] {processor.py:829} INFO - Processing file /opt/airflow/dags/sync_mysql_BK.py for tasks to queue
[2025-02-21T08:54:38.198+0000] {logging_mixin.py:154} INFO - [2025-02-21T08:54:38.197+0000] {dagbag.py:536} INFO - Filling up the DagBag from /opt/airflow/dags/sync_mysql_BK.py
[2025-02-21T08:54:38.273+0000] {processor.py:839} INFO - DAG(s) dict_keys(['sync_mysql_to_postgres_transaction_and_amount_bk']) retrieved from /opt/airflow/dags/sync_mysql_BK.py
[2025-02-21T08:54:38.318+0000] {logging_mixin.py:154} INFO - [2025-02-21T08:54:38.318+0000] {dag.py:2941} INFO - Sync 1 DAGs
[2025-02-21T08:54:38.339+0000] {logging_mixin.py:154} INFO - [2025-02-21T08:54:38.339+0000] {dag.py:3722} INFO - Setting next_dagrun for sync_mysql_to_postgres_transaction_and_amount_bk to None, run_after=None
[2025-02-21T08:54:38.358+0000] {processor.py:179} INFO - Processing /opt/airflow/dags/sync_mysql_BK.py took 0.168 seconds
[2025-02-21T08:55:08.769+0000] {processor.py:157} INFO - Started process (PID=1179) to work on /opt/airflow/dags/sync_mysql_BK.py
[2025-02-21T08:55:08.770+0000] {processor.py:829} INFO - Processing file /opt/airflow/dags/sync_mysql_BK.py for tasks to queue
[2025-02-21T08:55:08.771+0000] {logging_mixin.py:154} INFO - [2025-02-21T08:55:08.771+0000] {dagbag.py:536} INFO - Filling up the DagBag from /opt/airflow/dags/sync_mysql_BK.py
[2025-02-21T08:55:08.834+0000] {processor.py:839} INFO - DAG(s) dict_keys(['sync_mysql_to_postgres_transaction_and_amount_bk']) retrieved from /opt/airflow/dags/sync_mysql_BK.py
[2025-02-21T08:55:08.870+0000] {logging_mixin.py:154} INFO - [2025-02-21T08:55:08.870+0000] {dag.py:2941} INFO - Sync 1 DAGs
[2025-02-21T08:55:08.886+0000] {logging_mixin.py:154} INFO - [2025-02-21T08:55:08.886+0000] {dag.py:3722} INFO - Setting next_dagrun for sync_mysql_to_postgres_transaction_and_amount_bk to None, run_after=None
[2025-02-21T08:55:08.920+0000] {processor.py:179} INFO - Processing /opt/airflow/dags/sync_mysql_BK.py took 0.155 seconds
[2025-02-21T08:55:39.295+0000] {processor.py:157} INFO - Started process (PID=1190) to work on /opt/airflow/dags/sync_mysql_BK.py
[2025-02-21T08:55:39.297+0000] {processor.py:829} INFO - Processing file /opt/airflow/dags/sync_mysql_BK.py for tasks to queue
[2025-02-21T08:55:39.298+0000] {logging_mixin.py:154} INFO - [2025-02-21T08:55:39.298+0000] {dagbag.py:536} INFO - Filling up the DagBag from /opt/airflow/dags/sync_mysql_BK.py
[2025-02-21T08:55:39.361+0000] {processor.py:839} INFO - DAG(s) dict_keys(['sync_mysql_to_postgres_transaction_and_amount_bk']) retrieved from /opt/airflow/dags/sync_mysql_BK.py
[2025-02-21T08:55:39.398+0000] {logging_mixin.py:154} INFO - [2025-02-21T08:55:39.397+0000] {dag.py:2941} INFO - Sync 1 DAGs
[2025-02-21T08:55:39.415+0000] {logging_mixin.py:154} INFO - [2025-02-21T08:55:39.414+0000] {dag.py:3722} INFO - Setting next_dagrun for sync_mysql_to_postgres_transaction_and_amount_bk to None, run_after=None
[2025-02-21T08:55:39.445+0000] {processor.py:179} INFO - Processing /opt/airflow/dags/sync_mysql_BK.py took 0.154 seconds
[2025-02-21T08:56:09.817+0000] {processor.py:157} INFO - Started process (PID=1208) to work on /opt/airflow/dags/sync_mysql_BK.py
[2025-02-21T08:56:09.817+0000] {processor.py:829} INFO - Processing file /opt/airflow/dags/sync_mysql_BK.py for tasks to queue
[2025-02-21T08:56:09.818+0000] {logging_mixin.py:154} INFO - [2025-02-21T08:56:09.818+0000] {dagbag.py:536} INFO - Filling up the DagBag from /opt/airflow/dags/sync_mysql_BK.py
[2025-02-21T08:56:09.881+0000] {processor.py:839} INFO - DAG(s) dict_keys(['sync_mysql_to_postgres_transaction_and_amount_bk']) retrieved from /opt/airflow/dags/sync_mysql_BK.py
[2025-02-21T08:56:09.915+0000] {logging_mixin.py:154} INFO - [2025-02-21T08:56:09.915+0000] {dag.py:2941} INFO - Sync 1 DAGs
[2025-02-21T08:56:09.929+0000] {logging_mixin.py:154} INFO - [2025-02-21T08:56:09.929+0000] {dag.py:3722} INFO - Setting next_dagrun for sync_mysql_to_postgres_transaction_and_amount_bk to None, run_after=None
[2025-02-21T08:56:09.961+0000] {processor.py:179} INFO - Processing /opt/airflow/dags/sync_mysql_BK.py took 0.149 seconds
[2025-02-21T08:56:40.315+0000] {processor.py:157} INFO - Started process (PID=1219) to work on /opt/airflow/dags/sync_mysql_BK.py
[2025-02-21T08:56:40.317+0000] {processor.py:829} INFO - Processing file /opt/airflow/dags/sync_mysql_BK.py for tasks to queue
[2025-02-21T08:56:40.319+0000] {logging_mixin.py:154} INFO - [2025-02-21T08:56:40.318+0000] {dagbag.py:536} INFO - Filling up the DagBag from /opt/airflow/dags/sync_mysql_BK.py
[2025-02-21T08:56:40.375+0000] {processor.py:839} INFO - DAG(s) dict_keys(['sync_mysql_to_postgres_transaction_and_amount_bk']) retrieved from /opt/airflow/dags/sync_mysql_BK.py
[2025-02-21T08:56:40.411+0000] {logging_mixin.py:154} INFO - [2025-02-21T08:56:40.411+0000] {dag.py:2941} INFO - Sync 1 DAGs
[2025-02-21T08:56:40.426+0000] {logging_mixin.py:154} INFO - [2025-02-21T08:56:40.426+0000] {dag.py:3722} INFO - Setting next_dagrun for sync_mysql_to_postgres_transaction_and_amount_bk to None, run_after=None
[2025-02-21T08:56:40.458+0000] {processor.py:179} INFO - Processing /opt/airflow/dags/sync_mysql_BK.py took 0.147 seconds
[2025-02-21T08:57:10.821+0000] {processor.py:157} INFO - Started process (PID=1230) to work on /opt/airflow/dags/sync_mysql_BK.py
[2025-02-21T08:57:10.822+0000] {processor.py:829} INFO - Processing file /opt/airflow/dags/sync_mysql_BK.py for tasks to queue
[2025-02-21T08:57:10.823+0000] {logging_mixin.py:154} INFO - [2025-02-21T08:57:10.823+0000] {dagbag.py:536} INFO - Filling up the DagBag from /opt/airflow/dags/sync_mysql_BK.py
[2025-02-21T08:57:10.902+0000] {processor.py:839} INFO - DAG(s) dict_keys(['sync_mysql_to_postgres_transaction_and_amount_bk']) retrieved from /opt/airflow/dags/sync_mysql_BK.py
[2025-02-21T08:57:10.940+0000] {logging_mixin.py:154} INFO - [2025-02-21T08:57:10.940+0000] {dag.py:2941} INFO - Sync 1 DAGs
[2025-02-21T08:57:10.964+0000] {logging_mixin.py:154} INFO - [2025-02-21T08:57:10.963+0000] {dag.py:3722} INFO - Setting next_dagrun for sync_mysql_to_postgres_transaction_and_amount_bk to None, run_after=None
[2025-02-21T08:57:11.006+0000] {processor.py:179} INFO - Processing /opt/airflow/dags/sync_mysql_BK.py took 0.189 seconds
[2025-02-21T08:57:41.243+0000] {processor.py:157} INFO - Started process (PID=1241) to work on /opt/airflow/dags/sync_mysql_BK.py
[2025-02-21T08:57:41.246+0000] {processor.py:829} INFO - Processing file /opt/airflow/dags/sync_mysql_BK.py for tasks to queue
[2025-02-21T08:57:41.247+0000] {logging_mixin.py:154} INFO - [2025-02-21T08:57:41.247+0000] {dagbag.py:536} INFO - Filling up the DagBag from /opt/airflow/dags/sync_mysql_BK.py
[2025-02-21T08:57:41.312+0000] {processor.py:839} INFO - DAG(s) dict_keys(['sync_mysql_to_postgres_transaction_and_amount_bk']) retrieved from /opt/airflow/dags/sync_mysql_BK.py
[2025-02-21T08:57:41.349+0000] {logging_mixin.py:154} INFO - [2025-02-21T08:57:41.349+0000] {dag.py:2941} INFO - Sync 1 DAGs
[2025-02-21T08:57:41.367+0000] {logging_mixin.py:154} INFO - [2025-02-21T08:57:41.367+0000] {dag.py:3722} INFO - Setting next_dagrun for sync_mysql_to_postgres_transaction_and_amount_bk to None, run_after=None
[2025-02-21T08:57:41.401+0000] {processor.py:179} INFO - Processing /opt/airflow/dags/sync_mysql_BK.py took 0.162 seconds
