[2025-02-21T09:04:50.698+0000] {taskinstance.py:1159} INFO - Dependencies all met for dep_context=non-requeueable deps ti=<TaskInstance: sync_mysql_to_postgres_transaction_and_amount.process_kafka_amount_messages manual__2025-02-21T09:04:49.656459+00:00 [queued]>
[2025-02-21T09:04:50.713+0000] {taskinstance.py:1159} INFO - Dependencies all met for dep_context=requeueable deps ti=<TaskInstance: sync_mysql_to_postgres_transaction_and_amount.process_kafka_amount_messages manual__2025-02-21T09:04:49.656459+00:00 [queued]>
[2025-02-21T09:04:50.713+0000] {taskinstance.py:1361} INFO - Starting attempt 1 of 1
[2025-02-21T09:04:50.732+0000] {taskinstance.py:1382} INFO - Executing <Task(PythonOperator): process_kafka_amount_messages> on 2025-02-21 09:04:49.656459+00:00
[2025-02-21T09:04:50.742+0000] {standard_task_runner.py:57} INFO - Started process 1099 to run task
[2025-02-21T09:04:50.746+0000] {standard_task_runner.py:84} INFO - Running: ['***', 'tasks', 'run', 'sync_mysql_to_postgres_transaction_and_amount', 'process_kafka_amount_messages', 'manual__2025-02-21T09:04:49.656459+00:00', '--job-id', '34', '--raw', '--subdir', 'DAGS_FOLDER/sync_mysql_dag.py', '--cfg-path', '/tmp/tmp3m820a3z']
[2025-02-21T09:04:50.748+0000] {standard_task_runner.py:85} INFO - Job 34: Subtask process_kafka_amount_messages
[2025-02-21T09:04:50.817+0000] {task_command.py:416} INFO - Running <TaskInstance: sync_mysql_to_postgres_transaction_and_amount.process_kafka_amount_messages manual__2025-02-21T09:04:49.656459+00:00 [running]> on host c0c1f1afe7d6
[2025-02-21T09:04:50.932+0000] {taskinstance.py:1662} INFO - Exporting env vars: AIRFLOW_CTX_DAG_OWNER='***' AIRFLOW_CTX_DAG_ID='sync_mysql_to_postgres_transaction_and_amount' AIRFLOW_CTX_TASK_ID='process_kafka_amount_messages' AIRFLOW_CTX_EXECUTION_DATE='2025-02-21T09:04:49.656459+00:00' AIRFLOW_CTX_TRY_NUMBER='1' AIRFLOW_CTX_DAG_RUN_ID='manual__2025-02-21T09:04:49.656459+00:00'
[2025-02-21T09:04:50.933+0000] {sync_mysql_dag.py:129} INFO - Starting Kafka consumer for amount messages...
[2025-02-21T09:04:50.936+0000] {sync_mysql_dag.py:141} INFO - Connected to Kafka broker at 172.17.0.1:9092
[2025-02-21T09:04:50.943+0000] {sync_mysql_dag.py:146} INFO - Connected to PostgreSQL database at 172.17.0.1:5433
[2025-02-21T09:04:50.945+0000] {sync_mysql_dag.py:160} INFO - Amount table created/verified
[2025-02-21T09:04:51.067+0000] {sync_mysql_dag.py:186} INFO - Inserting amount data: {
  "id": 1,
  "item_id": "FDG08",
  "amount": 4,
  "import_time": "2025-02-21T04:10:05",
  "store_id": "STORE_MYSQL"
}
[2025-02-21T09:04:51.071+0000] {sync_mysql_dag.py:206} INFO - Successfully processed amount for ID: 1
[2025-02-21T09:04:51.072+0000] {sync_mysql_dag.py:186} INFO - Inserting amount data: {
  "id": 2,
  "item_id": "DRS12",
  "amount": 5,
  "import_time": "2025-02-21T04:10:05",
  "store_id": "STORE_MYSQL"
}
[2025-02-21T09:04:51.076+0000] {sync_mysql_dag.py:206} INFO - Successfully processed amount for ID: 2
[2025-02-21T09:04:51.076+0000] {sync_mysql_dag.py:186} INFO - Inserting amount data: {
  "id": 3,
  "item_id": "FDB45",
  "amount": 220,
  "import_time": "2025-02-21T04:10:05",
  "store_id": "STORE_MYSQL"
}
[2025-02-21T09:04:51.079+0000] {sync_mysql_dag.py:206} INFO - Successfully processed amount for ID: 3
[2025-02-21T09:04:51.080+0000] {sync_mysql_dag.py:186} INFO - Inserting amount data: {
  "id": 4,
  "item_id": "FDT16",
  "amount": 385,
  "import_time": "2025-02-21T04:10:05",
  "store_id": "STORE_MYSQL"
}
[2025-02-21T09:04:51.083+0000] {sync_mysql_dag.py:206} INFO - Successfully processed amount for ID: 4
[2025-02-21T09:04:51.084+0000] {sync_mysql_dag.py:186} INFO - Inserting amount data: {
  "id": 5,
  "item_id": "FDI60",
  "amount": 17,
  "import_time": "2025-02-21T04:10:05",
  "store_id": "STORE_MYSQL"
}
[2025-02-21T09:04:51.087+0000] {sync_mysql_dag.py:206} INFO - Successfully processed amount for ID: 5
[2025-02-21T09:04:51.088+0000] {sync_mysql_dag.py:186} INFO - Inserting amount data: {
  "id": 6,
  "item_id": "FDX38",
  "amount": 10,
  "import_time": "2025-02-21T04:10:05",
  "store_id": "STORE_MYSQL"
}
[2025-02-21T09:04:51.091+0000] {sync_mysql_dag.py:206} INFO - Successfully processed amount for ID: 6
[2025-02-21T09:04:51.092+0000] {sync_mysql_dag.py:186} INFO - Inserting amount data: {
  "id": 7,
  "item_id": "FDJ52",
  "amount": 138,
  "import_time": "2025-02-21T04:10:05",
  "store_id": "STORE_MYSQL"
}
[2025-02-21T09:04:51.095+0000] {sync_mysql_dag.py:206} INFO - Successfully processed amount for ID: 7
[2025-02-21T09:04:51.096+0000] {sync_mysql_dag.py:186} INFO - Inserting amount data: {
  "id": 8,
  "item_id": "FDX47",
  "amount": 263,
  "import_time": "2025-02-21T04:10:05",
  "store_id": "STORE_MYSQL"
}
[2025-02-21T09:04:51.099+0000] {sync_mysql_dag.py:206} INFO - Successfully processed amount for ID: 8
[2025-02-21T09:04:51.100+0000] {sync_mysql_dag.py:186} INFO - Inserting amount data: {
  "id": 9,
  "item_id": "PRK10",
  "amount": 458,
  "import_time": "2025-02-21T04:10:05",
  "store_id": "STORE_MYSQL"
}
[2025-02-21T09:04:51.104+0000] {sync_mysql_dag.py:206} INFO - Successfully processed amount for ID: 9
[2025-02-21T09:04:51.105+0000] {sync_mysql_dag.py:186} INFO - Inserting amount data: {
  "id": 10,
  "item_id": "VST55",
  "amount": 468,
  "import_time": "2025-02-21T04:10:05",
  "store_id": "STORE_MYSQL"
}
[2025-02-21T09:04:51.108+0000] {sync_mysql_dag.py:206} INFO - Successfully processed amount for ID: 10
[2025-02-21T09:04:51.109+0000] {sync_mysql_dag.py:186} INFO - Inserting amount data: {
  "id": 11,
  "item_id": "BLS44",
  "amount": 341,
  "import_time": "2025-02-21T04:10:05",
  "store_id": "STORE_MYSQL"
}
[2025-02-21T09:04:51.112+0000] {sync_mysql_dag.py:206} INFO - Successfully processed amount for ID: 11
[2025-02-21T09:04:51.113+0000] {sync_mysql_dag.py:186} INFO - Inserting amount data: {
  "id": 12,
  "item_id": "COT56",
  "amount": 255,
  "import_time": "2025-02-21T04:10:05",
  "store_id": "STORE_MYSQL"
}
[2025-02-21T09:04:51.116+0000] {sync_mysql_dag.py:206} INFO - Successfully processed amount for ID: 12
[2025-02-21T09:04:51.117+0000] {sync_mysql_dag.py:186} INFO - Inserting amount data: {
  "id": 13,
  "item_id": "FDL03",
  "amount": 439,
  "import_time": "2025-02-21T04:10:05",
  "store_id": "STORE_MYSQL"
}
[2025-02-21T09:04:51.120+0000] {sync_mysql_dag.py:206} INFO - Successfully processed amount for ID: 13
[2025-02-21T09:04:51.120+0000] {sync_mysql_dag.py:186} INFO - Inserting amount data: {
  "id": 14,
  "item_id": "SWP01",
  "amount": 189,
  "import_time": "2025-02-21T04:10:05",
  "store_id": "STORE_MYSQL"
}
[2025-02-21T09:04:51.123+0000] {sync_mysql_dag.py:206} INFO - Successfully processed amount for ID: 14
[2025-02-21T09:04:51.124+0000] {sync_mysql_dag.py:186} INFO - Inserting amount data: {
  "id": 15,
  "item_id": "FDD53",
  "amount": 421,
  "import_time": "2025-02-21T04:10:05",
  "store_id": "STORE_MYSQL"
}
[2025-02-21T09:04:51.127+0000] {sync_mysql_dag.py:206} INFO - Successfully processed amount for ID: 15
[2025-02-21T09:04:51.128+0000] {sync_mysql_dag.py:186} INFO - Inserting amount data: {
  "id": 16,
  "item_id": "DRA12",
  "amount": 264,
  "import_time": "2025-02-21T04:10:05",
  "store_id": "STORE_MYSQL"
}
[2025-02-21T09:04:51.132+0000] {sync_mysql_dag.py:206} INFO - Successfully processed amount for ID: 16
[2025-02-21T09:04:51.132+0000] {sync_mysql_dag.py:186} INFO - Inserting amount data: {
  "id": 17,
  "item_id": "NCV18",
  "amount": 236,
  "import_time": "2025-02-21T04:10:05",
  "store_id": "STORE_MYSQL"
}
[2025-02-21T09:04:51.136+0000] {sync_mysql_dag.py:206} INFO - Successfully processed amount for ID: 17
[2025-02-21T09:04:51.137+0000] {sync_mysql_dag.py:186} INFO - Inserting amount data: {
  "id": 18,
  "item_id": "NCN29",
  "amount": 149,
  "import_time": "2025-02-21T04:10:05",
  "store_id": "STORE_MYSQL"
}
[2025-02-21T09:04:51.140+0000] {sync_mysql_dag.py:206} INFO - Successfully processed amount for ID: 18
[2025-02-21T09:04:51.141+0000] {sync_mysql_dag.py:186} INFO - Inserting amount data: {
  "id": 19,
  "item_id": "FDI52",
  "amount": 43,
  "import_time": "2025-02-21T04:10:05",
  "store_id": "STORE_MYSQL"
}
[2025-02-21T09:04:51.145+0000] {sync_mysql_dag.py:206} INFO - Successfully processed amount for ID: 19
[2025-02-21T09:04:51.145+0000] {sync_mysql_dag.py:186} INFO - Inserting amount data: {
  "id": 20,
  "item_id": "LGS30",
  "amount": 147,
  "import_time": "2025-02-21T04:10:05",
  "store_id": "STORE_MYSQL"
}
[2025-02-21T09:04:51.151+0000] {sync_mysql_dag.py:206} INFO - Successfully processed amount for ID: 20
[2025-02-21T09:04:51.151+0000] {sync_mysql_dag.py:186} INFO - Inserting amount data: {
  "id": 21,
  "item_id": "BST14",
  "amount": 106,
  "import_time": "2025-02-21T04:10:05",
  "store_id": "STORE_MYSQL"
}
[2025-02-21T09:04:51.155+0000] {sync_mysql_dag.py:206} INFO - Successfully processed amount for ID: 21
[2025-02-21T09:04:51.156+0000] {sync_mysql_dag.py:186} INFO - Inserting amount data: {
  "id": 22,
  "item_id": "JCK44",
  "amount": 241,
  "import_time": "2025-02-21T04:10:05",
  "store_id": "STORE_MYSQL"
}
[2025-02-21T09:04:51.160+0000] {sync_mysql_dag.py:206} INFO - Successfully processed amount for ID: 22
[2025-02-21T09:04:51.161+0000] {sync_mysql_dag.py:186} INFO - Inserting amount data: {
  "id": 23,
  "item_id": "FDQ28",
  "amount": 157,
  "import_time": "2025-02-21T04:10:05",
  "store_id": "STORE_MYSQL"
}
[2025-02-21T09:04:51.166+0000] {sync_mysql_dag.py:206} INFO - Successfully processed amount for ID: 23
[2025-02-21T09:04:51.166+0000] {sync_mysql_dag.py:186} INFO - Inserting amount data: {
  "id": 24,
  "item_id": "FDM58",
  "amount": 346,
  "import_time": "2025-02-21T04:10:05",
  "store_id": "STORE_MYSQL"
}
[2025-02-21T09:04:51.172+0000] {sync_mysql_dag.py:206} INFO - Successfully processed amount for ID: 24
[2025-02-21T09:04:51.172+0000] {sync_mysql_dag.py:186} INFO - Inserting amount data: {
  "id": 25,
  "item_id": "FDT40",
  "amount": 368,
  "import_time": "2025-02-21T04:10:05",
  "store_id": "STORE_MYSQL"
}
[2025-02-21T09:04:51.176+0000] {sync_mysql_dag.py:206} INFO - Successfully processed amount for ID: 25
[2025-02-21T09:04:51.177+0000] {sync_mysql_dag.py:186} INFO - Inserting amount data: {
  "id": 26,
  "item_id": "PNT07",
  "amount": 490,
  "import_time": "2025-02-21T04:10:05",
  "store_id": "STORE_MYSQL"
}
[2025-02-21T09:04:51.181+0000] {sync_mysql_dag.py:206} INFO - Successfully processed amount for ID: 26
[2025-02-21T09:04:51.182+0000] {sync_mysql_dag.py:186} INFO - Inserting amount data: {
  "id": 27,
  "item_id": "NCU41",
  "amount": 455,
  "import_time": "2025-02-21T04:10:05",
  "store_id": "STORE_MYSQL"
}
[2025-02-21T09:04:51.187+0000] {sync_mysql_dag.py:206} INFO - Successfully processed amount for ID: 27
[2025-02-21T09:04:51.188+0000] {sync_mysql_dag.py:186} INFO - Inserting amount data: {
  "id": 28,
  "item_id": "FDT47",
  "amount": 454,
  "import_time": "2025-02-21T04:10:05",
  "store_id": "STORE_MYSQL"
}
[2025-02-21T09:04:51.192+0000] {sync_mysql_dag.py:206} INFO - Successfully processed amount for ID: 28
[2025-02-21T09:04:51.193+0000] {sync_mysql_dag.py:186} INFO - Inserting amount data: {
  "id": 29,
  "item_id": "JPS11",
  "amount": 478,
  "import_time": "2025-02-21T04:10:05",
  "store_id": "STORE_MYSQL"
}
[2025-02-21T09:04:51.196+0000] {sync_mysql_dag.py:206} INFO - Successfully processed amount for ID: 29
[2025-02-21T09:04:51.196+0000] {sync_mysql_dag.py:186} INFO - Inserting amount data: {
  "id": 30,
  "item_id": "PRK44",
  "amount": 193,
  "import_time": "2025-02-21T04:10:05",
  "store_id": "STORE_MYSQL"
}
[2025-02-21T09:04:51.200+0000] {sync_mysql_dag.py:206} INFO - Successfully processed amount for ID: 30
[2025-02-21T09:04:51.201+0000] {sync_mysql_dag.py:186} INFO - Inserting amount data: {
  "id": 31,
  "item_id": "TCT15",
  "amount": 203,
  "import_time": "2025-02-21T04:10:05",
  "store_id": "STORE_MYSQL"
}
[2025-02-21T09:04:51.204+0000] {sync_mysql_dag.py:206} INFO - Successfully processed amount for ID: 31
[2025-02-21T09:04:51.205+0000] {sync_mysql_dag.py:186} INFO - Inserting amount data: {
  "id": 32,
  "item_id": "FDG60",
  "amount": 316,
  "import_time": "2025-02-21T04:10:05",
  "store_id": "STORE_MYSQL"
}
[2025-02-21T09:04:51.211+0000] {sync_mysql_dag.py:206} INFO - Successfully processed amount for ID: 32
[2025-02-21T09:04:51.211+0000] {sync_mysql_dag.py:186} INFO - Inserting amount data: {
  "id": 33,
  "item_id": "FDQ36",
  "amount": 118,
  "import_time": "2025-02-21T04:10:05",
  "store_id": "STORE_MYSQL"
}
[2025-02-21T09:04:51.215+0000] {sync_mysql_dag.py:206} INFO - Successfully processed amount for ID: 33
[2025-02-21T09:04:51.215+0000] {sync_mysql_dag.py:186} INFO - Inserting amount data: {
  "id": 34,
  "item_id": "DRK35",
  "amount": 133,
  "import_time": "2025-02-21T04:10:05",
  "store_id": "STORE_MYSQL"
}
[2025-02-21T09:04:51.219+0000] {sync_mysql_dag.py:206} INFO - Successfully processed amount for ID: 34
[2025-02-21T09:04:51.220+0000] {sync_mysql_dag.py:186} INFO - Inserting amount data: {
  "id": 35,
  "item_id": "NCR18",
  "amount": 88,
  "import_time": "2025-02-21T04:10:05",
  "store_id": "STORE_MYSQL"
}
[2025-02-21T09:04:51.224+0000] {sync_mysql_dag.py:206} INFO - Successfully processed amount for ID: 35
[2025-02-21T09:04:51.225+0000] {sync_mysql_dag.py:186} INFO - Inserting amount data: {
  "id": 36,
  "item_id": "PNT40",
  "amount": 312,
  "import_time": "2025-02-21T04:10:05",
  "store_id": "STORE_MYSQL"
}
[2025-02-21T09:04:51.228+0000] {sync_mysql_dag.py:206} INFO - Successfully processed amount for ID: 36
[2025-02-21T09:04:51.229+0000] {sync_mysql_dag.py:186} INFO - Inserting amount data: {
  "id": 37,
  "item_id": "DRE01",
  "amount": 432,
  "import_time": "2025-02-21T04:10:05",
  "store_id": "STORE_MYSQL"
}
[2025-02-21T09:04:51.233+0000] {sync_mysql_dag.py:206} INFO - Successfully processed amount for ID: 37
[2025-02-21T09:04:51.233+0000] {sync_mysql_dag.py:186} INFO - Inserting amount data: {
  "id": 38,
  "item_id": "FDM51",
  "amount": 267,
  "import_time": "2025-02-21T04:10:05",
  "store_id": "STORE_MYSQL"
}
[2025-02-21T09:04:51.236+0000] {sync_mysql_dag.py:206} INFO - Successfully processed amount for ID: 38
[2025-02-21T09:04:51.237+0000] {sync_mysql_dag.py:186} INFO - Inserting amount data: {
  "id": 39,
  "item_id": "DRS27",
  "amount": 498,
  "import_time": "2025-02-21T04:10:05",
  "store_id": "STORE_MYSQL"
}
[2025-02-21T09:04:51.241+0000] {sync_mysql_dag.py:206} INFO - Successfully processed amount for ID: 39
[2025-02-21T09:04:51.242+0000] {sync_mysql_dag.py:186} INFO - Inserting amount data: {
  "id": 40,
  "item_id": "BLS33",
  "amount": 202,
  "import_time": "2025-02-21T04:10:05",
  "store_id": "STORE_MYSQL"
}
[2025-02-21T09:04:51.246+0000] {sync_mysql_dag.py:206} INFO - Successfully processed amount for ID: 40
[2025-02-21T09:04:51.248+0000] {sync_mysql_dag.py:186} INFO - Inserting amount data: {
  "id": 41,
  "item_id": "SKT02",
  "amount": 345,
  "import_time": "2025-02-21T04:10:05",
  "store_id": "STORE_MYSQL"
}
[2025-02-21T09:04:51.255+0000] {sync_mysql_dag.py:206} INFO - Successfully processed amount for ID: 41
[2025-02-21T09:04:51.256+0000] {sync_mysql_dag.py:186} INFO - Inserting amount data: {
  "id": 42,
  "item_id": "PRK22",
  "amount": 94,
  "import_time": "2025-02-21T04:10:05",
  "store_id": "STORE_MYSQL"
}
[2025-02-21T09:04:51.259+0000] {sync_mysql_dag.py:206} INFO - Successfully processed amount for ID: 42
[2025-02-21T09:04:51.259+0000] {sync_mysql_dag.py:186} INFO - Inserting amount data: {
  "id": 43,
  "item_id": "SKT50",
  "amount": 360,
  "import_time": "2025-02-21T04:10:05",
  "store_id": "STORE_MYSQL"
}
[2025-02-21T09:04:51.263+0000] {sync_mysql_dag.py:206} INFO - Successfully processed amount for ID: 43
[2025-02-21T09:04:51.263+0000] {sync_mysql_dag.py:186} INFO - Inserting amount data: {
  "id": 44,
  "item_id": "FDT58",
  "amount": 461,
  "import_time": "2025-02-21T04:10:05",
  "store_id": "STORE_MYSQL"
}
[2025-02-21T09:04:51.266+0000] {sync_mysql_dag.py:206} INFO - Successfully processed amount for ID: 44
[2025-02-21T09:04:51.267+0000] {sync_mysql_dag.py:186} INFO - Inserting amount data: {
  "id": 45,
  "item_id": "BST21",
  "amount": 289,
  "import_time": "2025-02-21T04:10:05",
  "store_id": "STORE_MYSQL"
}
[2025-02-21T09:04:51.271+0000] {sync_mysql_dag.py:206} INFO - Successfully processed amount for ID: 45
[2025-02-21T09:04:51.271+0000] {sync_mysql_dag.py:186} INFO - Inserting amount data: {
  "id": 46,
  "item_id": "PNT60",
  "amount": 96,
  "import_time": "2025-02-21T04:10:05",
  "store_id": "STORE_MYSQL"
}
[2025-02-21T09:04:51.275+0000] {sync_mysql_dag.py:206} INFO - Successfully processed amount for ID: 46
[2025-02-21T09:04:51.276+0000] {sync_mysql_dag.py:186} INFO - Inserting amount data: {
  "id": 47,
  "item_id": "COT28",
  "amount": 293,
  "import_time": "2025-02-21T04:10:05",
  "store_id": "STORE_MYSQL"
}
[2025-02-21T09:04:51.278+0000] {sync_mysql_dag.py:206} INFO - Successfully processed amount for ID: 47
[2025-02-21T09:04:51.279+0000] {sync_mysql_dag.py:186} INFO - Inserting amount data: {
  "id": 48,
  "item_id": "FDJ50",
  "amount": 172,
  "import_time": "2025-02-21T04:10:05",
  "store_id": "STORE_MYSQL"
}
[2025-02-21T09:04:51.283+0000] {sync_mysql_dag.py:206} INFO - Successfully processed amount for ID: 48
[2025-02-21T09:04:51.283+0000] {sync_mysql_dag.py:186} INFO - Inserting amount data: {
  "id": 49,
  "item_id": "FDI50",
  "amount": 406,
  "import_time": "2025-02-21T04:10:05",
  "store_id": "STORE_MYSQL"
}
[2025-02-21T09:04:51.288+0000] {sync_mysql_dag.py:206} INFO - Successfully processed amount for ID: 49
[2025-02-21T09:04:51.289+0000] {sync_mysql_dag.py:186} INFO - Inserting amount data: {
  "id": 50,
  "item_id": "SKT60",
  "amount": 204,
  "import_time": "2025-02-21T04:10:05",
  "store_id": "STORE_MYSQL"
}
[2025-02-21T09:04:51.292+0000] {sync_mysql_dag.py:206} INFO - Successfully processed amount for ID: 50
[2025-02-21T09:04:51.293+0000] {sync_mysql_dag.py:186} INFO - Inserting amount data: {
  "id": 51,
  "item_id": "DRB48",
  "amount": 152,
  "import_time": "2025-02-21T04:10:05",
  "store_id": "STORE_MYSQL"
}
[2025-02-21T09:04:51.296+0000] {sync_mysql_dag.py:206} INFO - Successfully processed amount for ID: 51
[2025-02-21T09:04:51.297+0000] {sync_mysql_dag.py:186} INFO - Inserting amount data: {
  "id": 52,
  "item_id": "BST46",
  "amount": 251,
  "import_time": "2025-02-21T04:10:05",
  "store_id": "STORE_MYSQL"
}
[2025-02-21T09:04:51.300+0000] {sync_mysql_dag.py:206} INFO - Successfully processed amount for ID: 52
[2025-02-21T09:04:51.301+0000] {sync_mysql_dag.py:186} INFO - Inserting amount data: {
  "id": 53,
  "item_id": "DRF60",
  "amount": 52,
  "import_time": "2025-02-21T04:10:05",
  "store_id": "STORE_MYSQL"
}
[2025-02-21T09:04:51.304+0000] {sync_mysql_dag.py:206} INFO - Successfully processed amount for ID: 53
[2025-02-21T09:04:51.306+0000] {sync_mysql_dag.py:186} INFO - Inserting amount data: {
  "id": 54,
  "item_id": "FDB29",
  "amount": 467,
  "import_time": "2025-02-21T04:10:05",
  "store_id": "STORE_MYSQL"
}
[2025-02-21T09:04:51.309+0000] {sync_mysql_dag.py:206} INFO - Successfully processed amount for ID: 54
[2025-02-21T09:04:51.310+0000] {sync_mysql_dag.py:186} INFO - Inserting amount data: {
  "id": 55,
  "item_id": "JNS37",
  "amount": 354,
  "import_time": "2025-02-21T04:10:05",
  "store_id": "STORE_MYSQL"
}
[2025-02-21T09:04:51.313+0000] {sync_mysql_dag.py:206} INFO - Successfully processed amount for ID: 55
[2025-02-21T09:04:51.314+0000] {sync_mysql_dag.py:186} INFO - Inserting amount data: {
  "id": 56,
  "item_id": "DRG01",
  "amount": 93,
  "import_time": "2025-02-21T04:10:05",
  "store_id": "STORE_MYSQL"
}
[2025-02-21T09:04:51.317+0000] {sync_mysql_dag.py:206} INFO - Successfully processed amount for ID: 56
[2025-02-21T09:04:51.318+0000] {sync_mysql_dag.py:186} INFO - Inserting amount data: {
  "id": 57,
  "item_id": "FDJ03",
  "amount": 363,
  "import_time": "2025-02-21T04:10:05",
  "store_id": "STORE_MYSQL"
}
[2025-02-21T09:04:51.321+0000] {sync_mysql_dag.py:206} INFO - Successfully processed amount for ID: 57
[2025-02-21T09:04:51.322+0000] {sync_mysql_dag.py:186} INFO - Inserting amount data: {
  "id": 58,
  "item_id": "NCJ05",
  "amount": 427,
  "import_time": "2025-02-21T04:10:05",
  "store_id": "STORE_MYSQL"
}
[2025-02-21T09:04:51.325+0000] {sync_mysql_dag.py:206} INFO - Successfully processed amount for ID: 58
[2025-02-21T09:04:51.326+0000] {sync_mysql_dag.py:186} INFO - Inserting amount data: {
  "id": 59,
  "item_id": "NCA17",
  "amount": 286,
  "import_time": "2025-02-21T04:10:05",
  "store_id": "STORE_MYSQL"
}
[2025-02-21T09:04:51.330+0000] {sync_mysql_dag.py:206} INFO - Successfully processed amount for ID: 59
[2025-02-21T09:04:51.331+0000] {sync_mysql_dag.py:186} INFO - Inserting amount data: {
  "id": 60,
  "item_id": "FDM20",
  "amount": 261,
  "import_time": "2025-02-21T04:10:05",
  "store_id": "STORE_MYSQL"
}
[2025-02-21T09:04:51.334+0000] {sync_mysql_dag.py:206} INFO - Successfully processed amount for ID: 60
[2025-02-21T09:04:51.335+0000] {sync_mysql_dag.py:186} INFO - Inserting amount data: {
  "id": 61,
  "item_id": "BST32",
  "amount": 150,
  "import_time": "2025-02-21T04:10:05",
  "store_id": "STORE_MYSQL"
}
[2025-02-21T09:04:51.338+0000] {sync_mysql_dag.py:206} INFO - Successfully processed amount for ID: 61
[2025-02-21T09:04:51.339+0000] {sync_mysql_dag.py:186} INFO - Inserting amount data: {
  "id": 62,
  "item_id": "SKT08",
  "amount": 316,
  "import_time": "2025-02-21T04:10:05",
  "store_id": "STORE_MYSQL"
}
[2025-02-21T09:04:51.342+0000] {sync_mysql_dag.py:206} INFO - Successfully processed amount for ID: 62
[2025-02-21T09:04:51.343+0000] {sync_mysql_dag.py:186} INFO - Inserting amount data: {
  "id": 63,
  "item_id": "NCG06",
  "amount": 239,
  "import_time": "2025-02-21T04:10:05",
  "store_id": "STORE_MYSQL"
}
[2025-02-21T09:04:51.348+0000] {sync_mysql_dag.py:206} INFO - Successfully processed amount for ID: 63
[2025-02-21T09:04:51.348+0000] {sync_mysql_dag.py:186} INFO - Inserting amount data: {
  "id": 64,
  "item_id": "DRE60",
  "amount": 43,
  "import_time": "2025-02-21T04:10:05",
  "store_id": "STORE_MYSQL"
}
[2025-02-21T09:04:51.352+0000] {sync_mysql_dag.py:206} INFO - Successfully processed amount for ID: 64
[2025-02-21T09:04:51.352+0000] {sync_mysql_dag.py:186} INFO - Inserting amount data: {
  "id": 65,
  "item_id": "FDQ13",
  "amount": 457,
  "import_time": "2025-02-21T04:10:05",
  "store_id": "STORE_MYSQL"
}
[2025-02-21T09:04:51.356+0000] {sync_mysql_dag.py:206} INFO - Successfully processed amount for ID: 65
[2025-02-21T09:04:51.356+0000] {sync_mysql_dag.py:186} INFO - Inserting amount data: {
  "id": 66,
  "item_id": "NCH42",
  "amount": 30,
  "import_time": "2025-02-21T04:10:05",
  "store_id": "STORE_MYSQL"
}
[2025-02-21T09:04:51.360+0000] {sync_mysql_dag.py:206} INFO - Successfully processed amount for ID: 66
[2025-02-21T09:04:51.361+0000] {sync_mysql_dag.py:186} INFO - Inserting amount data: {
  "id": 67,
  "item_id": "JNS46",
  "amount": 79,
  "import_time": "2025-02-21T04:10:05",
  "store_id": "STORE_MYSQL"
}
[2025-02-21T09:04:51.365+0000] {sync_mysql_dag.py:206} INFO - Successfully processed amount for ID: 67
[2025-02-21T09:04:51.366+0000] {sync_mysql_dag.py:186} INFO - Inserting amount data: {
  "id": 68,
  "item_id": "FDD11",
  "amount": 87,
  "import_time": "2025-02-21T04:10:05",
  "store_id": "STORE_MYSQL"
}
[2025-02-21T09:04:51.370+0000] {sync_mysql_dag.py:206} INFO - Successfully processed amount for ID: 68
[2025-02-21T09:04:51.371+0000] {sync_mysql_dag.py:186} INFO - Inserting amount data: {
  "id": 69,
  "item_id": "FDM04",
  "amount": 41,
  "import_time": "2025-02-21T04:10:05",
  "store_id": "STORE_MYSQL"
}
[2025-02-21T09:04:51.374+0000] {sync_mysql_dag.py:206} INFO - Successfully processed amount for ID: 69
[2025-02-21T09:04:51.375+0000] {sync_mysql_dag.py:186} INFO - Inserting amount data: {
  "id": 70,
  "item_id": "NCN43",
  "amount": 35,
  "import_time": "2025-02-21T04:10:05",
  "store_id": "STORE_MYSQL"
}
[2025-02-21T09:04:51.379+0000] {sync_mysql_dag.py:206} INFO - Successfully processed amount for ID: 70
[2025-02-21T09:04:51.379+0000] {sync_mysql_dag.py:186} INFO - Inserting amount data: {
  "id": 71,
  "item_id": "HDJ28",
  "amount": 179,
  "import_time": "2025-02-21T04:10:05",
  "store_id": "STORE_MYSQL"
}
[2025-02-21T09:04:51.385+0000] {sync_mysql_dag.py:206} INFO - Successfully processed amount for ID: 71
[2025-02-21T09:04:51.386+0000] {sync_mysql_dag.py:186} INFO - Inserting amount data: {
  "id": 72,
  "item_id": "FDT22",
  "amount": 68,
  "import_time": "2025-02-21T04:10:05",
  "store_id": "STORE_MYSQL"
}
[2025-02-21T09:04:51.390+0000] {sync_mysql_dag.py:206} INFO - Successfully processed amount for ID: 72
[2025-02-21T09:04:51.391+0000] {sync_mysql_dag.py:186} INFO - Inserting amount data: {
  "id": 73,
  "item_id": "NCO06",
  "amount": 397,
  "import_time": "2025-02-21T04:10:05",
  "store_id": "STORE_MYSQL"
}
[2025-02-21T09:04:51.396+0000] {sync_mysql_dag.py:206} INFO - Successfully processed amount for ID: 73
[2025-02-21T09:04:51.397+0000] {sync_mysql_dag.py:186} INFO - Inserting amount data: {
  "id": 74,
  "item_id": "NCM06",
  "amount": 48,
  "import_time": "2025-02-21T04:10:05",
  "store_id": "STORE_MYSQL"
}
[2025-02-21T09:04:51.401+0000] {sync_mysql_dag.py:206} INFO - Successfully processed amount for ID: 74
[2025-02-21T09:04:51.402+0000] {sync_mysql_dag.py:186} INFO - Inserting amount data: {
  "id": 75,
  "item_id": "NCF55",
  "amount": 496,
  "import_time": "2025-02-21T04:10:05",
  "store_id": "STORE_MYSQL"
}
[2025-02-21T09:04:51.408+0000] {sync_mysql_dag.py:206} INFO - Successfully processed amount for ID: 75
[2025-02-21T09:04:51.409+0000] {sync_mysql_dag.py:186} INFO - Inserting amount data: {
  "id": 76,
  "item_id": "NCF06",
  "amount": 314,
  "import_time": "2025-02-21T04:10:05",
  "store_id": "STORE_MYSQL"
}
[2025-02-21T09:04:51.414+0000] {sync_mysql_dag.py:206} INFO - Successfully processed amount for ID: 76
[2025-02-21T09:04:51.414+0000] {sync_mysql_dag.py:186} INFO - Inserting amount data: {
  "id": 77,
  "item_id": "TCT02",
  "amount": 375,
  "import_time": "2025-02-21T04:10:05",
  "store_id": "STORE_MYSQL"
}
[2025-02-21T09:04:51.419+0000] {sync_mysql_dag.py:206} INFO - Successfully processed amount for ID: 77
[2025-02-21T09:04:51.420+0000] {sync_mysql_dag.py:186} INFO - Inserting amount data: {
  "id": 78,
  "item_id": "FDB12",
  "amount": 452,
  "import_time": "2025-02-21T04:10:05",
  "store_id": "STORE_MYSQL"
}
[2025-02-21T09:04:51.427+0000] {sync_mysql_dag.py:206} INFO - Successfully processed amount for ID: 78
[2025-02-21T09:04:51.429+0000] {sync_mysql_dag.py:186} INFO - Inserting amount data: {
  "id": 79,
  "item_id": "OCT48",
  "amount": 442,
  "import_time": "2025-02-21T04:10:05",
  "store_id": "STORE_MYSQL"
}
[2025-02-21T09:04:51.434+0000] {sync_mysql_dag.py:206} INFO - Successfully processed amount for ID: 79
[2025-02-21T09:04:51.434+0000] {sync_mysql_dag.py:186} INFO - Inserting amount data: {
  "id": 80,
  "item_id": "FDQ07",
  "amount": 97,
  "import_time": "2025-02-21T04:10:05",
  "store_id": "STORE_MYSQL"
}
[2025-02-21T09:04:51.439+0000] {sync_mysql_dag.py:206} INFO - Successfully processed amount for ID: 80
[2025-02-21T09:04:51.439+0000] {sync_mysql_dag.py:186} INFO - Inserting amount data: {
  "id": 81,
  "item_id": "DRF25",
  "amount": 342,
  "import_time": "2025-02-21T04:10:05",
  "store_id": "STORE_MYSQL"
}
[2025-02-21T09:04:51.445+0000] {sync_mysql_dag.py:206} INFO - Successfully processed amount for ID: 81
[2025-02-21T09:04:51.447+0000] {sync_mysql_dag.py:186} INFO - Inserting amount data: {
  "id": 82,
  "item_id": "FDG41",
  "amount": 139,
  "import_time": "2025-02-21T04:10:05",
  "store_id": "STORE_MYSQL"
}
[2025-02-21T09:04:51.452+0000] {sync_mysql_dag.py:206} INFO - Successfully processed amount for ID: 82
[2025-02-21T09:04:51.453+0000] {sync_mysql_dag.py:186} INFO - Inserting amount data: {
  "id": 83,
  "item_id": "FDX20",
  "amount": 198,
  "import_time": "2025-02-21T04:10:05",
  "store_id": "STORE_MYSQL"
}
[2025-02-21T09:04:51.456+0000] {sync_mysql_dag.py:206} INFO - Successfully processed amount for ID: 83
[2025-02-21T09:04:51.456+0000] {sync_mysql_dag.py:186} INFO - Inserting amount data: {
  "id": 84,
  "item_id": "TSH27",
  "amount": 42,
  "import_time": "2025-02-21T04:10:05",
  "store_id": "STORE_MYSQL"
}
[2025-02-21T09:04:51.460+0000] {sync_mysql_dag.py:206} INFO - Successfully processed amount for ID: 84
[2025-02-21T09:04:51.460+0000] {sync_mysql_dag.py:186} INFO - Inserting amount data: {
  "id": 85,
  "item_id": "BJK04",
  "amount": 338,
  "import_time": "2025-02-21T04:10:05",
  "store_id": "STORE_MYSQL"
}
[2025-02-21T09:04:51.465+0000] {sync_mysql_dag.py:206} INFO - Successfully processed amount for ID: 85
[2025-02-21T09:04:51.466+0000] {sync_mysql_dag.py:186} INFO - Inserting amount data: {
  "id": 86,
  "item_id": "FDM36",
  "amount": 369,
  "import_time": "2025-02-21T04:10:05",
  "store_id": "STORE_MYSQL"
}
[2025-02-21T09:04:51.470+0000] {sync_mysql_dag.py:206} INFO - Successfully processed amount for ID: 86
[2025-02-21T09:04:51.471+0000] {sync_mysql_dag.py:186} INFO - Inserting amount data: {
  "id": 87,
  "item_id": "FDL57",
  "amount": 183,
  "import_time": "2025-02-21T04:10:05",
  "store_id": "STORE_MYSQL"
}
[2025-02-21T09:04:51.474+0000] {sync_mysql_dag.py:206} INFO - Successfully processed amount for ID: 87
[2025-02-21T09:04:51.475+0000] {sync_mysql_dag.py:186} INFO - Inserting amount data: {
  "id": 88,
  "item_id": "NCL42",
  "amount": 331,
  "import_time": "2025-02-21T04:10:05",
  "store_id": "STORE_MYSQL"
}
[2025-02-21T09:04:51.479+0000] {sync_mysql_dag.py:206} INFO - Successfully processed amount for ID: 88
[2025-02-21T09:04:51.480+0000] {sync_mysql_dag.py:186} INFO - Inserting amount data: {
  "id": 89,
  "item_id": "FDJ36",
  "amount": 66,
  "import_time": "2025-02-21T04:10:05",
  "store_id": "STORE_MYSQL"
}
[2025-02-21T09:04:51.486+0000] {sync_mysql_dag.py:206} INFO - Successfully processed amount for ID: 89
[2025-02-21T09:04:51.487+0000] {sync_mysql_dag.py:186} INFO - Inserting amount data: {
  "id": 90,
  "item_id": "HDJ52",
  "amount": 389,
  "import_time": "2025-02-21T04:10:05",
  "store_id": "STORE_MYSQL"
}
[2025-02-21T09:04:51.492+0000] {sync_mysql_dag.py:206} INFO - Successfully processed amount for ID: 90
[2025-02-21T09:04:51.493+0000] {sync_mysql_dag.py:186} INFO - Inserting amount data: {
  "id": 91,
  "item_id": "DRL01",
  "amount": 173,
  "import_time": "2025-02-21T04:10:05",
  "store_id": "STORE_MYSQL"
}
[2025-02-21T09:04:51.496+0000] {sync_mysql_dag.py:206} INFO - Successfully processed amount for ID: 91
[2025-02-21T09:04:51.497+0000] {sync_mysql_dag.py:186} INFO - Inserting amount data: {
  "id": 92,
  "item_id": "PJB17",
  "amount": 118,
  "import_time": "2025-02-21T04:10:05",
  "store_id": "STORE_MYSQL"
}
[2025-02-21T09:04:51.499+0000] {sync_mysql_dag.py:206} INFO - Successfully processed amount for ID: 92
[2025-02-21T09:04:51.500+0000] {sync_mysql_dag.py:186} INFO - Inserting amount data: {
  "id": 93,
  "item_id": "HDJ57",
  "amount": 159,
  "import_time": "2025-02-21T04:10:05",
  "store_id": "STORE_MYSQL"
}
[2025-02-21T09:04:51.504+0000] {sync_mysql_dag.py:206} INFO - Successfully processed amount for ID: 93
[2025-02-21T09:04:51.505+0000] {sync_mysql_dag.py:186} INFO - Inserting amount data: {
  "id": 94,
  "item_id": "BJK35",
  "amount": 394,
  "import_time": "2025-02-21T04:10:05",
  "store_id": "STORE_MYSQL"
}
[2025-02-21T09:04:51.509+0000] {sync_mysql_dag.py:206} INFO - Successfully processed amount for ID: 94
[2025-02-21T09:04:51.510+0000] {sync_mysql_dag.py:186} INFO - Inserting amount data: {
  "id": 95,
  "item_id": "TCT39",
  "amount": 135,
  "import_time": "2025-02-21T04:10:05",
  "store_id": "STORE_MYSQL"
}
[2025-02-21T09:04:51.512+0000] {sync_mysql_dag.py:206} INFO - Successfully processed amount for ID: 95
[2025-02-21T09:04:51.513+0000] {sync_mysql_dag.py:186} INFO - Inserting amount data: {
  "id": 96,
  "item_id": "VST31",
  "amount": 179,
  "import_time": "2025-02-21T04:10:05",
  "store_id": "STORE_MYSQL"
}
[2025-02-21T09:04:51.518+0000] {sync_mysql_dag.py:206} INFO - Successfully processed amount for ID: 96
[2025-02-21T09:04:51.519+0000] {sync_mysql_dag.py:186} INFO - Inserting amount data: {
  "id": 97,
  "item_id": "OCT33",
  "amount": 4,
  "import_time": "2025-02-21T04:10:05",
  "store_id": "STORE_MYSQL"
}
[2025-02-21T09:04:51.525+0000] {sync_mysql_dag.py:206} INFO - Successfully processed amount for ID: 97
[2025-02-21T09:04:51.527+0000] {sync_mysql_dag.py:186} INFO - Inserting amount data: {
  "id": 98,
  "item_id": "DRS03",
  "amount": 447,
  "import_time": "2025-02-21T04:10:05",
  "store_id": "STORE_MYSQL"
}
[2025-02-21T09:04:51.532+0000] {sync_mysql_dag.py:206} INFO - Successfully processed amount for ID: 98
[2025-02-21T09:04:51.533+0000] {sync_mysql_dag.py:186} INFO - Inserting amount data: {
  "id": 99,
  "item_id": "LGS42",
  "amount": 430,
  "import_time": "2025-02-21T04:10:05",
  "store_id": "STORE_MYSQL"
}
[2025-02-21T09:04:51.538+0000] {sync_mysql_dag.py:206} INFO - Successfully processed amount for ID: 99
[2025-02-21T09:04:51.539+0000] {sync_mysql_dag.py:186} INFO - Inserting amount data: {
  "id": 100,
  "item_id": "FDX04",
  "amount": 453,
  "import_time": "2025-02-21T04:10:05",
  "store_id": "STORE_MYSQL"
}
[2025-02-21T09:04:51.543+0000] {sync_mysql_dag.py:206} INFO - Successfully processed amount for ID: 100
[2025-02-21T09:04:51.543+0000] {sync_mysql_dag.py:186} INFO - Inserting amount data: {
  "id": 1,
  "item_id": "FDG08",
  "amount": 4,
  "import_time": "2025-02-21T04:10:05",
  "store_id": "STORE_MYSQL"
}
[2025-02-21T09:04:51.549+0000] {sync_mysql_dag.py:206} INFO - Successfully processed amount for ID: 1
[2025-02-21T09:04:51.549+0000] {sync_mysql_dag.py:186} INFO - Inserting amount data: {
  "id": 2,
  "item_id": "DRS12",
  "amount": 5,
  "import_time": "2025-02-21T04:10:05",
  "store_id": "STORE_MYSQL"
}
[2025-02-21T09:04:51.554+0000] {sync_mysql_dag.py:206} INFO - Successfully processed amount for ID: 2
[2025-02-21T09:04:51.555+0000] {sync_mysql_dag.py:186} INFO - Inserting amount data: {
  "id": 3,
  "item_id": "FDB45",
  "amount": 220,
  "import_time": "2025-02-21T04:10:05",
  "store_id": "STORE_MYSQL"
}
[2025-02-21T09:04:51.559+0000] {sync_mysql_dag.py:206} INFO - Successfully processed amount for ID: 3
[2025-02-21T09:04:51.560+0000] {sync_mysql_dag.py:186} INFO - Inserting amount data: {
  "id": 4,
  "item_id": "FDT16",
  "amount": 385,
  "import_time": "2025-02-21T04:10:05",
  "store_id": "STORE_MYSQL"
}
[2025-02-21T09:04:51.564+0000] {sync_mysql_dag.py:206} INFO - Successfully processed amount for ID: 4
[2025-02-21T09:04:51.565+0000] {sync_mysql_dag.py:186} INFO - Inserting amount data: {
  "id": 5,
  "item_id": "FDI60",
  "amount": 17,
  "import_time": "2025-02-21T04:10:05",
  "store_id": "STORE_MYSQL"
}
[2025-02-21T09:04:51.569+0000] {sync_mysql_dag.py:206} INFO - Successfully processed amount for ID: 5
[2025-02-21T09:04:51.569+0000] {sync_mysql_dag.py:186} INFO - Inserting amount data: {
  "id": 6,
  "item_id": "FDX38",
  "amount": 10,
  "import_time": "2025-02-21T04:10:05",
  "store_id": "STORE_MYSQL"
}
[2025-02-21T09:04:51.575+0000] {sync_mysql_dag.py:206} INFO - Successfully processed amount for ID: 6
[2025-02-21T09:04:51.575+0000] {sync_mysql_dag.py:186} INFO - Inserting amount data: {
  "id": 7,
  "item_id": "FDJ52",
  "amount": 138,
  "import_time": "2025-02-21T04:10:05",
  "store_id": "STORE_MYSQL"
}
[2025-02-21T09:04:51.578+0000] {sync_mysql_dag.py:206} INFO - Successfully processed amount for ID: 7
[2025-02-21T09:04:51.579+0000] {sync_mysql_dag.py:186} INFO - Inserting amount data: {
  "id": 8,
  "item_id": "FDX47",
  "amount": 263,
  "import_time": "2025-02-21T04:10:05",
  "store_id": "STORE_MYSQL"
}
[2025-02-21T09:04:51.586+0000] {sync_mysql_dag.py:206} INFO - Successfully processed amount for ID: 8
[2025-02-21T09:04:51.586+0000] {sync_mysql_dag.py:186} INFO - Inserting amount data: {
  "id": 9,
  "item_id": "PRK10",
  "amount": 458,
  "import_time": "2025-02-21T04:10:05",
  "store_id": "STORE_MYSQL"
}
[2025-02-21T09:04:51.591+0000] {sync_mysql_dag.py:206} INFO - Successfully processed amount for ID: 9
[2025-02-21T09:04:51.591+0000] {sync_mysql_dag.py:186} INFO - Inserting amount data: {
  "id": 10,
  "item_id": "VST55",
  "amount": 468,
  "import_time": "2025-02-21T04:10:05",
  "store_id": "STORE_MYSQL"
}
[2025-02-21T09:04:51.596+0000] {sync_mysql_dag.py:206} INFO - Successfully processed amount for ID: 10
[2025-02-21T09:04:51.596+0000] {sync_mysql_dag.py:186} INFO - Inserting amount data: {
  "id": 11,
  "item_id": "BLS44",
  "amount": 341,
  "import_time": "2025-02-21T04:10:05",
  "store_id": "STORE_MYSQL"
}
[2025-02-21T09:04:51.599+0000] {sync_mysql_dag.py:206} INFO - Successfully processed amount for ID: 11
[2025-02-21T09:04:51.600+0000] {sync_mysql_dag.py:186} INFO - Inserting amount data: {
  "id": 12,
  "item_id": "COT56",
  "amount": 255,
  "import_time": "2025-02-21T04:10:05",
  "store_id": "STORE_MYSQL"
}
[2025-02-21T09:04:51.604+0000] {sync_mysql_dag.py:206} INFO - Successfully processed amount for ID: 12
[2025-02-21T09:04:51.604+0000] {sync_mysql_dag.py:186} INFO - Inserting amount data: {
  "id": 13,
  "item_id": "FDL03",
  "amount": 439,
  "import_time": "2025-02-21T04:10:05",
  "store_id": "STORE_MYSQL"
}
[2025-02-21T09:04:51.609+0000] {sync_mysql_dag.py:206} INFO - Successfully processed amount for ID: 13
[2025-02-21T09:04:51.610+0000] {sync_mysql_dag.py:186} INFO - Inserting amount data: {
  "id": 14,
  "item_id": "SWP01",
  "amount": 189,
  "import_time": "2025-02-21T04:10:05",
  "store_id": "STORE_MYSQL"
}
[2025-02-21T09:04:51.613+0000] {sync_mysql_dag.py:206} INFO - Successfully processed amount for ID: 14
[2025-02-21T09:04:51.614+0000] {sync_mysql_dag.py:186} INFO - Inserting amount data: {
  "id": 15,
  "item_id": "FDD53",
  "amount": 421,
  "import_time": "2025-02-21T04:10:05",
  "store_id": "STORE_MYSQL"
}
[2025-02-21T09:04:51.618+0000] {sync_mysql_dag.py:206} INFO - Successfully processed amount for ID: 15
[2025-02-21T09:04:51.618+0000] {sync_mysql_dag.py:186} INFO - Inserting amount data: {
  "id": 16,
  "item_id": "DRA12",
  "amount": 264,
  "import_time": "2025-02-21T04:10:05",
  "store_id": "STORE_MYSQL"
}
[2025-02-21T09:04:51.622+0000] {sync_mysql_dag.py:206} INFO - Successfully processed amount for ID: 16
[2025-02-21T09:04:51.623+0000] {sync_mysql_dag.py:186} INFO - Inserting amount data: {
  "id": 17,
  "item_id": "NCV18",
  "amount": 236,
  "import_time": "2025-02-21T04:10:05",
  "store_id": "STORE_MYSQL"
}
[2025-02-21T09:04:51.627+0000] {sync_mysql_dag.py:206} INFO - Successfully processed amount for ID: 17
[2025-02-21T09:04:51.629+0000] {sync_mysql_dag.py:186} INFO - Inserting amount data: {
  "id": 18,
  "item_id": "NCN29",
  "amount": 149,
  "import_time": "2025-02-21T04:10:05",
  "store_id": "STORE_MYSQL"
}
[2025-02-21T09:04:51.632+0000] {sync_mysql_dag.py:206} INFO - Successfully processed amount for ID: 18
[2025-02-21T09:04:51.633+0000] {sync_mysql_dag.py:186} INFO - Inserting amount data: {
  "id": 19,
  "item_id": "FDI52",
  "amount": 43,
  "import_time": "2025-02-21T04:10:05",
  "store_id": "STORE_MYSQL"
}
[2025-02-21T09:04:51.636+0000] {sync_mysql_dag.py:206} INFO - Successfully processed amount for ID: 19
[2025-02-21T09:04:51.637+0000] {sync_mysql_dag.py:186} INFO - Inserting amount data: {
  "id": 20,
  "item_id": "LGS30",
  "amount": 147,
  "import_time": "2025-02-21T04:10:05",
  "store_id": "STORE_MYSQL"
}
[2025-02-21T09:04:51.640+0000] {sync_mysql_dag.py:206} INFO - Successfully processed amount for ID: 20
[2025-02-21T09:04:51.640+0000] {sync_mysql_dag.py:186} INFO - Inserting amount data: {
  "id": 21,
  "item_id": "BST14",
  "amount": 106,
  "import_time": "2025-02-21T04:10:05",
  "store_id": "STORE_MYSQL"
}
[2025-02-21T09:04:51.644+0000] {sync_mysql_dag.py:206} INFO - Successfully processed amount for ID: 21
[2025-02-21T09:04:51.645+0000] {sync_mysql_dag.py:186} INFO - Inserting amount data: {
  "id": 22,
  "item_id": "JCK44",
  "amount": 241,
  "import_time": "2025-02-21T04:10:05",
  "store_id": "STORE_MYSQL"
}
[2025-02-21T09:04:51.649+0000] {sync_mysql_dag.py:206} INFO - Successfully processed amount for ID: 22
[2025-02-21T09:04:51.649+0000] {sync_mysql_dag.py:186} INFO - Inserting amount data: {
  "id": 23,
  "item_id": "FDQ28",
  "amount": 157,
  "import_time": "2025-02-21T04:10:05",
  "store_id": "STORE_MYSQL"
}
[2025-02-21T09:04:51.653+0000] {sync_mysql_dag.py:206} INFO - Successfully processed amount for ID: 23
[2025-02-21T09:04:51.654+0000] {sync_mysql_dag.py:186} INFO - Inserting amount data: {
  "id": 24,
  "item_id": "FDM58",
  "amount": 346,
  "import_time": "2025-02-21T04:10:05",
  "store_id": "STORE_MYSQL"
}
[2025-02-21T09:04:51.657+0000] {sync_mysql_dag.py:206} INFO - Successfully processed amount for ID: 24
[2025-02-21T09:04:51.658+0000] {sync_mysql_dag.py:186} INFO - Inserting amount data: {
  "id": 25,
  "item_id": "FDT40",
  "amount": 368,
  "import_time": "2025-02-21T04:10:05",
  "store_id": "STORE_MYSQL"
}
[2025-02-21T09:04:51.661+0000] {sync_mysql_dag.py:206} INFO - Successfully processed amount for ID: 25
[2025-02-21T09:04:51.661+0000] {sync_mysql_dag.py:186} INFO - Inserting amount data: {
  "id": 26,
  "item_id": "PNT07",
  "amount": 490,
  "import_time": "2025-02-21T04:10:05",
  "store_id": "STORE_MYSQL"
}
[2025-02-21T09:04:51.664+0000] {sync_mysql_dag.py:206} INFO - Successfully processed amount for ID: 26
[2025-02-21T09:04:51.665+0000] {sync_mysql_dag.py:186} INFO - Inserting amount data: {
  "id": 27,
  "item_id": "NCU41",
  "amount": 455,
  "import_time": "2025-02-21T04:10:05",
  "store_id": "STORE_MYSQL"
}
[2025-02-21T09:04:51.668+0000] {sync_mysql_dag.py:206} INFO - Successfully processed amount for ID: 27
[2025-02-21T09:04:51.669+0000] {sync_mysql_dag.py:186} INFO - Inserting amount data: {
  "id": 28,
  "item_id": "FDT47",
  "amount": 454,
  "import_time": "2025-02-21T04:10:05",
  "store_id": "STORE_MYSQL"
}
[2025-02-21T09:04:51.673+0000] {sync_mysql_dag.py:206} INFO - Successfully processed amount for ID: 28
[2025-02-21T09:04:51.674+0000] {sync_mysql_dag.py:186} INFO - Inserting amount data: {
  "id": 29,
  "item_id": "JPS11",
  "amount": 478,
  "import_time": "2025-02-21T04:10:05",
  "store_id": "STORE_MYSQL"
}
[2025-02-21T09:04:51.677+0000] {sync_mysql_dag.py:206} INFO - Successfully processed amount for ID: 29
[2025-02-21T09:04:51.678+0000] {sync_mysql_dag.py:186} INFO - Inserting amount data: {
  "id": 30,
  "item_id": "PRK44",
  "amount": 193,
  "import_time": "2025-02-21T04:10:05",
  "store_id": "STORE_MYSQL"
}
[2025-02-21T09:04:51.680+0000] {sync_mysql_dag.py:206} INFO - Successfully processed amount for ID: 30
[2025-02-21T09:04:51.681+0000] {sync_mysql_dag.py:186} INFO - Inserting amount data: {
  "id": 31,
  "item_id": "TCT15",
  "amount": 203,
  "import_time": "2025-02-21T04:10:05",
  "store_id": "STORE_MYSQL"
}
[2025-02-21T09:04:51.684+0000] {sync_mysql_dag.py:206} INFO - Successfully processed amount for ID: 31
[2025-02-21T09:04:51.685+0000] {sync_mysql_dag.py:186} INFO - Inserting amount data: {
  "id": 32,
  "item_id": "FDG60",
  "amount": 316,
  "import_time": "2025-02-21T04:10:05",
  "store_id": "STORE_MYSQL"
}
[2025-02-21T09:04:51.688+0000] {sync_mysql_dag.py:206} INFO - Successfully processed amount for ID: 32
[2025-02-21T09:04:51.689+0000] {sync_mysql_dag.py:186} INFO - Inserting amount data: {
  "id": 33,
  "item_id": "FDQ36",
  "amount": 118,
  "import_time": "2025-02-21T04:10:05",
  "store_id": "STORE_MYSQL"
}
[2025-02-21T09:04:51.693+0000] {sync_mysql_dag.py:206} INFO - Successfully processed amount for ID: 33
[2025-02-21T09:04:51.693+0000] {sync_mysql_dag.py:186} INFO - Inserting amount data: {
  "id": 34,
  "item_id": "DRK35",
  "amount": 133,
  "import_time": "2025-02-21T04:10:05",
  "store_id": "STORE_MYSQL"
}
[2025-02-21T09:04:51.697+0000] {sync_mysql_dag.py:206} INFO - Successfully processed amount for ID: 34
[2025-02-21T09:04:51.697+0000] {sync_mysql_dag.py:186} INFO - Inserting amount data: {
  "id": 35,
  "item_id": "NCR18",
  "amount": 88,
  "import_time": "2025-02-21T04:10:05",
  "store_id": "STORE_MYSQL"
}
[2025-02-21T09:04:51.700+0000] {sync_mysql_dag.py:206} INFO - Successfully processed amount for ID: 35
[2025-02-21T09:04:51.701+0000] {sync_mysql_dag.py:186} INFO - Inserting amount data: {
  "id": 36,
  "item_id": "PNT40",
  "amount": 312,
  "import_time": "2025-02-21T04:10:05",
  "store_id": "STORE_MYSQL"
}
[2025-02-21T09:04:51.703+0000] {sync_mysql_dag.py:206} INFO - Successfully processed amount for ID: 36
[2025-02-21T09:04:51.704+0000] {sync_mysql_dag.py:186} INFO - Inserting amount data: {
  "id": 37,
  "item_id": "DRE01",
  "amount": 432,
  "import_time": "2025-02-21T04:10:05",
  "store_id": "STORE_MYSQL"
}
[2025-02-21T09:04:51.706+0000] {sync_mysql_dag.py:206} INFO - Successfully processed amount for ID: 37
[2025-02-21T09:04:51.707+0000] {sync_mysql_dag.py:186} INFO - Inserting amount data: {
  "id": 38,
  "item_id": "FDM51",
  "amount": 267,
  "import_time": "2025-02-21T04:10:05",
  "store_id": "STORE_MYSQL"
}
[2025-02-21T09:04:51.711+0000] {sync_mysql_dag.py:206} INFO - Successfully processed amount for ID: 38
[2025-02-21T09:04:51.712+0000] {sync_mysql_dag.py:186} INFO - Inserting amount data: {
  "id": 39,
  "item_id": "DRS27",
  "amount": 498,
  "import_time": "2025-02-21T04:10:05",
  "store_id": "STORE_MYSQL"
}
[2025-02-21T09:04:51.715+0000] {sync_mysql_dag.py:206} INFO - Successfully processed amount for ID: 39
[2025-02-21T09:04:51.715+0000] {sync_mysql_dag.py:186} INFO - Inserting amount data: {
  "id": 40,
  "item_id": "BLS33",
  "amount": 202,
  "import_time": "2025-02-21T04:10:05",
  "store_id": "STORE_MYSQL"
}
[2025-02-21T09:04:51.719+0000] {sync_mysql_dag.py:206} INFO - Successfully processed amount for ID: 40
[2025-02-21T09:04:51.719+0000] {sync_mysql_dag.py:186} INFO - Inserting amount data: {
  "id": 41,
  "item_id": "SKT02",
  "amount": 345,
  "import_time": "2025-02-21T04:10:05",
  "store_id": "STORE_MYSQL"
}
[2025-02-21T09:04:51.722+0000] {sync_mysql_dag.py:206} INFO - Successfully processed amount for ID: 41
[2025-02-21T09:04:51.722+0000] {sync_mysql_dag.py:186} INFO - Inserting amount data: {
  "id": 42,
  "item_id": "PRK22",
  "amount": 94,
  "import_time": "2025-02-21T04:10:05",
  "store_id": "STORE_MYSQL"
}
[2025-02-21T09:04:51.725+0000] {sync_mysql_dag.py:206} INFO - Successfully processed amount for ID: 42
[2025-02-21T09:04:51.726+0000] {sync_mysql_dag.py:186} INFO - Inserting amount data: {
  "id": 43,
  "item_id": "SKT50",
  "amount": 360,
  "import_time": "2025-02-21T04:10:05",
  "store_id": "STORE_MYSQL"
}
[2025-02-21T09:04:51.729+0000] {sync_mysql_dag.py:206} INFO - Successfully processed amount for ID: 43
[2025-02-21T09:04:51.730+0000] {sync_mysql_dag.py:186} INFO - Inserting amount data: {
  "id": 44,
  "item_id": "FDT58",
  "amount": 461,
  "import_time": "2025-02-21T04:10:05",
  "store_id": "STORE_MYSQL"
}
[2025-02-21T09:04:51.733+0000] {sync_mysql_dag.py:206} INFO - Successfully processed amount for ID: 44
[2025-02-21T09:04:51.734+0000] {sync_mysql_dag.py:186} INFO - Inserting amount data: {
  "id": 45,
  "item_id": "BST21",
  "amount": 289,
  "import_time": "2025-02-21T04:10:05",
  "store_id": "STORE_MYSQL"
}
[2025-02-21T09:04:51.737+0000] {sync_mysql_dag.py:206} INFO - Successfully processed amount for ID: 45
[2025-02-21T09:04:51.738+0000] {sync_mysql_dag.py:186} INFO - Inserting amount data: {
  "id": 46,
  "item_id": "PNT60",
  "amount": 96,
  "import_time": "2025-02-21T04:10:05",
  "store_id": "STORE_MYSQL"
}
[2025-02-21T09:04:51.741+0000] {sync_mysql_dag.py:206} INFO - Successfully processed amount for ID: 46
[2025-02-21T09:04:51.742+0000] {sync_mysql_dag.py:186} INFO - Inserting amount data: {
  "id": 47,
  "item_id": "COT28",
  "amount": 293,
  "import_time": "2025-02-21T04:10:05",
  "store_id": "STORE_MYSQL"
}
[2025-02-21T09:04:51.747+0000] {sync_mysql_dag.py:206} INFO - Successfully processed amount for ID: 47
[2025-02-21T09:04:51.747+0000] {sync_mysql_dag.py:186} INFO - Inserting amount data: {
  "id": 48,
  "item_id": "FDJ50",
  "amount": 172,
  "import_time": "2025-02-21T04:10:05",
  "store_id": "STORE_MYSQL"
}
[2025-02-21T09:04:51.750+0000] {sync_mysql_dag.py:206} INFO - Successfully processed amount for ID: 48
[2025-02-21T09:04:51.750+0000] {sync_mysql_dag.py:186} INFO - Inserting amount data: {
  "id": 49,
  "item_id": "FDI50",
  "amount": 406,
  "import_time": "2025-02-21T04:10:05",
  "store_id": "STORE_MYSQL"
}
[2025-02-21T09:04:51.753+0000] {sync_mysql_dag.py:206} INFO - Successfully processed amount for ID: 49
[2025-02-21T09:04:51.753+0000] {sync_mysql_dag.py:186} INFO - Inserting amount data: {
  "id": 50,
  "item_id": "SKT60",
  "amount": 204,
  "import_time": "2025-02-21T04:10:05",
  "store_id": "STORE_MYSQL"
}
[2025-02-21T09:04:51.757+0000] {sync_mysql_dag.py:206} INFO - Successfully processed amount for ID: 50
[2025-02-21T09:04:51.758+0000] {sync_mysql_dag.py:186} INFO - Inserting amount data: {
  "id": 51,
  "item_id": "DRB48",
  "amount": 152,
  "import_time": "2025-02-21T04:10:05",
  "store_id": "STORE_MYSQL"
}
[2025-02-21T09:04:51.761+0000] {sync_mysql_dag.py:206} INFO - Successfully processed amount for ID: 51
[2025-02-21T09:04:51.762+0000] {sync_mysql_dag.py:186} INFO - Inserting amount data: {
  "id": 52,
  "item_id": "BST46",
  "amount": 251,
  "import_time": "2025-02-21T04:10:05",
  "store_id": "STORE_MYSQL"
}
[2025-02-21T09:04:51.766+0000] {sync_mysql_dag.py:206} INFO - Successfully processed amount for ID: 52
[2025-02-21T09:04:51.767+0000] {sync_mysql_dag.py:186} INFO - Inserting amount data: {
  "id": 53,
  "item_id": "DRF60",
  "amount": 52,
  "import_time": "2025-02-21T04:10:05",
  "store_id": "STORE_MYSQL"
}
[2025-02-21T09:04:51.770+0000] {sync_mysql_dag.py:206} INFO - Successfully processed amount for ID: 53
[2025-02-21T09:04:51.771+0000] {sync_mysql_dag.py:186} INFO - Inserting amount data: {
  "id": 54,
  "item_id": "FDB29",
  "amount": 467,
  "import_time": "2025-02-21T04:10:05",
  "store_id": "STORE_MYSQL"
}
[2025-02-21T09:04:51.774+0000] {sync_mysql_dag.py:206} INFO - Successfully processed amount for ID: 54
[2025-02-21T09:04:51.775+0000] {sync_mysql_dag.py:186} INFO - Inserting amount data: {
  "id": 55,
  "item_id": "JNS37",
  "amount": 354,
  "import_time": "2025-02-21T04:10:05",
  "store_id": "STORE_MYSQL"
}
[2025-02-21T09:04:51.778+0000] {sync_mysql_dag.py:206} INFO - Successfully processed amount for ID: 55
[2025-02-21T09:04:51.779+0000] {sync_mysql_dag.py:186} INFO - Inserting amount data: {
  "id": 56,
  "item_id": "DRG01",
  "amount": 93,
  "import_time": "2025-02-21T04:10:05",
  "store_id": "STORE_MYSQL"
}
[2025-02-21T09:04:51.783+0000] {sync_mysql_dag.py:206} INFO - Successfully processed amount for ID: 56
[2025-02-21T09:04:51.783+0000] {sync_mysql_dag.py:186} INFO - Inserting amount data: {
  "id": 57,
  "item_id": "FDJ03",
  "amount": 363,
  "import_time": "2025-02-21T04:10:05",
  "store_id": "STORE_MYSQL"
}
[2025-02-21T09:04:51.787+0000] {sync_mysql_dag.py:206} INFO - Successfully processed amount for ID: 57
[2025-02-21T09:04:51.787+0000] {sync_mysql_dag.py:186} INFO - Inserting amount data: {
  "id": 58,
  "item_id": "NCJ05",
  "amount": 427,
  "import_time": "2025-02-21T04:10:05",
  "store_id": "STORE_MYSQL"
}
[2025-02-21T09:04:51.792+0000] {sync_mysql_dag.py:206} INFO - Successfully processed amount for ID: 58
[2025-02-21T09:04:51.793+0000] {sync_mysql_dag.py:186} INFO - Inserting amount data: {
  "id": 59,
  "item_id": "NCA17",
  "amount": 286,
  "import_time": "2025-02-21T04:10:05",
  "store_id": "STORE_MYSQL"
}
[2025-02-21T09:04:51.797+0000] {sync_mysql_dag.py:206} INFO - Successfully processed amount for ID: 59
[2025-02-21T09:04:51.797+0000] {sync_mysql_dag.py:186} INFO - Inserting amount data: {
  "id": 60,
  "item_id": "FDM20",
  "amount": 261,
  "import_time": "2025-02-21T04:10:05",
  "store_id": "STORE_MYSQL"
}
[2025-02-21T09:04:51.801+0000] {sync_mysql_dag.py:206} INFO - Successfully processed amount for ID: 60
[2025-02-21T09:04:51.802+0000] {sync_mysql_dag.py:186} INFO - Inserting amount data: {
  "id": 61,
  "item_id": "BST32",
  "amount": 150,
  "import_time": "2025-02-21T04:10:05",
  "store_id": "STORE_MYSQL"
}
[2025-02-21T09:04:51.806+0000] {sync_mysql_dag.py:206} INFO - Successfully processed amount for ID: 61
[2025-02-21T09:04:51.808+0000] {sync_mysql_dag.py:186} INFO - Inserting amount data: {
  "id": 62,
  "item_id": "SKT08",
  "amount": 316,
  "import_time": "2025-02-21T04:10:05",
  "store_id": "STORE_MYSQL"
}
[2025-02-21T09:04:51.812+0000] {sync_mysql_dag.py:206} INFO - Successfully processed amount for ID: 62
[2025-02-21T09:04:51.813+0000] {sync_mysql_dag.py:186} INFO - Inserting amount data: {
  "id": 63,
  "item_id": "NCG06",
  "amount": 239,
  "import_time": "2025-02-21T04:10:05",
  "store_id": "STORE_MYSQL"
}
[2025-02-21T09:04:51.816+0000] {sync_mysql_dag.py:206} INFO - Successfully processed amount for ID: 63
[2025-02-21T09:04:51.817+0000] {sync_mysql_dag.py:186} INFO - Inserting amount data: {
  "id": 64,
  "item_id": "DRE60",
  "amount": 43,
  "import_time": "2025-02-21T04:10:05",
  "store_id": "STORE_MYSQL"
}
[2025-02-21T09:04:51.820+0000] {sync_mysql_dag.py:206} INFO - Successfully processed amount for ID: 64
[2025-02-21T09:04:51.820+0000] {sync_mysql_dag.py:186} INFO - Inserting amount data: {
  "id": 65,
  "item_id": "FDQ13",
  "amount": 457,
  "import_time": "2025-02-21T04:10:05",
  "store_id": "STORE_MYSQL"
}
[2025-02-21T09:04:51.824+0000] {sync_mysql_dag.py:206} INFO - Successfully processed amount for ID: 65
[2025-02-21T09:04:51.825+0000] {sync_mysql_dag.py:186} INFO - Inserting amount data: {
  "id": 66,
  "item_id": "NCH42",
  "amount": 30,
  "import_time": "2025-02-21T04:10:05",
  "store_id": "STORE_MYSQL"
}
[2025-02-21T09:04:51.828+0000] {sync_mysql_dag.py:206} INFO - Successfully processed amount for ID: 66
[2025-02-21T09:04:51.829+0000] {sync_mysql_dag.py:186} INFO - Inserting amount data: {
  "id": 67,
  "item_id": "JNS46",
  "amount": 79,
  "import_time": "2025-02-21T04:10:05",
  "store_id": "STORE_MYSQL"
}
[2025-02-21T09:04:51.832+0000] {sync_mysql_dag.py:206} INFO - Successfully processed amount for ID: 67
[2025-02-21T09:04:51.832+0000] {sync_mysql_dag.py:186} INFO - Inserting amount data: {
  "id": 68,
  "item_id": "FDD11",
  "amount": 87,
  "import_time": "2025-02-21T04:10:05",
  "store_id": "STORE_MYSQL"
}
[2025-02-21T09:04:51.837+0000] {sync_mysql_dag.py:206} INFO - Successfully processed amount for ID: 68
[2025-02-21T09:04:51.837+0000] {sync_mysql_dag.py:186} INFO - Inserting amount data: {
  "id": 69,
  "item_id": "FDM04",
  "amount": 41,
  "import_time": "2025-02-21T04:10:05",
  "store_id": "STORE_MYSQL"
}
[2025-02-21T09:04:51.842+0000] {sync_mysql_dag.py:206} INFO - Successfully processed amount for ID: 69
[2025-02-21T09:04:51.843+0000] {sync_mysql_dag.py:186} INFO - Inserting amount data: {
  "id": 70,
  "item_id": "NCN43",
  "amount": 35,
  "import_time": "2025-02-21T04:10:05",
  "store_id": "STORE_MYSQL"
}
[2025-02-21T09:04:51.847+0000] {sync_mysql_dag.py:206} INFO - Successfully processed amount for ID: 70
[2025-02-21T09:04:51.847+0000] {sync_mysql_dag.py:186} INFO - Inserting amount data: {
  "id": 71,
  "item_id": "HDJ28",
  "amount": 179,
  "import_time": "2025-02-21T04:10:05",
  "store_id": "STORE_MYSQL"
}
[2025-02-21T09:04:51.852+0000] {sync_mysql_dag.py:206} INFO - Successfully processed amount for ID: 71
[2025-02-21T09:04:51.852+0000] {sync_mysql_dag.py:186} INFO - Inserting amount data: {
  "id": 72,
  "item_id": "FDT22",
  "amount": 68,
  "import_time": "2025-02-21T04:10:05",
  "store_id": "STORE_MYSQL"
}
[2025-02-21T09:04:51.856+0000] {sync_mysql_dag.py:206} INFO - Successfully processed amount for ID: 72
[2025-02-21T09:04:51.856+0000] {sync_mysql_dag.py:186} INFO - Inserting amount data: {
  "id": 73,
  "item_id": "NCO06",
  "amount": 397,
  "import_time": "2025-02-21T04:10:05",
  "store_id": "STORE_MYSQL"
}
[2025-02-21T09:04:51.860+0000] {sync_mysql_dag.py:206} INFO - Successfully processed amount for ID: 73
[2025-02-21T09:04:51.861+0000] {sync_mysql_dag.py:186} INFO - Inserting amount data: {
  "id": 74,
  "item_id": "NCM06",
  "amount": 48,
  "import_time": "2025-02-21T04:10:05",
  "store_id": "STORE_MYSQL"
}
[2025-02-21T09:04:51.865+0000] {sync_mysql_dag.py:206} INFO - Successfully processed amount for ID: 74
[2025-02-21T09:04:51.866+0000] {sync_mysql_dag.py:186} INFO - Inserting amount data: {
  "id": 75,
  "item_id": "NCF55",
  "amount": 496,
  "import_time": "2025-02-21T04:10:05",
  "store_id": "STORE_MYSQL"
}
[2025-02-21T09:04:51.870+0000] {sync_mysql_dag.py:206} INFO - Successfully processed amount for ID: 75
[2025-02-21T09:04:51.871+0000] {sync_mysql_dag.py:186} INFO - Inserting amount data: {
  "id": 76,
  "item_id": "NCF06",
  "amount": 314,
  "import_time": "2025-02-21T04:10:05",
  "store_id": "STORE_MYSQL"
}
[2025-02-21T09:04:51.875+0000] {sync_mysql_dag.py:206} INFO - Successfully processed amount for ID: 76
[2025-02-21T09:04:51.877+0000] {sync_mysql_dag.py:186} INFO - Inserting amount data: {
  "id": 77,
  "item_id": "TCT02",
  "amount": 375,
  "import_time": "2025-02-21T04:10:05",
  "store_id": "STORE_MYSQL"
}
[2025-02-21T09:04:51.882+0000] {sync_mysql_dag.py:206} INFO - Successfully processed amount for ID: 77
[2025-02-21T09:04:51.883+0000] {sync_mysql_dag.py:186} INFO - Inserting amount data: {
  "id": 78,
  "item_id": "FDB12",
  "amount": 452,
  "import_time": "2025-02-21T04:10:05",
  "store_id": "STORE_MYSQL"
}
[2025-02-21T09:04:51.887+0000] {sync_mysql_dag.py:206} INFO - Successfully processed amount for ID: 78
[2025-02-21T09:04:51.887+0000] {sync_mysql_dag.py:186} INFO - Inserting amount data: {
  "id": 79,
  "item_id": "OCT48",
  "amount": 442,
  "import_time": "2025-02-21T04:10:05",
  "store_id": "STORE_MYSQL"
}
[2025-02-21T09:04:51.891+0000] {sync_mysql_dag.py:206} INFO - Successfully processed amount for ID: 79
[2025-02-21T09:04:51.891+0000] {sync_mysql_dag.py:186} INFO - Inserting amount data: {
  "id": 80,
  "item_id": "FDQ07",
  "amount": 97,
  "import_time": "2025-02-21T04:10:05",
  "store_id": "STORE_MYSQL"
}
[2025-02-21T09:04:51.894+0000] {sync_mysql_dag.py:206} INFO - Successfully processed amount for ID: 80
[2025-02-21T09:04:51.895+0000] {sync_mysql_dag.py:186} INFO - Inserting amount data: {
  "id": 81,
  "item_id": "DRF25",
  "amount": 342,
  "import_time": "2025-02-21T04:10:05",
  "store_id": "STORE_MYSQL"
}
[2025-02-21T09:04:51.898+0000] {sync_mysql_dag.py:206} INFO - Successfully processed amount for ID: 81
[2025-02-21T09:04:51.899+0000] {sync_mysql_dag.py:186} INFO - Inserting amount data: {
  "id": 82,
  "item_id": "FDG41",
  "amount": 139,
  "import_time": "2025-02-21T04:10:05",
  "store_id": "STORE_MYSQL"
}
[2025-02-21T09:04:51.903+0000] {sync_mysql_dag.py:206} INFO - Successfully processed amount for ID: 82
[2025-02-21T09:04:51.903+0000] {sync_mysql_dag.py:186} INFO - Inserting amount data: {
  "id": 83,
  "item_id": "FDX20",
  "amount": 198,
  "import_time": "2025-02-21T04:10:05",
  "store_id": "STORE_MYSQL"
}
[2025-02-21T09:04:51.907+0000] {sync_mysql_dag.py:206} INFO - Successfully processed amount for ID: 83
[2025-02-21T09:04:51.908+0000] {sync_mysql_dag.py:186} INFO - Inserting amount data: {
  "id": 84,
  "item_id": "TSH27",
  "amount": 42,
  "import_time": "2025-02-21T04:10:05",
  "store_id": "STORE_MYSQL"
}
[2025-02-21T09:04:51.912+0000] {sync_mysql_dag.py:206} INFO - Successfully processed amount for ID: 84
[2025-02-21T09:04:51.912+0000] {sync_mysql_dag.py:186} INFO - Inserting amount data: {
  "id": 85,
  "item_id": "BJK04",
  "amount": 338,
  "import_time": "2025-02-21T04:10:05",
  "store_id": "STORE_MYSQL"
}
[2025-02-21T09:04:51.916+0000] {sync_mysql_dag.py:206} INFO - Successfully processed amount for ID: 85
[2025-02-21T09:04:51.917+0000] {sync_mysql_dag.py:186} INFO - Inserting amount data: {
  "id": 86,
  "item_id": "FDM36",
  "amount": 369,
  "import_time": "2025-02-21T04:10:05",
  "store_id": "STORE_MYSQL"
}
[2025-02-21T09:04:51.919+0000] {sync_mysql_dag.py:206} INFO - Successfully processed amount for ID: 86
[2025-02-21T09:04:51.920+0000] {sync_mysql_dag.py:186} INFO - Inserting amount data: {
  "id": 87,
  "item_id": "FDL57",
  "amount": 183,
  "import_time": "2025-02-21T04:10:05",
  "store_id": "STORE_MYSQL"
}
[2025-02-21T09:04:51.923+0000] {sync_mysql_dag.py:206} INFO - Successfully processed amount for ID: 87
[2025-02-21T09:04:51.924+0000] {sync_mysql_dag.py:186} INFO - Inserting amount data: {
  "id": 88,
  "item_id": "NCL42",
  "amount": 331,
  "import_time": "2025-02-21T04:10:05",
  "store_id": "STORE_MYSQL"
}
[2025-02-21T09:04:51.927+0000] {sync_mysql_dag.py:206} INFO - Successfully processed amount for ID: 88
[2025-02-21T09:04:51.928+0000] {sync_mysql_dag.py:186} INFO - Inserting amount data: {
  "id": 89,
  "item_id": "FDJ36",
  "amount": 66,
  "import_time": "2025-02-21T04:10:05",
  "store_id": "STORE_MYSQL"
}
[2025-02-21T09:04:51.931+0000] {sync_mysql_dag.py:206} INFO - Successfully processed amount for ID: 89
[2025-02-21T09:04:51.932+0000] {sync_mysql_dag.py:186} INFO - Inserting amount data: {
  "id": 90,
  "item_id": "HDJ52",
  "amount": 389,
  "import_time": "2025-02-21T04:10:05",
  "store_id": "STORE_MYSQL"
}
[2025-02-21T09:04:51.935+0000] {sync_mysql_dag.py:206} INFO - Successfully processed amount for ID: 90
[2025-02-21T09:04:51.935+0000] {sync_mysql_dag.py:186} INFO - Inserting amount data: {
  "id": 91,
  "item_id": "DRL01",
  "amount": 173,
  "import_time": "2025-02-21T04:10:05",
  "store_id": "STORE_MYSQL"
}
[2025-02-21T09:04:51.938+0000] {sync_mysql_dag.py:206} INFO - Successfully processed amount for ID: 91
[2025-02-21T09:04:51.939+0000] {sync_mysql_dag.py:186} INFO - Inserting amount data: {
  "id": 92,
  "item_id": "PJB17",
  "amount": 118,
  "import_time": "2025-02-21T04:10:05",
  "store_id": "STORE_MYSQL"
}
[2025-02-21T09:04:51.941+0000] {sync_mysql_dag.py:206} INFO - Successfully processed amount for ID: 92
[2025-02-21T09:04:51.942+0000] {sync_mysql_dag.py:186} INFO - Inserting amount data: {
  "id": 93,
  "item_id": "HDJ57",
  "amount": 159,
  "import_time": "2025-02-21T04:10:05",
  "store_id": "STORE_MYSQL"
}
[2025-02-21T09:04:51.945+0000] {sync_mysql_dag.py:206} INFO - Successfully processed amount for ID: 93
[2025-02-21T09:04:51.946+0000] {sync_mysql_dag.py:186} INFO - Inserting amount data: {
  "id": 94,
  "item_id": "BJK35",
  "amount": 394,
  "import_time": "2025-02-21T04:10:05",
  "store_id": "STORE_MYSQL"
}
[2025-02-21T09:04:51.950+0000] {sync_mysql_dag.py:206} INFO - Successfully processed amount for ID: 94
[2025-02-21T09:04:51.951+0000] {sync_mysql_dag.py:186} INFO - Inserting amount data: {
  "id": 95,
  "item_id": "TCT39",
  "amount": 135,
  "import_time": "2025-02-21T04:10:05",
  "store_id": "STORE_MYSQL"
}
[2025-02-21T09:04:51.955+0000] {sync_mysql_dag.py:206} INFO - Successfully processed amount for ID: 95
[2025-02-21T09:04:51.956+0000] {sync_mysql_dag.py:186} INFO - Inserting amount data: {
  "id": 96,
  "item_id": "VST31",
  "amount": 179,
  "import_time": "2025-02-21T04:10:05",
  "store_id": "STORE_MYSQL"
}
[2025-02-21T09:04:51.959+0000] {sync_mysql_dag.py:206} INFO - Successfully processed amount for ID: 96
[2025-02-21T09:04:51.960+0000] {sync_mysql_dag.py:186} INFO - Inserting amount data: {
  "id": 97,
  "item_id": "OCT33",
  "amount": 4,
  "import_time": "2025-02-21T04:10:05",
  "store_id": "STORE_MYSQL"
}
[2025-02-21T09:04:51.964+0000] {sync_mysql_dag.py:206} INFO - Successfully processed amount for ID: 97
[2025-02-21T09:04:51.965+0000] {sync_mysql_dag.py:186} INFO - Inserting amount data: {
  "id": 98,
  "item_id": "DRS03",
  "amount": 447,
  "import_time": "2025-02-21T04:10:05",
  "store_id": "STORE_MYSQL"
}
[2025-02-21T09:04:51.969+0000] {sync_mysql_dag.py:206} INFO - Successfully processed amount for ID: 98
[2025-02-21T09:04:51.969+0000] {sync_mysql_dag.py:186} INFO - Inserting amount data: {
  "id": 99,
  "item_id": "LGS42",
  "amount": 430,
  "import_time": "2025-02-21T04:10:05",
  "store_id": "STORE_MYSQL"
}
[2025-02-21T09:04:51.972+0000] {sync_mysql_dag.py:206} INFO - Successfully processed amount for ID: 99
[2025-02-21T09:04:51.973+0000] {sync_mysql_dag.py:186} INFO - Inserting amount data: {
  "id": 100,
  "item_id": "FDX04",
  "amount": 453,
  "import_time": "2025-02-21T04:10:05",
  "store_id": "STORE_MYSQL"
}
[2025-02-21T09:04:51.976+0000] {sync_mysql_dag.py:206} INFO - Successfully processed amount for ID: 100
[2025-02-21T09:05:02.980+0000] {sync_mysql_dag.py:186} INFO - Inserting amount data: {
  "id": 1,
  "item_id": "FDG08",
  "amount": 4,
  "import_time": "2025-02-21T04:10:05",
  "store_id": "STORE_MYSQL"
}
[2025-02-21T09:05:02.988+0000] {sync_mysql_dag.py:206} INFO - Successfully processed amount for ID: 1
[2025-02-21T09:05:02.990+0000] {sync_mysql_dag.py:186} INFO - Inserting amount data: {
  "id": 2,
  "item_id": "DRS12",
  "amount": 5,
  "import_time": "2025-02-21T04:10:05",
  "store_id": "STORE_MYSQL"
}
[2025-02-21T09:05:02.994+0000] {sync_mysql_dag.py:206} INFO - Successfully processed amount for ID: 2
[2025-02-21T09:05:02.994+0000] {sync_mysql_dag.py:186} INFO - Inserting amount data: {
  "id": 3,
  "item_id": "FDB45",
  "amount": 220,
  "import_time": "2025-02-21T04:10:05",
  "store_id": "STORE_MYSQL"
}
[2025-02-21T09:05:02.999+0000] {sync_mysql_dag.py:206} INFO - Successfully processed amount for ID: 3
[2025-02-21T09:05:03.000+0000] {sync_mysql_dag.py:186} INFO - Inserting amount data: {
  "id": 4,
  "item_id": "FDT16",
  "amount": 385,
  "import_time": "2025-02-21T04:10:05",
  "store_id": "STORE_MYSQL"
}
[2025-02-21T09:05:03.006+0000] {sync_mysql_dag.py:206} INFO - Successfully processed amount for ID: 4
[2025-02-21T09:05:03.007+0000] {sync_mysql_dag.py:186} INFO - Inserting amount data: {
  "id": 5,
  "item_id": "FDI60",
  "amount": 17,
  "import_time": "2025-02-21T04:10:05",
  "store_id": "STORE_MYSQL"
}
[2025-02-21T09:05:03.011+0000] {sync_mysql_dag.py:206} INFO - Successfully processed amount for ID: 5
[2025-02-21T09:05:03.012+0000] {sync_mysql_dag.py:186} INFO - Inserting amount data: {
  "id": 6,
  "item_id": "FDX38",
  "amount": 10,
  "import_time": "2025-02-21T04:10:05",
  "store_id": "STORE_MYSQL"
}
[2025-02-21T09:05:03.017+0000] {sync_mysql_dag.py:206} INFO - Successfully processed amount for ID: 6
[2025-02-21T09:05:03.018+0000] {sync_mysql_dag.py:186} INFO - Inserting amount data: {
  "id": 7,
  "item_id": "FDJ52",
  "amount": 138,
  "import_time": "2025-02-21T04:10:05",
  "store_id": "STORE_MYSQL"
}
[2025-02-21T09:05:03.024+0000] {sync_mysql_dag.py:206} INFO - Successfully processed amount for ID: 7
[2025-02-21T09:05:03.028+0000] {sync_mysql_dag.py:186} INFO - Inserting amount data: {
  "id": 8,
  "item_id": "FDX47",
  "amount": 263,
  "import_time": "2025-02-21T04:10:05",
  "store_id": "STORE_MYSQL"
}
[2025-02-21T09:05:03.032+0000] {sync_mysql_dag.py:206} INFO - Successfully processed amount for ID: 8
[2025-02-21T09:05:03.033+0000] {sync_mysql_dag.py:186} INFO - Inserting amount data: {
  "id": 9,
  "item_id": "PRK10",
  "amount": 458,
  "import_time": "2025-02-21T04:10:05",
  "store_id": "STORE_MYSQL"
}
[2025-02-21T09:05:03.037+0000] {sync_mysql_dag.py:206} INFO - Successfully processed amount for ID: 9
[2025-02-21T09:05:03.038+0000] {sync_mysql_dag.py:186} INFO - Inserting amount data: {
  "id": 10,
  "item_id": "VST55",
  "amount": 468,
  "import_time": "2025-02-21T04:10:05",
  "store_id": "STORE_MYSQL"
}
[2025-02-21T09:05:03.042+0000] {sync_mysql_dag.py:206} INFO - Successfully processed amount for ID: 10
[2025-02-21T09:05:03.043+0000] {sync_mysql_dag.py:186} INFO - Inserting amount data: {
  "id": 11,
  "item_id": "BLS44",
  "amount": 341,
  "import_time": "2025-02-21T04:10:05",
  "store_id": "STORE_MYSQL"
}
[2025-02-21T09:05:03.048+0000] {sync_mysql_dag.py:206} INFO - Successfully processed amount for ID: 11
[2025-02-21T09:05:03.049+0000] {sync_mysql_dag.py:186} INFO - Inserting amount data: {
  "id": 12,
  "item_id": "COT56",
  "amount": 255,
  "import_time": "2025-02-21T04:10:05",
  "store_id": "STORE_MYSQL"
}
[2025-02-21T09:05:03.054+0000] {sync_mysql_dag.py:206} INFO - Successfully processed amount for ID: 12
[2025-02-21T09:05:03.055+0000] {sync_mysql_dag.py:186} INFO - Inserting amount data: {
  "id": 13,
  "item_id": "FDL03",
  "amount": 439,
  "import_time": "2025-02-21T04:10:05",
  "store_id": "STORE_MYSQL"
}
[2025-02-21T09:05:03.058+0000] {sync_mysql_dag.py:206} INFO - Successfully processed amount for ID: 13
[2025-02-21T09:05:03.059+0000] {sync_mysql_dag.py:186} INFO - Inserting amount data: {
  "id": 14,
  "item_id": "SWP01",
  "amount": 189,
  "import_time": "2025-02-21T04:10:05",
  "store_id": "STORE_MYSQL"
}
[2025-02-21T09:05:03.062+0000] {sync_mysql_dag.py:206} INFO - Successfully processed amount for ID: 14
[2025-02-21T09:05:03.063+0000] {sync_mysql_dag.py:186} INFO - Inserting amount data: {
  "id": 15,
  "item_id": "FDD53",
  "amount": 421,
  "import_time": "2025-02-21T04:10:05",
  "store_id": "STORE_MYSQL"
}
[2025-02-21T09:05:03.070+0000] {sync_mysql_dag.py:206} INFO - Successfully processed amount for ID: 15
[2025-02-21T09:05:03.071+0000] {sync_mysql_dag.py:186} INFO - Inserting amount data: {
  "id": 16,
  "item_id": "DRA12",
  "amount": 264,
  "import_time": "2025-02-21T04:10:05",
  "store_id": "STORE_MYSQL"
}
[2025-02-21T09:05:03.075+0000] {sync_mysql_dag.py:206} INFO - Successfully processed amount for ID: 16
[2025-02-21T09:05:03.075+0000] {sync_mysql_dag.py:186} INFO - Inserting amount data: {
  "id": 17,
  "item_id": "NCV18",
  "amount": 236,
  "import_time": "2025-02-21T04:10:05",
  "store_id": "STORE_MYSQL"
}
[2025-02-21T09:05:03.079+0000] {sync_mysql_dag.py:206} INFO - Successfully processed amount for ID: 17
[2025-02-21T09:05:03.079+0000] {sync_mysql_dag.py:186} INFO - Inserting amount data: {
  "id": 18,
  "item_id": "NCN29",
  "amount": 149,
  "import_time": "2025-02-21T04:10:05",
  "store_id": "STORE_MYSQL"
}
[2025-02-21T09:05:03.083+0000] {sync_mysql_dag.py:206} INFO - Successfully processed amount for ID: 18
[2025-02-21T09:05:03.083+0000] {sync_mysql_dag.py:186} INFO - Inserting amount data: {
  "id": 19,
  "item_id": "FDI52",
  "amount": 43,
  "import_time": "2025-02-21T04:10:05",
  "store_id": "STORE_MYSQL"
}
[2025-02-21T09:05:03.087+0000] {sync_mysql_dag.py:206} INFO - Successfully processed amount for ID: 19
[2025-02-21T09:05:03.088+0000] {sync_mysql_dag.py:186} INFO - Inserting amount data: {
  "id": 20,
  "item_id": "LGS30",
  "amount": 147,
  "import_time": "2025-02-21T04:10:05",
  "store_id": "STORE_MYSQL"
}
[2025-02-21T09:05:03.092+0000] {sync_mysql_dag.py:206} INFO - Successfully processed amount for ID: 20
[2025-02-21T09:05:03.092+0000] {sync_mysql_dag.py:186} INFO - Inserting amount data: {
  "id": 21,
  "item_id": "BST14",
  "amount": 106,
  "import_time": "2025-02-21T04:10:05",
  "store_id": "STORE_MYSQL"
}
[2025-02-21T09:05:03.096+0000] {sync_mysql_dag.py:206} INFO - Successfully processed amount for ID: 21
[2025-02-21T09:05:03.097+0000] {sync_mysql_dag.py:186} INFO - Inserting amount data: {
  "id": 22,
  "item_id": "JCK44",
  "amount": 241,
  "import_time": "2025-02-21T04:10:05",
  "store_id": "STORE_MYSQL"
}
[2025-02-21T09:05:03.100+0000] {sync_mysql_dag.py:206} INFO - Successfully processed amount for ID: 22
[2025-02-21T09:05:03.101+0000] {sync_mysql_dag.py:186} INFO - Inserting amount data: {
  "id": 23,
  "item_id": "FDQ28",
  "amount": 157,
  "import_time": "2025-02-21T04:10:05",
  "store_id": "STORE_MYSQL"
}
[2025-02-21T09:05:03.105+0000] {sync_mysql_dag.py:206} INFO - Successfully processed amount for ID: 23
[2025-02-21T09:05:03.105+0000] {sync_mysql_dag.py:186} INFO - Inserting amount data: {
  "id": 24,
  "item_id": "FDM58",
  "amount": 346,
  "import_time": "2025-02-21T04:10:05",
  "store_id": "STORE_MYSQL"
}
[2025-02-21T09:05:03.109+0000] {sync_mysql_dag.py:206} INFO - Successfully processed amount for ID: 24
[2025-02-21T09:05:03.109+0000] {sync_mysql_dag.py:186} INFO - Inserting amount data: {
  "id": 25,
  "item_id": "FDT40",
  "amount": 368,
  "import_time": "2025-02-21T04:10:05",
  "store_id": "STORE_MYSQL"
}
[2025-02-21T09:05:03.114+0000] {sync_mysql_dag.py:206} INFO - Successfully processed amount for ID: 25
[2025-02-21T09:05:03.115+0000] {sync_mysql_dag.py:186} INFO - Inserting amount data: {
  "id": 26,
  "item_id": "PNT07",
  "amount": 490,
  "import_time": "2025-02-21T04:10:05",
  "store_id": "STORE_MYSQL"
}
[2025-02-21T09:05:03.119+0000] {sync_mysql_dag.py:206} INFO - Successfully processed amount for ID: 26
[2025-02-21T09:05:03.120+0000] {sync_mysql_dag.py:186} INFO - Inserting amount data: {
  "id": 27,
  "item_id": "NCU41",
  "amount": 455,
  "import_time": "2025-02-21T04:10:05",
  "store_id": "STORE_MYSQL"
}
[2025-02-21T09:05:03.125+0000] {sync_mysql_dag.py:206} INFO - Successfully processed amount for ID: 27
[2025-02-21T09:05:03.126+0000] {sync_mysql_dag.py:186} INFO - Inserting amount data: {
  "id": 28,
  "item_id": "FDT47",
  "amount": 454,
  "import_time": "2025-02-21T04:10:05",
  "store_id": "STORE_MYSQL"
}
[2025-02-21T09:05:03.131+0000] {sync_mysql_dag.py:206} INFO - Successfully processed amount for ID: 28
[2025-02-21T09:05:03.132+0000] {sync_mysql_dag.py:186} INFO - Inserting amount data: {
  "id": 29,
  "item_id": "JPS11",
  "amount": 478,
  "import_time": "2025-02-21T04:10:05",
  "store_id": "STORE_MYSQL"
}
[2025-02-21T09:05:03.135+0000] {sync_mysql_dag.py:206} INFO - Successfully processed amount for ID: 29
[2025-02-21T09:05:03.136+0000] {sync_mysql_dag.py:186} INFO - Inserting amount data: {
  "id": 30,
  "item_id": "PRK44",
  "amount": 193,
  "import_time": "2025-02-21T04:10:05",
  "store_id": "STORE_MYSQL"
}
[2025-02-21T09:05:03.138+0000] {sync_mysql_dag.py:206} INFO - Successfully processed amount for ID: 30
[2025-02-21T09:05:03.140+0000] {sync_mysql_dag.py:186} INFO - Inserting amount data: {
  "id": 31,
  "item_id": "TCT15",
  "amount": 203,
  "import_time": "2025-02-21T04:10:05",
  "store_id": "STORE_MYSQL"
}
[2025-02-21T09:05:03.145+0000] {sync_mysql_dag.py:206} INFO - Successfully processed amount for ID: 31
[2025-02-21T09:05:03.147+0000] {sync_mysql_dag.py:186} INFO - Inserting amount data: {
  "id": 32,
  "item_id": "FDG60",
  "amount": 316,
  "import_time": "2025-02-21T04:10:05",
  "store_id": "STORE_MYSQL"
}
[2025-02-21T09:05:03.150+0000] {sync_mysql_dag.py:206} INFO - Successfully processed amount for ID: 32
[2025-02-21T09:05:03.150+0000] {sync_mysql_dag.py:186} INFO - Inserting amount data: {
  "id": 33,
  "item_id": "FDQ36",
  "amount": 118,
  "import_time": "2025-02-21T04:10:05",
  "store_id": "STORE_MYSQL"
}
[2025-02-21T09:05:03.154+0000] {sync_mysql_dag.py:206} INFO - Successfully processed amount for ID: 33
[2025-02-21T09:05:03.154+0000] {sync_mysql_dag.py:186} INFO - Inserting amount data: {
  "id": 34,
  "item_id": "DRK35",
  "amount": 133,
  "import_time": "2025-02-21T04:10:05",
  "store_id": "STORE_MYSQL"
}
[2025-02-21T09:05:03.157+0000] {sync_mysql_dag.py:206} INFO - Successfully processed amount for ID: 34
[2025-02-21T09:05:03.158+0000] {sync_mysql_dag.py:186} INFO - Inserting amount data: {
  "id": 35,
  "item_id": "NCR18",
  "amount": 88,
  "import_time": "2025-02-21T04:10:05",
  "store_id": "STORE_MYSQL"
}
[2025-02-21T09:05:03.160+0000] {sync_mysql_dag.py:206} INFO - Successfully processed amount for ID: 35
[2025-02-21T09:05:03.161+0000] {sync_mysql_dag.py:186} INFO - Inserting amount data: {
  "id": 36,
  "item_id": "PNT40",
  "amount": 312,
  "import_time": "2025-02-21T04:10:05",
  "store_id": "STORE_MYSQL"
}
[2025-02-21T09:05:03.164+0000] {sync_mysql_dag.py:206} INFO - Successfully processed amount for ID: 36
[2025-02-21T09:05:03.165+0000] {sync_mysql_dag.py:186} INFO - Inserting amount data: {
  "id": 37,
  "item_id": "DRE01",
  "amount": 432,
  "import_time": "2025-02-21T04:10:05",
  "store_id": "STORE_MYSQL"
}
[2025-02-21T09:05:03.167+0000] {sync_mysql_dag.py:206} INFO - Successfully processed amount for ID: 37
[2025-02-21T09:05:03.168+0000] {sync_mysql_dag.py:186} INFO - Inserting amount data: {
  "id": 38,
  "item_id": "FDM51",
  "amount": 267,
  "import_time": "2025-02-21T04:10:05",
  "store_id": "STORE_MYSQL"
}
[2025-02-21T09:05:03.172+0000] {sync_mysql_dag.py:206} INFO - Successfully processed amount for ID: 38
[2025-02-21T09:05:03.173+0000] {sync_mysql_dag.py:186} INFO - Inserting amount data: {
  "id": 39,
  "item_id": "DRS27",
  "amount": 498,
  "import_time": "2025-02-21T04:10:05",
  "store_id": "STORE_MYSQL"
}
[2025-02-21T09:05:03.176+0000] {sync_mysql_dag.py:206} INFO - Successfully processed amount for ID: 39
[2025-02-21T09:05:03.177+0000] {sync_mysql_dag.py:186} INFO - Inserting amount data: {
  "id": 40,
  "item_id": "BLS33",
  "amount": 202,
  "import_time": "2025-02-21T04:10:05",
  "store_id": "STORE_MYSQL"
}
[2025-02-21T09:05:03.182+0000] {sync_mysql_dag.py:206} INFO - Successfully processed amount for ID: 40
[2025-02-21T09:05:03.182+0000] {sync_mysql_dag.py:186} INFO - Inserting amount data: {
  "id": 41,
  "item_id": "SKT02",
  "amount": 345,
  "import_time": "2025-02-21T04:10:05",
  "store_id": "STORE_MYSQL"
}
[2025-02-21T09:05:03.186+0000] {sync_mysql_dag.py:206} INFO - Successfully processed amount for ID: 41
[2025-02-21T09:05:03.186+0000] {sync_mysql_dag.py:186} INFO - Inserting amount data: {
  "id": 42,
  "item_id": "PRK22",
  "amount": 94,
  "import_time": "2025-02-21T04:10:05",
  "store_id": "STORE_MYSQL"
}
[2025-02-21T09:05:03.190+0000] {sync_mysql_dag.py:206} INFO - Successfully processed amount for ID: 42
[2025-02-21T09:05:03.191+0000] {sync_mysql_dag.py:186} INFO - Inserting amount data: {
  "id": 43,
  "item_id": "SKT50",
  "amount": 360,
  "import_time": "2025-02-21T04:10:05",
  "store_id": "STORE_MYSQL"
}
[2025-02-21T09:05:03.196+0000] {sync_mysql_dag.py:206} INFO - Successfully processed amount for ID: 43
[2025-02-21T09:05:03.197+0000] {sync_mysql_dag.py:186} INFO - Inserting amount data: {
  "id": 44,
  "item_id": "FDT58",
  "amount": 461,
  "import_time": "2025-02-21T04:10:05",
  "store_id": "STORE_MYSQL"
}
[2025-02-21T09:05:03.202+0000] {sync_mysql_dag.py:206} INFO - Successfully processed amount for ID: 44
[2025-02-21T09:05:03.203+0000] {sync_mysql_dag.py:186} INFO - Inserting amount data: {
  "id": 45,
  "item_id": "BST21",
  "amount": 289,
  "import_time": "2025-02-21T04:10:05",
  "store_id": "STORE_MYSQL"
}
[2025-02-21T09:05:03.207+0000] {sync_mysql_dag.py:206} INFO - Successfully processed amount for ID: 45
[2025-02-21T09:05:03.208+0000] {sync_mysql_dag.py:186} INFO - Inserting amount data: {
  "id": 46,
  "item_id": "PNT60",
  "amount": 96,
  "import_time": "2025-02-21T04:10:05",
  "store_id": "STORE_MYSQL"
}
[2025-02-21T09:05:03.213+0000] {sync_mysql_dag.py:206} INFO - Successfully processed amount for ID: 46
[2025-02-21T09:05:03.215+0000] {sync_mysql_dag.py:186} INFO - Inserting amount data: {
  "id": 47,
  "item_id": "COT28",
  "amount": 293,
  "import_time": "2025-02-21T04:10:05",
  "store_id": "STORE_MYSQL"
}
[2025-02-21T09:05:03.219+0000] {sync_mysql_dag.py:206} INFO - Successfully processed amount for ID: 47
[2025-02-21T09:05:03.220+0000] {sync_mysql_dag.py:186} INFO - Inserting amount data: {
  "id": 48,
  "item_id": "FDJ50",
  "amount": 172,
  "import_time": "2025-02-21T04:10:05",
  "store_id": "STORE_MYSQL"
}
[2025-02-21T09:05:03.224+0000] {sync_mysql_dag.py:206} INFO - Successfully processed amount for ID: 48
[2025-02-21T09:05:03.225+0000] {sync_mysql_dag.py:186} INFO - Inserting amount data: {
  "id": 49,
  "item_id": "FDI50",
  "amount": 406,
  "import_time": "2025-02-21T04:10:05",
  "store_id": "STORE_MYSQL"
}
[2025-02-21T09:05:03.230+0000] {sync_mysql_dag.py:206} INFO - Successfully processed amount for ID: 49
[2025-02-21T09:05:03.231+0000] {sync_mysql_dag.py:186} INFO - Inserting amount data: {
  "id": 50,
  "item_id": "SKT60",
  "amount": 204,
  "import_time": "2025-02-21T04:10:05",
  "store_id": "STORE_MYSQL"
}
[2025-02-21T09:05:03.234+0000] {sync_mysql_dag.py:206} INFO - Successfully processed amount for ID: 50
[2025-02-21T09:05:03.234+0000] {sync_mysql_dag.py:186} INFO - Inserting amount data: {
  "id": 51,
  "item_id": "DRB48",
  "amount": 152,
  "import_time": "2025-02-21T04:10:05",
  "store_id": "STORE_MYSQL"
}
[2025-02-21T09:05:03.237+0000] {sync_mysql_dag.py:206} INFO - Successfully processed amount for ID: 51
[2025-02-21T09:05:03.238+0000] {sync_mysql_dag.py:186} INFO - Inserting amount data: {
  "id": 52,
  "item_id": "BST46",
  "amount": 251,
  "import_time": "2025-02-21T04:10:05",
  "store_id": "STORE_MYSQL"
}
[2025-02-21T09:05:03.240+0000] {sync_mysql_dag.py:206} INFO - Successfully processed amount for ID: 52
[2025-02-21T09:05:03.240+0000] {sync_mysql_dag.py:186} INFO - Inserting amount data: {
  "id": 53,
  "item_id": "DRF60",
  "amount": 52,
  "import_time": "2025-02-21T04:10:05",
  "store_id": "STORE_MYSQL"
}
[2025-02-21T09:05:03.242+0000] {sync_mysql_dag.py:206} INFO - Successfully processed amount for ID: 53
[2025-02-21T09:05:03.243+0000] {sync_mysql_dag.py:186} INFO - Inserting amount data: {
  "id": 54,
  "item_id": "FDB29",
  "amount": 467,
  "import_time": "2025-02-21T04:10:05",
  "store_id": "STORE_MYSQL"
}
[2025-02-21T09:05:03.245+0000] {sync_mysql_dag.py:206} INFO - Successfully processed amount for ID: 54
[2025-02-21T09:05:03.246+0000] {sync_mysql_dag.py:186} INFO - Inserting amount data: {
  "id": 55,
  "item_id": "JNS37",
  "amount": 354,
  "import_time": "2025-02-21T04:10:05",
  "store_id": "STORE_MYSQL"
}
[2025-02-21T09:05:03.248+0000] {sync_mysql_dag.py:206} INFO - Successfully processed amount for ID: 55
[2025-02-21T09:05:03.249+0000] {sync_mysql_dag.py:186} INFO - Inserting amount data: {
  "id": 56,
  "item_id": "DRG01",
  "amount": 93,
  "import_time": "2025-02-21T04:10:05",
  "store_id": "STORE_MYSQL"
}
[2025-02-21T09:05:03.252+0000] {sync_mysql_dag.py:206} INFO - Successfully processed amount for ID: 56
[2025-02-21T09:05:03.253+0000] {sync_mysql_dag.py:186} INFO - Inserting amount data: {
  "id": 57,
  "item_id": "FDJ03",
  "amount": 363,
  "import_time": "2025-02-21T04:10:05",
  "store_id": "STORE_MYSQL"
}
[2025-02-21T09:05:03.256+0000] {sync_mysql_dag.py:206} INFO - Successfully processed amount for ID: 57
[2025-02-21T09:05:03.256+0000] {sync_mysql_dag.py:186} INFO - Inserting amount data: {
  "id": 58,
  "item_id": "NCJ05",
  "amount": 427,
  "import_time": "2025-02-21T04:10:05",
  "store_id": "STORE_MYSQL"
}
[2025-02-21T09:05:03.259+0000] {sync_mysql_dag.py:206} INFO - Successfully processed amount for ID: 58
[2025-02-21T09:05:03.260+0000] {sync_mysql_dag.py:186} INFO - Inserting amount data: {
  "id": 59,
  "item_id": "NCA17",
  "amount": 286,
  "import_time": "2025-02-21T04:10:05",
  "store_id": "STORE_MYSQL"
}
[2025-02-21T09:05:03.263+0000] {sync_mysql_dag.py:206} INFO - Successfully processed amount for ID: 59
[2025-02-21T09:05:03.264+0000] {sync_mysql_dag.py:186} INFO - Inserting amount data: {
  "id": 60,
  "item_id": "FDM20",
  "amount": 261,
  "import_time": "2025-02-21T04:10:05",
  "store_id": "STORE_MYSQL"
}
[2025-02-21T09:05:03.268+0000] {sync_mysql_dag.py:206} INFO - Successfully processed amount for ID: 60
[2025-02-21T09:05:03.269+0000] {sync_mysql_dag.py:186} INFO - Inserting amount data: {
  "id": 61,
  "item_id": "BST32",
  "amount": 150,
  "import_time": "2025-02-21T04:10:05",
  "store_id": "STORE_MYSQL"
}
[2025-02-21T09:05:03.273+0000] {sync_mysql_dag.py:206} INFO - Successfully processed amount for ID: 61
[2025-02-21T09:05:03.274+0000] {sync_mysql_dag.py:186} INFO - Inserting amount data: {
  "id": 62,
  "item_id": "SKT08",
  "amount": 316,
  "import_time": "2025-02-21T04:10:05",
  "store_id": "STORE_MYSQL"
}
[2025-02-21T09:05:03.277+0000] {sync_mysql_dag.py:206} INFO - Successfully processed amount for ID: 62
[2025-02-21T09:05:03.277+0000] {sync_mysql_dag.py:186} INFO - Inserting amount data: {
  "id": 63,
  "item_id": "NCG06",
  "amount": 239,
  "import_time": "2025-02-21T04:10:05",
  "store_id": "STORE_MYSQL"
}
[2025-02-21T09:05:03.281+0000] {sync_mysql_dag.py:206} INFO - Successfully processed amount for ID: 63
[2025-02-21T09:05:03.281+0000] {sync_mysql_dag.py:186} INFO - Inserting amount data: {
  "id": 64,
  "item_id": "DRE60",
  "amount": 43,
  "import_time": "2025-02-21T04:10:05",
  "store_id": "STORE_MYSQL"
}
[2025-02-21T09:05:03.286+0000] {sync_mysql_dag.py:206} INFO - Successfully processed amount for ID: 64
[2025-02-21T09:05:03.286+0000] {sync_mysql_dag.py:186} INFO - Inserting amount data: {
  "id": 65,
  "item_id": "FDQ13",
  "amount": 457,
  "import_time": "2025-02-21T04:10:05",
  "store_id": "STORE_MYSQL"
}
[2025-02-21T09:05:03.289+0000] {sync_mysql_dag.py:206} INFO - Successfully processed amount for ID: 65
[2025-02-21T09:05:03.290+0000] {sync_mysql_dag.py:186} INFO - Inserting amount data: {
  "id": 66,
  "item_id": "NCH42",
  "amount": 30,
  "import_time": "2025-02-21T04:10:05",
  "store_id": "STORE_MYSQL"
}
[2025-02-21T09:05:03.294+0000] {sync_mysql_dag.py:206} INFO - Successfully processed amount for ID: 66
[2025-02-21T09:05:03.295+0000] {sync_mysql_dag.py:186} INFO - Inserting amount data: {
  "id": 67,
  "item_id": "JNS46",
  "amount": 79,
  "import_time": "2025-02-21T04:10:05",
  "store_id": "STORE_MYSQL"
}
[2025-02-21T09:05:03.298+0000] {sync_mysql_dag.py:206} INFO - Successfully processed amount for ID: 67
[2025-02-21T09:05:03.299+0000] {sync_mysql_dag.py:186} INFO - Inserting amount data: {
  "id": 68,
  "item_id": "FDD11",
  "amount": 87,
  "import_time": "2025-02-21T04:10:05",
  "store_id": "STORE_MYSQL"
}
[2025-02-21T09:05:03.302+0000] {sync_mysql_dag.py:206} INFO - Successfully processed amount for ID: 68
[2025-02-21T09:05:03.303+0000] {sync_mysql_dag.py:186} INFO - Inserting amount data: {
  "id": 69,
  "item_id": "FDM04",
  "amount": 41,
  "import_time": "2025-02-21T04:10:05",
  "store_id": "STORE_MYSQL"
}
[2025-02-21T09:05:03.306+0000] {sync_mysql_dag.py:206} INFO - Successfully processed amount for ID: 69
[2025-02-21T09:05:03.307+0000] {sync_mysql_dag.py:186} INFO - Inserting amount data: {
  "id": 70,
  "item_id": "NCN43",
  "amount": 35,
  "import_time": "2025-02-21T04:10:05",
  "store_id": "STORE_MYSQL"
}
[2025-02-21T09:05:03.309+0000] {sync_mysql_dag.py:206} INFO - Successfully processed amount for ID: 70
[2025-02-21T09:05:03.309+0000] {sync_mysql_dag.py:186} INFO - Inserting amount data: {
  "id": 71,
  "item_id": "HDJ28",
  "amount": 179,
  "import_time": "2025-02-21T04:10:05",
  "store_id": "STORE_MYSQL"
}
[2025-02-21T09:05:03.313+0000] {sync_mysql_dag.py:206} INFO - Successfully processed amount for ID: 71
[2025-02-21T09:05:03.313+0000] {sync_mysql_dag.py:186} INFO - Inserting amount data: {
  "id": 72,
  "item_id": "FDT22",
  "amount": 68,
  "import_time": "2025-02-21T04:10:05",
  "store_id": "STORE_MYSQL"
}
[2025-02-21T09:05:03.316+0000] {sync_mysql_dag.py:206} INFO - Successfully processed amount for ID: 72
[2025-02-21T09:05:03.317+0000] {sync_mysql_dag.py:186} INFO - Inserting amount data: {
  "id": 73,
  "item_id": "NCO06",
  "amount": 397,
  "import_time": "2025-02-21T04:10:05",
  "store_id": "STORE_MYSQL"
}
[2025-02-21T09:05:03.319+0000] {sync_mysql_dag.py:206} INFO - Successfully processed amount for ID: 73
[2025-02-21T09:05:03.319+0000] {sync_mysql_dag.py:186} INFO - Inserting amount data: {
  "id": 74,
  "item_id": "NCM06",
  "amount": 48,
  "import_time": "2025-02-21T04:10:05",
  "store_id": "STORE_MYSQL"
}
[2025-02-21T09:05:03.323+0000] {sync_mysql_dag.py:206} INFO - Successfully processed amount for ID: 74
[2025-02-21T09:05:03.324+0000] {sync_mysql_dag.py:186} INFO - Inserting amount data: {
  "id": 75,
  "item_id": "NCF55",
  "amount": 496,
  "import_time": "2025-02-21T04:10:05",
  "store_id": "STORE_MYSQL"
}
[2025-02-21T09:05:03.328+0000] {sync_mysql_dag.py:206} INFO - Successfully processed amount for ID: 75
[2025-02-21T09:05:03.328+0000] {sync_mysql_dag.py:186} INFO - Inserting amount data: {
  "id": 76,
  "item_id": "NCF06",
  "amount": 314,
  "import_time": "2025-02-21T04:10:05",
  "store_id": "STORE_MYSQL"
}
[2025-02-21T09:05:03.332+0000] {sync_mysql_dag.py:206} INFO - Successfully processed amount for ID: 76
[2025-02-21T09:05:03.333+0000] {sync_mysql_dag.py:186} INFO - Inserting amount data: {
  "id": 77,
  "item_id": "TCT02",
  "amount": 375,
  "import_time": "2025-02-21T04:10:05",
  "store_id": "STORE_MYSQL"
}
[2025-02-21T09:05:03.336+0000] {sync_mysql_dag.py:206} INFO - Successfully processed amount for ID: 77
[2025-02-21T09:05:03.337+0000] {sync_mysql_dag.py:186} INFO - Inserting amount data: {
  "id": 78,
  "item_id": "FDB12",
  "amount": 452,
  "import_time": "2025-02-21T04:10:05",
  "store_id": "STORE_MYSQL"
}
[2025-02-21T09:05:03.340+0000] {sync_mysql_dag.py:206} INFO - Successfully processed amount for ID: 78
[2025-02-21T09:05:03.341+0000] {sync_mysql_dag.py:186} INFO - Inserting amount data: {
  "id": 79,
  "item_id": "OCT48",
  "amount": 442,
  "import_time": "2025-02-21T04:10:05",
  "store_id": "STORE_MYSQL"
}
[2025-02-21T09:05:03.343+0000] {sync_mysql_dag.py:206} INFO - Successfully processed amount for ID: 79
[2025-02-21T09:05:03.344+0000] {sync_mysql_dag.py:186} INFO - Inserting amount data: {
  "id": 80,
  "item_id": "FDQ07",
  "amount": 97,
  "import_time": "2025-02-21T04:10:05",
  "store_id": "STORE_MYSQL"
}
[2025-02-21T09:05:03.347+0000] {sync_mysql_dag.py:206} INFO - Successfully processed amount for ID: 80
[2025-02-21T09:05:03.348+0000] {sync_mysql_dag.py:186} INFO - Inserting amount data: {
  "id": 81,
  "item_id": "DRF25",
  "amount": 342,
  "import_time": "2025-02-21T04:10:05",
  "store_id": "STORE_MYSQL"
}
[2025-02-21T09:05:03.350+0000] {sync_mysql_dag.py:206} INFO - Successfully processed amount for ID: 81
[2025-02-21T09:05:03.350+0000] {sync_mysql_dag.py:186} INFO - Inserting amount data: {
  "id": 82,
  "item_id": "FDG41",
  "amount": 139,
  "import_time": "2025-02-21T04:10:05",
  "store_id": "STORE_MYSQL"
}
[2025-02-21T09:05:03.353+0000] {sync_mysql_dag.py:206} INFO - Successfully processed amount for ID: 82
[2025-02-21T09:05:03.354+0000] {sync_mysql_dag.py:186} INFO - Inserting amount data: {
  "id": 83,
  "item_id": "FDX20",
  "amount": 198,
  "import_time": "2025-02-21T04:10:05",
  "store_id": "STORE_MYSQL"
}
[2025-02-21T09:05:03.356+0000] {sync_mysql_dag.py:206} INFO - Successfully processed amount for ID: 83
[2025-02-21T09:05:03.357+0000] {sync_mysql_dag.py:186} INFO - Inserting amount data: {
  "id": 84,
  "item_id": "TSH27",
  "amount": 42,
  "import_time": "2025-02-21T04:10:05",
  "store_id": "STORE_MYSQL"
}
[2025-02-21T09:05:03.360+0000] {sync_mysql_dag.py:206} INFO - Successfully processed amount for ID: 84
[2025-02-21T09:05:03.360+0000] {sync_mysql_dag.py:186} INFO - Inserting amount data: {
  "id": 85,
  "item_id": "BJK04",
  "amount": 338,
  "import_time": "2025-02-21T04:10:05",
  "store_id": "STORE_MYSQL"
}
[2025-02-21T09:05:03.364+0000] {sync_mysql_dag.py:206} INFO - Successfully processed amount for ID: 85
[2025-02-21T09:05:03.365+0000] {sync_mysql_dag.py:186} INFO - Inserting amount data: {
  "id": 86,
  "item_id": "FDM36",
  "amount": 369,
  "import_time": "2025-02-21T04:10:05",
  "store_id": "STORE_MYSQL"
}
[2025-02-21T09:05:03.368+0000] {sync_mysql_dag.py:206} INFO - Successfully processed amount for ID: 86
[2025-02-21T09:05:03.369+0000] {sync_mysql_dag.py:186} INFO - Inserting amount data: {
  "id": 87,
  "item_id": "FDL57",
  "amount": 183,
  "import_time": "2025-02-21T04:10:05",
  "store_id": "STORE_MYSQL"
}
[2025-02-21T09:05:03.372+0000] {sync_mysql_dag.py:206} INFO - Successfully processed amount for ID: 87
[2025-02-21T09:05:03.373+0000] {sync_mysql_dag.py:186} INFO - Inserting amount data: {
  "id": 88,
  "item_id": "NCL42",
  "amount": 331,
  "import_time": "2025-02-21T04:10:05",
  "store_id": "STORE_MYSQL"
}
[2025-02-21T09:05:03.377+0000] {sync_mysql_dag.py:206} INFO - Successfully processed amount for ID: 88
[2025-02-21T09:05:03.378+0000] {sync_mysql_dag.py:186} INFO - Inserting amount data: {
  "id": 89,
  "item_id": "FDJ36",
  "amount": 66,
  "import_time": "2025-02-21T04:10:05",
  "store_id": "STORE_MYSQL"
}
[2025-02-21T09:05:03.382+0000] {sync_mysql_dag.py:206} INFO - Successfully processed amount for ID: 89
[2025-02-21T09:05:03.383+0000] {sync_mysql_dag.py:186} INFO - Inserting amount data: {
  "id": 90,
  "item_id": "HDJ52",
  "amount": 389,
  "import_time": "2025-02-21T04:10:05",
  "store_id": "STORE_MYSQL"
}
[2025-02-21T09:05:03.391+0000] {sync_mysql_dag.py:206} INFO - Successfully processed amount for ID: 90
[2025-02-21T09:05:03.391+0000] {sync_mysql_dag.py:186} INFO - Inserting amount data: {
  "id": 91,
  "item_id": "DRL01",
  "amount": 173,
  "import_time": "2025-02-21T04:10:05",
  "store_id": "STORE_MYSQL"
}
[2025-02-21T09:05:03.395+0000] {sync_mysql_dag.py:206} INFO - Successfully processed amount for ID: 91
[2025-02-21T09:05:03.395+0000] {sync_mysql_dag.py:186} INFO - Inserting amount data: {
  "id": 92,
  "item_id": "PJB17",
  "amount": 118,
  "import_time": "2025-02-21T04:10:05",
  "store_id": "STORE_MYSQL"
}
[2025-02-21T09:05:03.398+0000] {sync_mysql_dag.py:206} INFO - Successfully processed amount for ID: 92
[2025-02-21T09:05:03.399+0000] {sync_mysql_dag.py:186} INFO - Inserting amount data: {
  "id": 93,
  "item_id": "HDJ57",
  "amount": 159,
  "import_time": "2025-02-21T04:10:05",
  "store_id": "STORE_MYSQL"
}
[2025-02-21T09:05:03.402+0000] {sync_mysql_dag.py:206} INFO - Successfully processed amount for ID: 93
[2025-02-21T09:05:03.403+0000] {sync_mysql_dag.py:186} INFO - Inserting amount data: {
  "id": 94,
  "item_id": "BJK35",
  "amount": 394,
  "import_time": "2025-02-21T04:10:05",
  "store_id": "STORE_MYSQL"
}
[2025-02-21T09:05:03.406+0000] {sync_mysql_dag.py:206} INFO - Successfully processed amount for ID: 94
[2025-02-21T09:05:03.407+0000] {sync_mysql_dag.py:186} INFO - Inserting amount data: {
  "id": 95,
  "item_id": "TCT39",
  "amount": 135,
  "import_time": "2025-02-21T04:10:05",
  "store_id": "STORE_MYSQL"
}
[2025-02-21T09:05:03.410+0000] {sync_mysql_dag.py:206} INFO - Successfully processed amount for ID: 95
[2025-02-21T09:05:03.411+0000] {sync_mysql_dag.py:186} INFO - Inserting amount data: {
  "id": 96,
  "item_id": "VST31",
  "amount": 179,
  "import_time": "2025-02-21T04:10:05",
  "store_id": "STORE_MYSQL"
}
[2025-02-21T09:05:03.415+0000] {sync_mysql_dag.py:206} INFO - Successfully processed amount for ID: 96
[2025-02-21T09:05:03.416+0000] {sync_mysql_dag.py:186} INFO - Inserting amount data: {
  "id": 97,
  "item_id": "OCT33",
  "amount": 4,
  "import_time": "2025-02-21T04:10:05",
  "store_id": "STORE_MYSQL"
}
[2025-02-21T09:05:03.419+0000] {sync_mysql_dag.py:206} INFO - Successfully processed amount for ID: 97
[2025-02-21T09:05:03.420+0000] {sync_mysql_dag.py:186} INFO - Inserting amount data: {
  "id": 98,
  "item_id": "DRS03",
  "amount": 447,
  "import_time": "2025-02-21T04:10:05",
  "store_id": "STORE_MYSQL"
}
[2025-02-21T09:05:03.423+0000] {sync_mysql_dag.py:206} INFO - Successfully processed amount for ID: 98
[2025-02-21T09:05:03.424+0000] {sync_mysql_dag.py:186} INFO - Inserting amount data: {
  "id": 99,
  "item_id": "LGS42",
  "amount": 430,
  "import_time": "2025-02-21T04:10:05",
  "store_id": "STORE_MYSQL"
}
[2025-02-21T09:05:03.427+0000] {sync_mysql_dag.py:206} INFO - Successfully processed amount for ID: 99
[2025-02-21T09:05:03.428+0000] {sync_mysql_dag.py:186} INFO - Inserting amount data: {
  "id": 100,
  "item_id": "FDX04",
  "amount": 453,
  "import_time": "2025-02-21T04:10:05",
  "store_id": "STORE_MYSQL"
}
[2025-02-21T09:05:03.432+0000] {sync_mysql_dag.py:206} INFO - Successfully processed amount for ID: 100
[2025-02-21T09:11:10.316+0000] {local_task_job_runner.py:294} WARNING - State of this instance has been externally set to failed. Terminating instance.
[2025-02-21T09:11:10.318+0000] {process_utils.py:131} INFO - Sending 15 to group 1099. PIDs of all processes in the group: [1099]
[2025-02-21T09:11:10.319+0000] {process_utils.py:86} INFO - Sending the signal 15 to group 1099
[2025-02-21T09:11:10.506+0000] {taskinstance.py:1632} ERROR - Received SIGTERM. Terminating subprocesses.
[2025-02-21T09:11:10.506+0000] {sync_mysql_dag.py:213} ERROR - Fatal error in amount consumer: Task received SIGTERM signal
[2025-02-21T09:11:10.507+0000] {sync_mysql_dag.py:217} INFO - Closing connections for amount consumer...
[2025-02-21T09:11:10.573+0000] {process_utils.py:79} INFO - Process psutil.Process(pid=1099, status='terminated', exitcode=0, started='09:04:49') (1099) terminated with exit code 0
